[ 2015-03-12T14:40:09+08:00 ] 127.0.0.1 /AppServer/
INFO: [ app_init ] --START--
INFO: Run Behavior\BuildLiteBehavior [ RunTime:0.000000s ]
INFO: [ app_init ] --END-- [ RunTime:0.093600s ]

[ 2015-03-12T14:40:18+08:00 ] 127.0.0.1 /AppServer/Home/Index/login
INFO: [ app_init ] --START--
INFO: Run Behavior\BuildLiteBehavior [ RunTime:0.000000s ]
INFO: [ app_init ] --END-- [ RunTime:0.000000s ]
INFO: [ app_begin ] --START--
INFO: Run Behavior\ReadHtmlCacheBehavior [ RunTime:0.000000s ]
INFO: [ app_begin ] --END-- [ RunTime:0.000000s ]
SQL: SHOW COLUMNS FROM `as_admin` [ RunTime:0.3233s ]
SQL: SELECT * FROM `as_admin` WHERE `admin_id` = 2011051309 AND `pwd` = '3d68e7f26ad605b7f4e392d9b59e8478' LIMIT 1   [ RunTime:0.0624s ]
SQL: SHOW COLUMNS FROM `as_loginrecord` [ RunTime:0.0936s ]
SQL: INSERT INTO `as_loginrecord` (`ip`,`location`,`time`,`admin_id`) VALUES ('127.0.0.1','本机地址','1426142418','2011051309') [ RunTime:0.0936s ]

[ 2015-03-12T14:40:18+08:00 ] 127.0.0.1 /AppServer/Home/Main/main
INFO: [ app_init ] --START--
INFO: Run Behavior\BuildLiteBehavior [ RunTime:0.000000s ]
INFO: [ app_init ] --END-- [ RunTime:0.000000s ]

[ 2015-03-12T14:40:18+08:00 ] 127.0.0.1 /AppServer/Home/Welcome/welcome?_=1426142418654
INFO: [ app_init ] --START--
INFO: Run Behavior\BuildLiteBehavior [ RunTime:0.000000s ]
INFO: [ app_init ] --END-- [ RunTime:0.000000s ]
INFO: [ app_begin ] --START--
INFO: Run Behavior\ReadHtmlCacheBehavior [ RunTime:0.000000s ]
INFO: [ app_begin ] --END-- [ RunTime:0.000000s ]
SQL: SHOW COLUMNS FROM `as_loginrecord` [ RunTime:0.0000s ]
SQL: SELECT * FROM `as_loginrecord` WHERE ( admin_id=2011051309 ) ORDER BY time desc LIMIT 1,1   [ RunTime:0.0156s ]
INFO: [ view_parse ] --START--
INFO: [ template_filter ] --START--
INFO: Run Behavior\ContentReplaceBehavior [ RunTime:0.000000s ]
INFO: [ template_filter ] --END-- [ RunTime:0.000000s ]
NOTIC: [8] Undefined variable: adminId E:\xampp\htdocs\AppServer\Application\Runtime\Cache\Home\1411f9e4eee539f864b2612c9e183031.php 第 4 行.
INFO: Run Behavior\ParseTemplateBehavior [ RunTime:0.093600s ]
INFO: [ view_parse ] --END-- [ RunTime:0.093600s ]
INFO: [ view_filter ] --START--
INFO: Run Behavior\WriteHtmlCacheBehavior [ RunTime:0.000000s ]
INFO: [ view_filter ] --END-- [ RunTime:0.000000s ]
INFO: [ app_end ] --START--
INFO: Run Behavior\ShowPageTraceBehavior [ RunTime:0.000000s ]
INFO: [ app_end ] --END-- [ RunTime:0.000000s ]

[ 2015-03-12T14:40:21+08:00 ] 127.0.0.1 /AppServer/Home/User/user?_=1426142418655
INFO: [ app_init ] --START--
INFO: Run Behavior\BuildLiteBehavior [ RunTime:0.000000s ]
INFO: [ app_init ] --END-- [ RunTime:0.000000s ]
INFO: [ app_begin ] --START--
INFO: Run Behavior\ReadHtmlCacheBehavior [ RunTime:0.000000s ]
INFO: [ app_begin ] --END-- [ RunTime:0.000000s ]
INFO: [ view_parse ] --START--
INFO: [ template_filter ] --START--
INFO: Run Behavior\ContentReplaceBehavior [ RunTime:0.000000s ]
INFO: [ template_filter ] --END-- [ RunTime:0.000000s ]
INFO: Run Behavior\ParseTemplateBehavior [ RunTime:0.031200s ]
INFO: [ view_parse ] --END-- [ RunTime:0.031200s ]
INFO: [ view_filter ] --START--
INFO: Run Behavior\WriteHtmlCacheBehavior [ RunTime:0.000000s ]
INFO: [ view_filter ] --END-- [ RunTime:0.000000s ]
INFO: [ app_end ] --START--
INFO: Run Behavior\ShowPageTraceBehavior [ RunTime:0.000000s ]
INFO: [ app_end ] --END-- [ RunTime:0.000000s ]

[ 2015-03-12T14:40:22+08:00 ] 127.0.0.1 /AppServer/Home/User/userList?currentPage=1&_=1426142418656
INFO: [ app_init ] --START--
INFO: Run Behavior\BuildLiteBehavior [ RunTime:0.000000s ]
INFO: [ app_init ] --END-- [ RunTime:0.000000s ]
INFO: [ app_begin ] --START--
INFO: Run Behavior\ReadHtmlCacheBehavior [ RunTime:0.000000s ]
INFO: [ app_begin ] --END-- [ RunTime:0.000000s ]
SQL: SHOW COLUMNS FROM `as_user` [ RunTime:0.1248s ]
SQL: SELECT COUNT(*) AS tp_count FROM `as_user` LIMIT 1   [ RunTime:0.0156s ]

[ 2015-03-12T14:40:22+08:00 ] 127.0.0.1 /AppServer/Home/User/userList?pagination=1&_=1426142418657
INFO: [ app_init ] --START--
INFO: Run Behavior\BuildLiteBehavior [ RunTime:0.000000s ]
INFO: [ app_init ] --END-- [ RunTime:0.000000s ]
INFO: [ app_begin ] --START--
INFO: Run Behavior\ReadHtmlCacheBehavior [ RunTime:0.000000s ]
INFO: [ app_begin ] --END-- [ RunTime:0.000000s ]
SQL: SHOW COLUMNS FROM `as_user` [ RunTime:0.0156s ]
SQL: SELECT COUNT(*) AS tp_count FROM `as_user` LIMIT 1   [ RunTime:0.0000s ]
SQL: SELECT `grade`,`student_id`,`name`,`email` FROM `as_user` ORDER BY grade asc, student_id asc LIMIT 0,3   [ RunTime:0.0000s ]

[ 2015-03-12T14:40:23+08:00 ] 127.0.0.1 /AppServer/Home/User/userList?pagination=2&_=1426142418658
INFO: [ app_init ] --START--
INFO: Run Behavior\BuildLiteBehavior [ RunTime:0.000000s ]
INFO: [ app_init ] --END-- [ RunTime:0.015600s ]
INFO: [ app_begin ] --START--
INFO: Run Behavior\ReadHtmlCacheBehavior [ RunTime:0.000000s ]
INFO: [ app_begin ] --END-- [ RunTime:0.000000s ]
SQL: SHOW COLUMNS FROM `as_user` [ RunTime:0.0000s ]
SQL: SELECT COUNT(*) AS tp_count FROM `as_user` LIMIT 1   [ RunTime:0.0000s ]
SQL: SELECT `grade`,`student_id`,`name`,`email` FROM `as_user` ORDER BY grade asc, student_id asc LIMIT 3,3   [ RunTime:0.0000s ]

[ 2015-03-12T14:40:24+08:00 ] 127.0.0.1 /AppServer/Home/User/userList?pagination=3&_=1426142418659
INFO: [ app_init ] --START--
INFO: Run Behavior\BuildLiteBehavior [ RunTime:0.000000s ]
INFO: [ app_init ] --END-- [ RunTime:0.015600s ]
INFO: [ app_begin ] --START--
INFO: Run Behavior\ReadHtmlCacheBehavior [ RunTime:0.000000s ]
INFO: [ app_begin ] --END-- [ RunTime:0.000000s ]
SQL: SHOW COLUMNS FROM `as_user` [ RunTime:0.0000s ]
SQL: SELECT COUNT(*) AS tp_count FROM `as_user` LIMIT 1   [ RunTime:0.0000s ]
SQL: SELECT `grade`,`student_id`,`name`,`email` FROM `as_user` ORDER BY grade asc, student_id asc LIMIT 6,3   [ RunTime:0.0000s ]

[ 2015-03-12T14:40:25+08:00 ] 127.0.0.1 /AppServer/Home/User/userList?pagination=4&_=1426142418660
INFO: [ app_init ] --START--
INFO: Run Behavior\BuildLiteBehavior [ RunTime:0.000000s ]
INFO: [ app_init ] --END-- [ RunTime:0.000000s ]
INFO: [ app_begin ] --START--
INFO: Run Behavior\ReadHtmlCacheBehavior [ RunTime:0.000000s ]
INFO: [ app_begin ] --END-- [ RunTime:0.000000s ]
SQL: SHOW COLUMNS FROM `as_user` [ RunTime:0.0156s ]
SQL: SELECT COUNT(*) AS tp_count FROM `as_user` LIMIT 1   [ RunTime:0.0000s ]
SQL: SELECT `grade`,`student_id`,`name`,`email` FROM `as_user` ORDER BY grade asc, student_id asc LIMIT 9,3   [ RunTime:0.0000s ]

[ 2015-03-12T14:40:26+08:00 ] 127.0.0.1 /AppServer/Home/User/userList?pagination=6&_=1426142418661
INFO: [ app_init ] --START--
INFO: Run Behavior\BuildLiteBehavior [ RunTime:0.000000s ]
INFO: [ app_init ] --END-- [ RunTime:0.000000s ]
INFO: [ app_begin ] --START--
INFO: Run Behavior\ReadHtmlCacheBehavior [ RunTime:0.000000s ]
INFO: [ app_begin ] --END-- [ RunTime:0.000000s ]
SQL: SHOW COLUMNS FROM `as_user` [ RunTime:0.0000s ]
SQL: SELECT COUNT(*) AS tp_count FROM `as_user` LIMIT 1   [ RunTime:0.0000s ]
SQL: SELECT `grade`,`student_id`,`name`,`email` FROM `as_user` ORDER BY grade asc, student_id asc LIMIT 15,3   [ RunTime:0.0000s ]

[ 2015-03-12T14:40:27+08:00 ] 127.0.0.1 /AppServer/Home/User/userList?pagination=7&_=1426142418662
INFO: [ app_init ] --START--
INFO: Run Behavior\BuildLiteBehavior [ RunTime:0.000000s ]
INFO: [ app_init ] --END-- [ RunTime:0.000000s ]
INFO: [ app_begin ] --START--
INFO: Run Behavior\ReadHtmlCacheBehavior [ RunTime:0.000000s ]
INFO: [ app_begin ] --END-- [ RunTime:0.000000s ]
SQL: SHOW COLUMNS FROM `as_user` [ RunTime:0.0000s ]
SQL: SELECT COUNT(*) AS tp_count FROM `as_user` LIMIT 1   [ RunTime:0.0000s ]
SQL: SELECT `grade`,`student_id`,`name`,`email` FROM `as_user` ORDER BY grade asc, student_id asc LIMIT 18,3   [ RunTime:0.0000s ]

[ 2015-03-12T14:40:28+08:00 ] 127.0.0.1 /AppServer/Home/User/userList?pagination=8&_=1426142418663
INFO: [ app_init ] --START--
INFO: Run Behavior\BuildLiteBehavior [ RunTime:0.000000s ]
INFO: [ app_init ] --END-- [ RunTime:0.000000s ]
INFO: [ app_begin ] --START--
INFO: Run Behavior\ReadHtmlCacheBehavior [ RunTime:0.000000s ]
INFO: [ app_begin ] --END-- [ RunTime:0.000000s ]
SQL: SHOW COLUMNS FROM `as_user` [ RunTime:0.0312s ]
SQL: SELECT COUNT(*) AS tp_count FROM `as_user` LIMIT 1   [ RunTime:0.0000s ]
SQL: SELECT `grade`,`student_id`,`name`,`email` FROM `as_user` ORDER BY grade asc, student_id asc LIMIT 21,3   [ RunTime:0.0000s ]

[ 2015-03-12T14:40:29+08:00 ] 127.0.0.1 /AppServer/Home/User/userList?pagination=9&_=1426142418664
INFO: [ app_init ] --START--
INFO: Run Behavior\BuildLiteBehavior [ RunTime:0.000000s ]
INFO: [ app_init ] --END-- [ RunTime:0.000000s ]
INFO: [ app_begin ] --START--
INFO: Run Behavior\ReadHtmlCacheBehavior [ RunTime:0.000000s ]
INFO: [ app_begin ] --END-- [ RunTime:0.000000s ]
SQL: SHOW COLUMNS FROM `as_user` [ RunTime:0.0156s ]
SQL: SELECT COUNT(*) AS tp_count FROM `as_user` LIMIT 1   [ RunTime:0.0000s ]
SQL: SELECT `grade`,`student_id`,`name`,`email` FROM `as_user` ORDER BY grade asc, student_id asc LIMIT 24,3   [ RunTime:0.0000s ]

[ 2015-03-12T14:44:58+08:00 ] 127.0.0.1 /AppServer/Home/User/userDelete
INFO: [ app_init ] --START--
INFO: Run Behavior\BuildLiteBehavior [ RunTime:0.000000s ]
INFO: [ app_init ] --END-- [ RunTime:0.015600s ]
INFO: [ app_begin ] --START--
INFO: Run Behavior\ReadHtmlCacheBehavior [ RunTime:0.000000s ]
INFO: [ app_begin ] --END-- [ RunTime:0.000000s ]

[ 2015-03-12T14:45:01+08:00 ] 127.0.0.1 /AppServer/Home/User/userDelete
INFO: [ app_init ] --START--
INFO: Run Behavior\BuildLiteBehavior [ RunTime:0.000000s ]
INFO: [ app_init ] --END-- [ RunTime:0.000000s ]
INFO: [ app_begin ] --START--
INFO: Run Behavior\ReadHtmlCacheBehavior [ RunTime:0.000000s ]
INFO: [ app_begin ] --END-- [ RunTime:0.000000s ]

[ 2015-03-12T14:55:00+08:00 ] 127.0.0.1 /AppServer/Home/Main/main
INFO: [ app_init ] --START--
INFO: Run Behavior\BuildLiteBehavior [ RunTime:0.000000s ]
INFO: [ app_init ] --END-- [ RunTime:0.000000s ]

[ 2015-03-12T14:55:00+08:00 ] 127.0.0.1 /AppServer/Home/Welcome/welcome?_=1426143300666
INFO: [ app_init ] --START--
INFO: Run Behavior\BuildLiteBehavior [ RunTime:0.000000s ]
INFO: [ app_init ] --END-- [ RunTime:0.000000s ]
INFO: [ app_begin ] --START--
INFO: Run Behavior\ReadHtmlCacheBehavior [ RunTime:0.000000s ]
INFO: [ app_begin ] --END-- [ RunTime:0.000000s ]
SQL: SHOW COLUMNS FROM `as_loginrecord` [ RunTime:0.0312s ]
SQL: SELECT * FROM `as_loginrecord` WHERE ( admin_id=2011051309 ) ORDER BY time desc LIMIT 1,1   [ RunTime:0.0000s ]
INFO: [ view_parse ] --START--
INFO: [ template_filter ] --START--
INFO: Run Behavior\ContentReplaceBehavior [ RunTime:0.000000s ]
INFO: [ template_filter ] --END-- [ RunTime:0.000000s ]
NOTIC: [8] Undefined variable: adminId E:\xampp\htdocs\AppServer\Application\Runtime\Cache\Home\1411f9e4eee539f864b2612c9e183031.php 第 4 行.
INFO: Run Behavior\ParseTemplateBehavior [ RunTime:0.000000s ]
INFO: [ view_parse ] --END-- [ RunTime:0.000000s ]
INFO: [ view_filter ] --START--
INFO: Run Behavior\WriteHtmlCacheBehavior [ RunTime:0.000000s ]
INFO: [ view_filter ] --END-- [ RunTime:0.000000s ]
INFO: [ app_end ] --START--
INFO: Run Behavior\ShowPageTraceBehavior [ RunTime:0.000000s ]
INFO: [ app_end ] --END-- [ RunTime:0.000000s ]

[ 2015-03-12T14:55:04+08:00 ] 127.0.0.1 /AppServer/Home/User/user?_=1426143300667
INFO: [ app_init ] --START--
INFO: Run Behavior\BuildLiteBehavior [ RunTime:0.000000s ]
INFO: [ app_init ] --END-- [ RunTime:0.000000s ]
INFO: [ app_begin ] --START--
INFO: Run Behavior\ReadHtmlCacheBehavior [ RunTime:0.000000s ]
INFO: [ app_begin ] --END-- [ RunTime:0.000000s ]
INFO: [ view_parse ] --START--
INFO: [ template_filter ] --START--
INFO: Run Behavior\ContentReplaceBehavior [ RunTime:0.000000s ]
INFO: [ template_filter ] --END-- [ RunTime:0.000000s ]
INFO: Run Behavior\ParseTemplateBehavior [ RunTime:0.046800s ]
INFO: [ view_parse ] --END-- [ RunTime:0.046800s ]
INFO: [ view_filter ] --START--
INFO: Run Behavior\WriteHtmlCacheBehavior [ RunTime:0.000000s ]
INFO: [ view_filter ] --END-- [ RunTime:0.000000s ]
INFO: [ app_end ] --START--
INFO: Run Behavior\ShowPageTraceBehavior [ RunTime:0.000000s ]
INFO: [ app_end ] --END-- [ RunTime:0.000000s ]

[ 2015-03-12T14:55:04+08:00 ] 127.0.0.1 /AppServer/Home/User/userList?currentPage=1&_=1426143300668
INFO: [ app_init ] --START--
INFO: Run Behavior\BuildLiteBehavior [ RunTime:0.000000s ]
INFO: [ app_init ] --END-- [ RunTime:0.000000s ]
INFO: [ app_begin ] --START--
INFO: Run Behavior\ReadHtmlCacheBehavior [ RunTime:0.000000s ]
INFO: [ app_begin ] --END-- [ RunTime:0.000000s ]
SQL: SHOW COLUMNS FROM `as_user` [ RunTime:0.0000s ]
SQL: SELECT COUNT(*) AS tp_count FROM `as_user` LIMIT 1   [ RunTime:0.0000s ]

[ 2015-03-12T14:55:04+08:00 ] 127.0.0.1 /AppServer/Home/User/userList?pagination=1&_=1426143300669
INFO: [ app_init ] --START--
INFO: Run Behavior\BuildLiteBehavior [ RunTime:0.000000s ]
INFO: [ app_init ] --END-- [ RunTime:0.000000s ]
INFO: [ app_begin ] --START--
INFO: Run Behavior\ReadHtmlCacheBehavior [ RunTime:0.000000s ]
INFO: [ app_begin ] --END-- [ RunTime:0.000000s ]
SQL: SHOW COLUMNS FROM `as_user` [ RunTime:0.0000s ]
SQL: SELECT COUNT(*) AS tp_count FROM `as_user` LIMIT 1   [ RunTime:0.0000s ]
SQL: SELECT `grade`,`student_id`,`name`,`email` FROM `as_user` ORDER BY grade asc, student_id asc LIMIT 0,3   [ RunTime:0.0000s ]

[ 2015-03-12T14:55:07+08:00 ] 127.0.0.1 /AppServer/Home/User/userDelete
INFO: [ app_init ] --START--
INFO: Run Behavior\BuildLiteBehavior [ RunTime:0.000000s ]
INFO: [ app_init ] --END-- [ RunTime:0.000000s ]
INFO: [ app_begin ] --START--
INFO: Run Behavior\ReadHtmlCacheBehavior [ RunTime:0.000000s ]
INFO: [ app_begin ] --END-- [ RunTime:0.000000s ]
NOTIC: [8] Undefined variable: User E:\xampp\htdocs\AppServer\Application\Home\Controller\UserController.class.php 第 41 行.

[ 2015-03-12T14:58:42+08:00 ] 127.0.0.1 /AppServer/Home/User/userDelete
INFO: [ app_init ] --START--
INFO: Run Behavior\BuildLiteBehavior [ RunTime:0.000000s ]
INFO: [ app_init ] --END-- [ RunTime:0.000000s ]
INFO: [ app_begin ] --START--
INFO: Run Behavior\ReadHtmlCacheBehavior [ RunTime:0.000000s ]
INFO: [ app_begin ] --END-- [ RunTime:0.000000s ]
SQL: SHOW COLUMNS FROM `as_user` [ RunTime:0.0156s ]

[ 2015-03-12T14:59:17+08:00 ] 127.0.0.1 /AppServer/Home/Main/main
INFO: [ app_init ] --START--
INFO: Run Behavior\BuildLiteBehavior [ RunTime:0.000000s ]
INFO: [ app_init ] --END-- [ RunTime:0.000000s ]

[ 2015-03-12T14:59:17+08:00 ] 127.0.0.1 /AppServer/Home/Welcome/welcome?_=1426143557199
INFO: [ app_init ] --START--
INFO: Run Behavior\BuildLiteBehavior [ RunTime:0.000000s ]
INFO: [ app_init ] --END-- [ RunTime:0.000000s ]
INFO: [ app_begin ] --START--
INFO: Run Behavior\ReadHtmlCacheBehavior [ RunTime:0.000000s ]
INFO: [ app_begin ] --END-- [ RunTime:0.000000s ]
SQL: SHOW COLUMNS FROM `as_loginrecord` [ RunTime:0.0000s ]
SQL: SELECT * FROM `as_loginrecord` WHERE ( admin_id=2011051309 ) ORDER BY time desc LIMIT 1,1   [ RunTime:0.0000s ]
INFO: [ view_parse ] --START--
INFO: [ template_filter ] --START--
INFO: Run Behavior\ContentReplaceBehavior [ RunTime:0.000000s ]
INFO: [ template_filter ] --END-- [ RunTime:0.000000s ]
NOTIC: [8] Undefined variable: adminId E:\xampp\htdocs\AppServer\Application\Runtime\Cache\Home\1411f9e4eee539f864b2612c9e183031.php 第 4 行.
INFO: Run Behavior\ParseTemplateBehavior [ RunTime:0.015600s ]
INFO: [ view_parse ] --END-- [ RunTime:0.015600s ]
INFO: [ view_filter ] --START--
INFO: Run Behavior\WriteHtmlCacheBehavior [ RunTime:0.000000s ]
INFO: [ view_filter ] --END-- [ RunTime:0.000000s ]
INFO: [ app_end ] --START--
INFO: Run Behavior\ShowPageTraceBehavior [ RunTime:0.000000s ]
INFO: [ app_end ] --END-- [ RunTime:0.000000s ]

[ 2015-03-12T14:59:19+08:00 ] 127.0.0.1 /AppServer/Home/User/user?_=1426143557200
INFO: [ app_init ] --START--
INFO: Run Behavior\BuildLiteBehavior [ RunTime:0.000000s ]
INFO: [ app_init ] --END-- [ RunTime:0.000000s ]
INFO: [ app_begin ] --START--
INFO: Run Behavior\ReadHtmlCacheBehavior [ RunTime:0.000000s ]
INFO: [ app_begin ] --END-- [ RunTime:0.000000s ]
INFO: [ view_parse ] --START--
INFO: [ template_filter ] --START--
INFO: Run Behavior\ContentReplaceBehavior [ RunTime:0.000000s ]
INFO: [ template_filter ] --END-- [ RunTime:0.000000s ]
INFO: Run Behavior\ParseTemplateBehavior [ RunTime:0.015600s ]
INFO: [ view_parse ] --END-- [ RunTime:0.015600s ]
INFO: [ view_filter ] --START--
INFO: Run Behavior\WriteHtmlCacheBehavior [ RunTime:0.000000s ]
INFO: [ view_filter ] --END-- [ RunTime:0.000000s ]
INFO: [ app_end ] --START--
INFO: Run Behavior\ShowPageTraceBehavior [ RunTime:0.000000s ]
INFO: [ app_end ] --END-- [ RunTime:0.000000s ]

[ 2015-03-12T14:59:19+08:00 ] 127.0.0.1 /AppServer/Home/User/userList?currentPage=1&_=1426143557201
INFO: [ app_init ] --START--
INFO: Run Behavior\BuildLiteBehavior [ RunTime:0.000000s ]
INFO: [ app_init ] --END-- [ RunTime:0.000000s ]
INFO: [ app_begin ] --START--
INFO: Run Behavior\ReadHtmlCacheBehavior [ RunTime:0.000000s ]
INFO: [ app_begin ] --END-- [ RunTime:0.000000s ]
SQL: SHOW COLUMNS FROM `as_user` [ RunTime:0.0000s ]
SQL: SELECT COUNT(*) AS tp_count FROM `as_user` LIMIT 1   [ RunTime:0.0000s ]

[ 2015-03-12T14:59:19+08:00 ] 127.0.0.1 /AppServer/Home/User/userList?pagination=1&_=1426143557202
INFO: [ app_init ] --START--
INFO: Run Behavior\BuildLiteBehavior [ RunTime:0.000000s ]
INFO: [ app_init ] --END-- [ RunTime:0.000000s ]
INFO: [ app_begin ] --START--
INFO: Run Behavior\ReadHtmlCacheBehavior [ RunTime:0.000000s ]
INFO: [ app_begin ] --END-- [ RunTime:0.000000s ]
SQL: SHOW COLUMNS FROM `as_user` [ RunTime:0.0000s ]
SQL: SELECT COUNT(*) AS tp_count FROM `as_user` LIMIT 1   [ RunTime:0.0000s ]
SQL: SELECT `grade`,`student_id`,`name`,`email` FROM `as_user` ORDER BY grade asc, student_id asc LIMIT 0,3   [ RunTime:0.0000s ]

[ 2015-03-12T14:59:25+08:00 ] 127.0.0.1 /AppServer/Home/Main/main
INFO: [ app_init ] --START--
INFO: Run Behavior\BuildLiteBehavior [ RunTime:0.000000s ]
INFO: [ app_init ] --END-- [ RunTime:0.000000s ]

[ 2015-03-12T14:59:25+08:00 ] 127.0.0.1 /AppServer/Home/Welcome/welcome?_=1426143565408
INFO: [ app_init ] --START--
INFO: Run Behavior\BuildLiteBehavior [ RunTime:0.000000s ]
INFO: [ app_init ] --END-- [ RunTime:0.000000s ]
INFO: [ app_begin ] --START--
INFO: Run Behavior\ReadHtmlCacheBehavior [ RunTime:0.000000s ]
INFO: [ app_begin ] --END-- [ RunTime:0.000000s ]
SQL: SHOW COLUMNS FROM `as_loginrecord` [ RunTime:0.0624s ]
SQL: SELECT * FROM `as_loginrecord` WHERE ( admin_id=2011051309 ) ORDER BY time desc LIMIT 1,1   [ RunTime:0.0000s ]
INFO: [ view_parse ] --START--
INFO: [ template_filter ] --START--
INFO: Run Behavior\ContentReplaceBehavior [ RunTime:0.000000s ]
INFO: [ template_filter ] --END-- [ RunTime:0.000000s ]
NOTIC: [8] Undefined variable: adminId E:\xampp\htdocs\AppServer\Application\Runtime\Cache\Home\1411f9e4eee539f864b2612c9e183031.php 第 4 行.
INFO: Run Behavior\ParseTemplateBehavior [ RunTime:0.015600s ]
INFO: [ view_parse ] --END-- [ RunTime:0.015600s ]
INFO: [ view_filter ] --START--
INFO: Run Behavior\WriteHtmlCacheBehavior [ RunTime:0.000000s ]
INFO: [ view_filter ] --END-- [ RunTime:0.000000s ]
INFO: [ app_end ] --START--
INFO: Run Behavior\ShowPageTraceBehavior [ RunTime:0.000000s ]
INFO: [ app_end ] --END-- [ RunTime:0.000000s ]

[ 2015-03-12T14:59:26+08:00 ] 127.0.0.1 /AppServer/Home/User/user?_=1426143565409
INFO: [ app_init ] --START--
INFO: Run Behavior\BuildLiteBehavior [ RunTime:0.000000s ]
INFO: [ app_init ] --END-- [ RunTime:0.000000s ]
INFO: [ app_begin ] --START--
INFO: Run Behavior\ReadHtmlCacheBehavior [ RunTime:0.000000s ]
INFO: [ app_begin ] --END-- [ RunTime:0.000000s ]
INFO: [ view_parse ] --START--
INFO: [ template_filter ] --START--
INFO: Run Behavior\ContentReplaceBehavior [ RunTime:0.000000s ]
INFO: [ template_filter ] --END-- [ RunTime:0.000000s ]
INFO: Run Behavior\ParseTemplateBehavior [ RunTime:0.000000s ]
INFO: [ view_parse ] --END-- [ RunTime:0.000000s ]
INFO: [ view_filter ] --START--
INFO: Run Behavior\WriteHtmlCacheBehavior [ RunTime:0.000000s ]
INFO: [ view_filter ] --END-- [ RunTime:0.000000s ]
INFO: [ app_end ] --START--
INFO: Run Behavior\ShowPageTraceBehavior [ RunTime:0.000000s ]
INFO: [ app_end ] --END-- [ RunTime:0.000000s ]

[ 2015-03-12T14:59:26+08:00 ] 127.0.0.1 /AppServer/Home/User/userList?currentPage=1&_=1426143565410
INFO: [ app_init ] --START--
INFO: Run Behavior\BuildLiteBehavior [ RunTime:0.000000s ]
INFO: [ app_init ] --END-- [ RunTime:0.000000s ]
INFO: [ app_begin ] --START--
INFO: Run Behavior\ReadHtmlCacheBehavior [ RunTime:0.000000s ]
INFO: [ app_begin ] --END-- [ RunTime:0.000000s ]
SQL: SHOW COLUMNS FROM `as_user` [ RunTime:0.0156s ]
SQL: SELECT COUNT(*) AS tp_count FROM `as_user` LIMIT 1   [ RunTime:0.0000s ]

[ 2015-03-12T14:59:26+08:00 ] 127.0.0.1 /AppServer/Home/User/userList?pagination=1&_=1426143565411
INFO: [ app_init ] --START--
INFO: Run Behavior\BuildLiteBehavior [ RunTime:0.000000s ]
INFO: [ app_init ] --END-- [ RunTime:0.000000s ]
INFO: [ app_begin ] --START--
INFO: Run Behavior\ReadHtmlCacheBehavior [ RunTime:0.000000s ]
INFO: [ app_begin ] --END-- [ RunTime:0.000000s ]
SQL: SHOW COLUMNS FROM `as_user` [ RunTime:0.0000s ]
SQL: SELECT COUNT(*) AS tp_count FROM `as_user` LIMIT 1   [ RunTime:0.0000s ]
SQL: SELECT `grade`,`student_id`,`name`,`email` FROM `as_user` ORDER BY grade asc, student_id asc LIMIT 0,3   [ RunTime:0.0000s ]

[ 2015-03-12T14:59:27+08:00 ] 127.0.0.1 /AppServer/Home/User/userDelete
INFO: [ app_init ] --START--
INFO: Run Behavior\BuildLiteBehavior [ RunTime:0.000000s ]
INFO: [ app_init ] --END-- [ RunTime:0.000000s ]
INFO: [ app_begin ] --START--
INFO: Run Behavior\ReadHtmlCacheBehavior [ RunTime:0.000000s ]
INFO: [ app_begin ] --END-- [ RunTime:0.000000s ]
SQL: SHOW COLUMNS FROM `as_user` [ RunTime:0.0156s ]

[ 2015-03-12T14:59:31+08:00 ] 127.0.0.1 /AppServer/Home/User/userDelete
INFO: [ app_init ] --START--
INFO: Run Behavior\BuildLiteBehavior [ RunTime:0.000000s ]
INFO: [ app_init ] --END-- [ RunTime:0.015600s ]
INFO: [ app_begin ] --START--
INFO: Run Behavior\ReadHtmlCacheBehavior [ RunTime:0.000000s ]
INFO: [ app_begin ] --END-- [ RunTime:0.000000s ]
SQL: SHOW COLUMNS FROM `as_user` [ RunTime:0.0000s ]

[ 2015-03-12T14:59:34+08:00 ] 127.0.0.1 /AppServer/Home/User/userDelete
INFO: [ app_init ] --START--
INFO: Run Behavior\BuildLiteBehavior [ RunTime:0.000000s ]
INFO: [ app_init ] --END-- [ RunTime:0.000000s ]
INFO: [ app_begin ] --START--
INFO: Run Behavior\ReadHtmlCacheBehavior [ RunTime:0.000000s ]
INFO: [ app_begin ] --END-- [ RunTime:0.000000s ]
SQL: SHOW COLUMNS FROM `as_user` [ RunTime:0.0000s ]

[ 2015-03-12T14:59:46+08:00 ] 127.0.0.1 /AppServer/Home/User/userDelete
INFO: [ app_init ] --START--
INFO: Run Behavior\BuildLiteBehavior [ RunTime:0.000000s ]
INFO: [ app_init ] --END-- [ RunTime:0.015600s ]
INFO: [ app_begin ] --START--
INFO: Run Behavior\ReadHtmlCacheBehavior [ RunTime:0.000000s ]
INFO: [ app_begin ] --END-- [ RunTime:0.000000s ]
SQL: SHOW COLUMNS FROM `as_user` [ RunTime:0.0000s ]

[ 2015-03-12T16:56:58+08:00 ] 127.0.0.1 /AppServer/
INFO: [ app_init ] --START--
INFO: Run Behavior\BuildLiteBehavior [ RunTime:0.000000s ]
INFO: [ app_init ] --END-- [ RunTime:0.000000s ]

[ 2015-03-12T16:58:12+08:00 ] 127.0.0.1 /AppServer/
INFO: [ app_init ] --START--
INFO: Run Behavior\BuildLiteBehavior [ RunTime:0.000000s ]
INFO: [ app_init ] --END-- [ RunTime:0.000000s ]

[ 2015-03-12T16:58:47+08:00 ] 127.0.0.1 /AppServer/Home/User/userDelete?admin_id=2011051309
INFO: [ app_init ] --START--
INFO: Run Behavior\BuildLiteBehavior [ RunTime:0.000000s ]
INFO: [ app_init ] --END-- [ RunTime:0.000000s ]

[ 2015-03-12T16:59:00+08:00 ] 127.0.0.1 /AppServer/Home/Main/main
INFO: [ app_init ] --START--
INFO: Run Behavior\BuildLiteBehavior [ RunTime:0.000000s ]
INFO: [ app_init ] --END-- [ RunTime:0.000000s ]

[ 2015-03-12T16:59:01+08:00 ] 127.0.0.1 /AppServer/Home/Welcome/welcome?_=1426150741017
INFO: [ app_init ] --START--
INFO: Run Behavior\BuildLiteBehavior [ RunTime:0.000000s ]
INFO: [ app_init ] --END-- [ RunTime:0.000000s ]
INFO: [ app_begin ] --START--
INFO: Run Behavior\ReadHtmlCacheBehavior [ RunTime:0.000000s ]
INFO: [ app_begin ] --END-- [ RunTime:0.000000s ]
SQL: SHOW COLUMNS FROM `as_loginrecord` [ RunTime:0.0468s ]
SQL: SELECT * FROM `as_loginrecord` WHERE ( admin_id=2011051309 ) ORDER BY time desc LIMIT 1,1   [ RunTime:0.0000s ]
INFO: [ view_parse ] --START--
INFO: [ template_filter ] --START--
INFO: Run Behavior\ContentReplaceBehavior [ RunTime:0.000000s ]
INFO: [ template_filter ] --END-- [ RunTime:0.000000s ]
NOTIC: [8] Undefined variable: adminId E:\xampp\htdocs\AppServer\Application\Runtime\Cache\Home\1411f9e4eee539f864b2612c9e183031.php 第 4 行.
INFO: Run Behavior\ParseTemplateBehavior [ RunTime:0.015600s ]
INFO: [ view_parse ] --END-- [ RunTime:0.015600s ]
INFO: [ view_filter ] --START--
INFO: Run Behavior\WriteHtmlCacheBehavior [ RunTime:0.000000s ]
INFO: [ view_filter ] --END-- [ RunTime:0.000000s ]
INFO: [ app_end ] --START--
INFO: Run Behavior\ShowPageTraceBehavior [ RunTime:0.000000s ]
INFO: [ app_end ] --END-- [ RunTime:0.000000s ]

[ 2015-03-12T17:13:10+08:00 ] 127.0.0.1 /AppServer/Home/User/userDelete?admin_id=2011051309
INFO: [ app_init ] --START--
INFO: Run Behavior\BuildLiteBehavior [ RunTime:0.000000s ]
INFO: [ app_init ] --END-- [ RunTime:0.000000s ]

[ 2015-03-12T19:17:09+08:00 ] 127.0.0.1 /AppServer/Home/Main/main
INFO: [ app_init ] --START--
INFO: Run Behavior\BuildLiteBehavior [ RunTime:0.000000s ]
INFO: [ app_init ] --END-- [ RunTime:0.015600s ]

[ 2015-03-12T19:17:16+08:00 ] 127.0.0.1 /AppServer/Home/Welcome/welcome?_=1426159030682
INFO: [ app_init ] --START--
INFO: Run Behavior\BuildLiteBehavior [ RunTime:0.000000s ]
INFO: [ app_init ] --END-- [ RunTime:0.000000s ]
INFO: [ app_begin ] --START--
INFO: Run Behavior\ReadHtmlCacheBehavior [ RunTime:0.000000s ]
INFO: [ app_begin ] --END-- [ RunTime:0.000000s ]
SQL: SHOW COLUMNS FROM `as_loginrecord` [ RunTime:1.6692s ]
SQL: SELECT * FROM `as_loginrecord` WHERE ( admin_id=2011051309 ) ORDER BY time desc LIMIT 1,1   [ RunTime:0.2028s ]
INFO: [ view_parse ] --START--
INFO: [ template_filter ] --START--
INFO: Run Behavior\ContentReplaceBehavior [ RunTime:0.000000s ]
INFO: [ template_filter ] --END-- [ RunTime:0.000000s ]
NOTIC: [8] Undefined variable: adminId E:\xampp\htdocs\AppServer\Application\Runtime\Cache\Home\1411f9e4eee539f864b2612c9e183031.php 第 4 行.
INFO: Run Behavior\ParseTemplateBehavior [ RunTime:0.078000s ]
INFO: [ view_parse ] --END-- [ RunTime:0.078000s ]
INFO: [ view_filter ] --START--
INFO: Run Behavior\WriteHtmlCacheBehavior [ RunTime:0.000000s ]
INFO: [ view_filter ] --END-- [ RunTime:0.000000s ]
INFO: [ app_end ] --START--
INFO: Run Behavior\ShowPageTraceBehavior [ RunTime:0.000000s ]
INFO: [ app_end ] --END-- [ RunTime:0.000000s ]

[ 2015-03-12T19:17:21+08:00 ] 127.0.0.1 /AppServer/Home/User/userDelete?admin_id=2011051309
INFO: [ app_init ] --START--
INFO: Run Behavior\BuildLiteBehavior [ RunTime:0.000000s ]
INFO: [ app_init ] --END-- [ RunTime:0.000000s ]

[ 2015-03-12T19:22:12+08:00 ] 127.0.0.1 /AppServer/Home/User/userDelete?admin_id=2011051309
INFO: [ app_init ] --START--
INFO: Run Behavior\BuildLiteBehavior [ RunTime:0.000000s ]
INFO: [ app_init ] --END-- [ RunTime:0.000000s ]

[ 2015-03-12T19:22:14+08:00 ] 127.0.0.1 /AppServer/Home/User/userDelete?admin_id=2011051309
INFO: [ app_init ] --START--
INFO: Run Behavior\BuildLiteBehavior [ RunTime:0.000000s ]
INFO: [ app_init ] --END-- [ RunTime:0.000000s ]

[ 2015-03-12T19:22:55+08:00 ] 127.0.0.1 /AppServer/
INFO: [ app_init ] --START--
INFO: Run Behavior\BuildLiteBehavior [ RunTime:0.000000s ]
INFO: [ app_init ] --END-- [ RunTime:0.000000s ]

[ 2015-03-12T19:23:00+08:00 ] 127.0.0.1 /AppServer/Home/User/userDelete?admin_id=2011051309
INFO: [ app_init ] --START--
INFO: Run Behavior\BuildLiteBehavior [ RunTime:0.000000s ]
INFO: [ app_init ] --END-- [ RunTime:0.001000s ]

[ 2015-03-12T19:23:07+08:00 ] 127.0.0.1 /AppServer/Home/Index/login
INFO: [ app_init ] --START--
INFO: Run Behavior\BuildLiteBehavior [ RunTime:0.000000s ]
INFO: [ app_init ] --END-- [ RunTime:0.001000s ]
INFO: [ app_begin ] --START--
INFO: Run Behavior\ReadHtmlCacheBehavior [ RunTime:0.001000s ]
INFO: [ app_begin ] --END-- [ RunTime:0.001000s ]
SQL: SHOW COLUMNS FROM `as_admin` [ RunTime:0.0860s ]
SQL: SELECT * FROM `as_admin` WHERE `admin_id` = 2011051309 AND `pwd` = '3d68e7f26ad605b7f4e392d9b59e8478' LIMIT 1   [ RunTime:0.0770s ]
SQL: SHOW COLUMNS FROM `as_loginrecord` [ RunTime:0.0310s ]
SQL: INSERT INTO `as_loginrecord` (`ip`,`location`,`time`,`admin_id`) VALUES ('127.0.0.1','本机地址','1426159387','2011051309') [ RunTime:0.4050s ]

[ 2015-03-12T19:23:08+08:00 ] 127.0.0.1 /AppServer/Home/Main/main
INFO: [ app_init ] --START--
INFO: Run Behavior\BuildLiteBehavior [ RunTime:0.000000s ]
INFO: [ app_init ] --END-- [ RunTime:0.000000s ]

[ 2015-03-12T19:23:08+08:00 ] 127.0.0.1 /AppServer/Home/Welcome/welcome?_=1426159388112
INFO: [ app_init ] --START--
INFO: Run Behavior\BuildLiteBehavior [ RunTime:0.000000s ]
INFO: [ app_init ] --END-- [ RunTime:0.001000s ]
INFO: [ app_begin ] --START--
INFO: Run Behavior\ReadHtmlCacheBehavior [ RunTime:0.000000s ]
INFO: [ app_begin ] --END-- [ RunTime:0.000000s ]
SQL: SHOW COLUMNS FROM `as_loginrecord` [ RunTime:0.0270s ]
SQL: SELECT * FROM `as_loginrecord` WHERE ( admin_id=2011051309 ) ORDER BY time desc LIMIT 1,1   [ RunTime:0.0010s ]
INFO: [ view_parse ] --START--
INFO: [ template_filter ] --START--
INFO: Run Behavior\ContentReplaceBehavior [ RunTime:0.000000s ]
INFO: [ template_filter ] --END-- [ RunTime:0.000000s ]
NOTIC: [8] Undefined variable: adminId E:\xampp\htdocs\AppServer\Application\Runtime\Cache\Home\1411f9e4eee539f864b2612c9e183031.php 第 4 行.
INFO: Run Behavior\ParseTemplateBehavior [ RunTime:0.007001s ]
INFO: [ view_parse ] --END-- [ RunTime:0.007001s ]
INFO: [ view_filter ] --START--
INFO: Run Behavior\WriteHtmlCacheBehavior [ RunTime:0.000000s ]
INFO: [ view_filter ] --END-- [ RunTime:0.000000s ]
INFO: [ app_end ] --START--
INFO: Run Behavior\ShowPageTraceBehavior [ RunTime:0.000000s ]
INFO: [ app_end ] --END-- [ RunTime:0.000000s ]

[ 2015-03-12T19:23:11+08:00 ] 127.0.0.1 /AppServer/Home/User/userDelete?admin_id=2011051309
INFO: [ app_init ] --START--
INFO: Run Behavior\BuildLiteBehavior [ RunTime:0.000000s ]
INFO: [ app_init ] --END-- [ RunTime:0.000000s ]

[ 2015-03-12T19:23:30+08:00 ] 127.0.0.1 /AppServer/Home/User/userDelete?admin_id=2011051309
INFO: [ app_init ] --START--
INFO: Run Behavior\BuildLiteBehavior [ RunTime:0.000000s ]
INFO: [ app_init ] --END-- [ RunTime:0.001000s ]

[ 2015-03-12T19:26:26+08:00 ] 127.0.0.1 /AppServer/Home/User/userDelete?admin_id=2011051309
INFO: [ app_init ] --START--
INFO: Run Behavior\BuildLiteBehavior [ RunTime:0.000000s ]
INFO: [ app_init ] --END-- [ RunTime:0.000000s ]

[ 2015-03-12T19:29:30+08:00 ] 127.0.0.1 /AppServer/Home/User/userDelete?admin_id=2011051309
INFO: [ app_init ] --START--
INFO: Run Behavior\BuildLiteBehavior [ RunTime:0.000000s ]
INFO: [ app_init ] --END-- [ RunTime:0.000000s ]

[ 2015-03-12T19:30:16+08:00 ] 127.0.0.1 /AppServer/Home/User/userDelete?admin_id=2011051309
INFO: [ app_init ] --START--
INFO: Run Behavior\BuildLiteBehavior [ RunTime:0.000000s ]
INFO: [ app_init ] --END-- [ RunTime:0.000000s ]

[ 2015-03-12T19:34:56+08:00 ] 127.0.0.1 /AppServer/Home/User/userDelete?admin_id=2011051309
INFO: [ app_init ] --START--
INFO: Run Behavior\BuildLiteBehavior [ RunTime:0.000000s ]
INFO: [ app_init ] --END-- [ RunTime:0.000000s ]

[ 2015-03-12T19:36:37+08:00 ] 127.0.0.1 /AppServer/Home/User/userDelete?admin_id=2011051309
INFO: [ app_init ] --START--
INFO: Run Behavior\BuildLiteBehavior [ RunTime:0.000000s ]
INFO: [ app_init ] --END-- [ RunTime:0.000000s ]

[ 2015-03-12T19:36:49+08:00 ] 127.0.0.1 /AppServer/Home/User/userDelete?admin_id=2011051309
INFO: [ app_init ] --START--
INFO: Run Behavior\BuildLiteBehavior [ RunTime:0.000000s ]
INFO: [ app_init ] --END-- [ RunTime:0.001000s ]

[ 2015-03-12T19:39:32+08:00 ] 127.0.0.1 /AppServer/Home/Main/main
INFO: [ app_init ] --START--
INFO: Run Behavior\BuildLiteBehavior [ RunTime:0.000000s ]
INFO: [ app_init ] --END-- [ RunTime:0.000000s ]

[ 2015-03-12T19:39:33+08:00 ] 127.0.0.1 /AppServer/Home/Welcome/welcome?_=1426160373397
INFO: [ app_init ] --START--
INFO: Run Behavior\BuildLiteBehavior [ RunTime:0.000000s ]
INFO: [ app_init ] --END-- [ RunTime:0.000000s ]
INFO: [ app_begin ] --START--
INFO: Run Behavior\ReadHtmlCacheBehavior [ RunTime:0.000000s ]
INFO: [ app_begin ] --END-- [ RunTime:0.000000s ]
SQL: SHOW COLUMNS FROM `as_loginrecord` [ RunTime:0.0312s ]
SQL: SELECT * FROM `as_loginrecord` WHERE ( admin_id=2011051309 ) ORDER BY time desc LIMIT 1,1   [ RunTime:0.0000s ]
INFO: [ view_parse ] --START--
INFO: [ template_filter ] --START--
INFO: Run Behavior\ContentReplaceBehavior [ RunTime:0.000000s ]
INFO: [ template_filter ] --END-- [ RunTime:0.000000s ]
NOTIC: [8] Undefined variable: adminId E:\xampp\htdocs\AppServer\Application\Runtime\Cache\Home\1411f9e4eee539f864b2612c9e183031.php 第 4 行.
INFO: Run Behavior\ParseTemplateBehavior [ RunTime:0.015600s ]
INFO: [ view_parse ] --END-- [ RunTime:0.015600s ]
INFO: [ view_filter ] --START--
INFO: Run Behavior\WriteHtmlCacheBehavior [ RunTime:0.000000s ]
INFO: [ view_filter ] --END-- [ RunTime:0.000000s ]
INFO: [ app_end ] --START--
INFO: Run Behavior\ShowPageTraceBehavior [ RunTime:0.000000s ]
INFO: [ app_end ] --END-- [ RunTime:0.000000s ]

[ 2015-03-12T20:11:42+08:00 ] 127.0.0.1 /AppServer/Home/Main/main
INFO: [ app_init ] --START--
INFO: Run Behavior\BuildLiteBehavior [ RunTime:0.000000s ]
INFO: [ app_init ] --END-- [ RunTime:0.001000s ]

[ 2015-03-12T20:11:43+08:00 ] 127.0.0.1 /AppServer/Home/Welcome/welcome?_=1426162302914
INFO: [ app_init ] --START--
INFO: Run Behavior\BuildLiteBehavior [ RunTime:0.000000s ]
INFO: [ app_init ] --END-- [ RunTime:0.001000s ]
INFO: [ app_begin ] --START--
INFO: Run Behavior\ReadHtmlCacheBehavior [ RunTime:0.001000s ]
INFO: [ app_begin ] --END-- [ RunTime:0.001000s ]
SQL: SHOW COLUMNS FROM `as_loginrecord` [ RunTime:0.0370s ]
SQL: SELECT * FROM `as_loginrecord` WHERE ( admin_id=2011051309 ) ORDER BY time desc LIMIT 1,1   [ RunTime:0.0000s ]
INFO: [ view_parse ] --START--
INFO: [ template_filter ] --START--
INFO: Run Behavior\ContentReplaceBehavior [ RunTime:0.000000s ]
INFO: [ template_filter ] --END-- [ RunTime:0.000000s ]
NOTIC: [8] Undefined variable: adminId E:\xampp\htdocs\AppServer\Application\Runtime\Cache\Home\1411f9e4eee539f864b2612c9e183031.php 第 4 行.
INFO: Run Behavior\ParseTemplateBehavior [ RunTime:0.023002s ]
INFO: [ view_parse ] --END-- [ RunTime:0.023002s ]
INFO: [ view_filter ] --START--
INFO: Run Behavior\WriteHtmlCacheBehavior [ RunTime:0.001000s ]
INFO: [ view_filter ] --END-- [ RunTime:0.001000s ]
INFO: [ app_end ] --START--
INFO: Run Behavior\ShowPageTraceBehavior [ RunTime:0.001000s ]
INFO: [ app_end ] --END-- [ RunTime:0.001000s ]

[ 2015-03-12T20:12:45+08:00 ] 127.0.0.1 /AppServer/Home/User/userDelete?admin_id=2011051309
INFO: [ app_init ] --START--
INFO: Run Behavior\BuildLiteBehavior [ RunTime:0.000000s ]
INFO: [ app_init ] --END-- [ RunTime:0.000000s ]

[ 2015-03-12T20:31:35+08:00 ] 127.0.0.1 /AppServer/Home/User/user?_=1426162302915
INFO: [ app_init ] --START--
INFO: Run Behavior\BuildLiteBehavior [ RunTime:0.000000s ]
INFO: [ app_init ] --END-- [ RunTime:0.000000s ]
INFO: [ app_begin ] --START--
INFO: Run Behavior\ReadHtmlCacheBehavior [ RunTime:0.015600s ]
INFO: [ app_begin ] --END-- [ RunTime:0.015600s ]
INFO: [ view_parse ] --START--
INFO: [ template_filter ] --START--
INFO: Run Behavior\ContentReplaceBehavior [ RunTime:0.000000s ]
INFO: [ template_filter ] --END-- [ RunTime:0.000000s ]
INFO: Run Behavior\ParseTemplateBehavior [ RunTime:0.078000s ]
INFO: [ view_parse ] --END-- [ RunTime:0.078000s ]
INFO: [ view_filter ] --START--
INFO: Run Behavior\WriteHtmlCacheBehavior [ RunTime:0.000000s ]
INFO: [ view_filter ] --END-- [ RunTime:0.000000s ]
INFO: [ app_end ] --START--
INFO: Run Behavior\ShowPageTraceBehavior [ RunTime:0.000000s ]
INFO: [ app_end ] --END-- [ RunTime:0.000000s ]

[ 2015-03-12T20:31:35+08:00 ] 127.0.0.1 /AppServer/Home/User/userList?currentPage=1&_=1426162302916
INFO: [ app_init ] --START--
INFO: Run Behavior\BuildLiteBehavior [ RunTime:0.000000s ]
INFO: [ app_init ] --END-- [ RunTime:0.000000s ]
INFO: [ app_begin ] --START--
INFO: Run Behavior\ReadHtmlCacheBehavior [ RunTime:0.000000s ]
INFO: [ app_begin ] --END-- [ RunTime:0.000000s ]
SQL: SHOW COLUMNS FROM `as_user` [ RunTime:0.0312s ]
SQL: SELECT COUNT(*) AS tp_count FROM `as_user` LIMIT 1   [ RunTime:0.0624s ]

[ 2015-03-12T20:31:35+08:00 ] 127.0.0.1 /AppServer/Home/User/userList?pagination=1&_=1426162302917
INFO: [ app_init ] --START--
INFO: Run Behavior\BuildLiteBehavior [ RunTime:0.000000s ]
INFO: [ app_init ] --END-- [ RunTime:0.000000s ]
INFO: [ app_begin ] --START--
INFO: Run Behavior\ReadHtmlCacheBehavior [ RunTime:0.000000s ]
INFO: [ app_begin ] --END-- [ RunTime:0.000000s ]
SQL: SHOW COLUMNS FROM `as_user` [ RunTime:0.0156s ]
SQL: SELECT COUNT(*) AS tp_count FROM `as_user` LIMIT 1   [ RunTime:0.0000s ]
SQL: SELECT `grade`,`student_id`,`name`,`email` FROM `as_user` ORDER BY grade asc, student_id asc LIMIT 0,3   [ RunTime:0.0156s ]

[ 2015-03-12T23:27:42+08:00 ] 127.0.0.1 /AppServer/Home/Main/main
INFO: [ app_init ] --START--
INFO: Run Behavior\BuildLiteBehavior [ RunTime:0.000000s ]
INFO: [ app_init ] --END-- [ RunTime:0.000000s ]

[ 2015-03-12T23:27:43+08:00 ] 127.0.0.1 /AppServer/Home/Welcome/welcome?_=1426174062662
INFO: [ app_init ] --START--
INFO: Run Behavior\BuildLiteBehavior [ RunTime:0.000000s ]
INFO: [ app_init ] --END-- [ RunTime:0.000000s ]
INFO: [ app_begin ] --START--
INFO: Run Behavior\ReadHtmlCacheBehavior [ RunTime:0.000000s ]
INFO: [ app_begin ] --END-- [ RunTime:0.000000s ]
SQL: SHOW COLUMNS FROM `as_loginrecord` [ RunTime:0.0312s ]
SQL: SELECT * FROM `as_loginrecord` WHERE ( admin_id=2011051309 ) ORDER BY time desc LIMIT 1,1   [ RunTime:0.0000s ]
INFO: [ view_parse ] --START--
INFO: [ template_filter ] --START--
INFO: Run Behavior\ContentReplaceBehavior [ RunTime:0.000000s ]
INFO: [ template_filter ] --END-- [ RunTime:0.000000s ]
NOTIC: [8] Undefined variable: adminId E:\xampp\htdocs\AppServer\Application\Runtime\Cache\Home\1411f9e4eee539f864b2612c9e183031.php 第 4 行.
INFO: Run Behavior\ParseTemplateBehavior [ RunTime:0.046800s ]
INFO: [ view_parse ] --END-- [ RunTime:0.046800s ]
INFO: [ view_filter ] --START--
INFO: Run Behavior\WriteHtmlCacheBehavior [ RunTime:0.000000s ]
INFO: [ view_filter ] --END-- [ RunTime:0.000000s ]
INFO: [ app_end ] --START--
INFO: Run Behavior\ShowPageTraceBehavior [ RunTime:0.000000s ]
INFO: [ app_end ] --END-- [ RunTime:0.000000s ]

[ 2015-03-12T23:27:55+08:00 ] 127.0.0.1 /AppServer/Home/User/user?_=1426174062663
INFO: [ app_init ] --START--
INFO: Run Behavior\BuildLiteBehavior [ RunTime:0.000000s ]
INFO: [ app_init ] --END-- [ RunTime:0.000000s ]
INFO: [ app_begin ] --START--
INFO: Run Behavior\ReadHtmlCacheBehavior [ RunTime:0.000000s ]
INFO: [ app_begin ] --END-- [ RunTime:0.000000s ]
INFO: [ view_parse ] --START--
INFO: [ template_filter ] --START--
INFO: Run Behavior\ContentReplaceBehavior [ RunTime:0.000000s ]
INFO: [ template_filter ] --END-- [ RunTime:0.000000s ]
INFO: Run Behavior\ParseTemplateBehavior [ RunTime:0.093600s ]
INFO: [ view_parse ] --END-- [ RunTime:0.093600s ]
INFO: [ view_filter ] --START--
INFO: Run Behavior\WriteHtmlCacheBehavior [ RunTime:0.000000s ]
INFO: [ view_filter ] --END-- [ RunTime:0.000000s ]
INFO: [ app_end ] --START--
INFO: Run Behavior\ShowPageTraceBehavior [ RunTime:0.000000s ]
INFO: [ app_end ] --END-- [ RunTime:0.000000s ]

[ 2015-03-12T23:27:56+08:00 ] 127.0.0.1 /AppServer/Home/User/userList?currentPage=1&_=1426174062664
INFO: [ app_init ] --START--
INFO: Run Behavior\BuildLiteBehavior [ RunTime:0.000000s ]
INFO: [ app_init ] --END-- [ RunTime:0.000000s ]
INFO: [ app_begin ] --START--
INFO: Run Behavior\ReadHtmlCacheBehavior [ RunTime:0.000000s ]
INFO: [ app_begin ] --END-- [ RunTime:0.000000s ]
SQL: SHOW COLUMNS FROM `as_user` [ RunTime:0.0312s ]
SQL: SELECT COUNT(*) AS tp_count FROM `as_user` LIMIT 1   [ RunTime:0.2340s ]

[ 2015-03-12T23:27:56+08:00 ] 127.0.0.1 /AppServer/Home/User/userList?pagination=1&_=1426174062665
INFO: [ app_init ] --START--
INFO: Run Behavior\BuildLiteBehavior [ RunTime:0.000000s ]
INFO: [ app_init ] --END-- [ RunTime:0.000000s ]
INFO: [ app_begin ] --START--
INFO: Run Behavior\ReadHtmlCacheBehavior [ RunTime:0.000000s ]
INFO: [ app_begin ] --END-- [ RunTime:0.000000s ]
SQL: SHOW COLUMNS FROM `as_user` [ RunTime:0.0156s ]
SQL: SELECT COUNT(*) AS tp_count FROM `as_user` LIMIT 1   [ RunTime:0.0000s ]
SQL: SELECT `grade`,`student_id`,`name`,`email` FROM `as_user` ORDER BY grade asc, student_id asc LIMIT 0,3   [ RunTime:0.0156s ]

[ 2015-03-12T23:28:13+08:00 ] 127.0.0.1 /AppServer/Home/User/userDelete
INFO: [ app_init ] --START--
INFO: Run Behavior\BuildLiteBehavior [ RunTime:0.000000s ]
INFO: [ app_init ] --END-- [ RunTime:0.000000s ]
INFO: [ app_begin ] --START--
INFO: Run Behavior\ReadHtmlCacheBehavior [ RunTime:0.000000s ]
INFO: [ app_begin ] --END-- [ RunTime:0.000000s ]
SQL: SHOW COLUMNS FROM `as_user` [ RunTime:0.0000s ]

[ 2015-03-12T23:29:24+08:00 ] 127.0.0.1 /AppServer/Home/Main/main
INFO: [ app_init ] --START--
INFO: Run Behavior\BuildLiteBehavior [ RunTime:0.000000s ]
INFO: [ app_init ] --END-- [ RunTime:0.000000s ]

[ 2015-03-12T23:29:24+08:00 ] 127.0.0.1 /AppServer/Home/Welcome/welcome?_=1426174164509
INFO: [ app_init ] --START--
INFO: Run Behavior\BuildLiteBehavior [ RunTime:0.000000s ]
INFO: [ app_init ] --END-- [ RunTime:0.000000s ]
INFO: [ app_begin ] --START--
INFO: Run Behavior\ReadHtmlCacheBehavior [ RunTime:0.000000s ]
INFO: [ app_begin ] --END-- [ RunTime:0.000000s ]
SQL: SHOW COLUMNS FROM `as_loginrecord` [ RunTime:0.0000s ]
SQL: SELECT * FROM `as_loginrecord` WHERE ( admin_id=2011051309 ) ORDER BY time desc LIMIT 1,1   [ RunTime:0.0000s ]
INFO: [ view_parse ] --START--
INFO: [ template_filter ] --START--
INFO: Run Behavior\ContentReplaceBehavior [ RunTime:0.000000s ]
INFO: [ template_filter ] --END-- [ RunTime:0.000000s ]
NOTIC: [8] Undefined variable: adminId E:\xampp\htdocs\AppServer\Application\Runtime\Cache\Home\1411f9e4eee539f864b2612c9e183031.php 第 4 行.
INFO: Run Behavior\ParseTemplateBehavior [ RunTime:0.015600s ]
INFO: [ view_parse ] --END-- [ RunTime:0.015600s ]
INFO: [ view_filter ] --START--
INFO: Run Behavior\WriteHtmlCacheBehavior [ RunTime:0.000000s ]
INFO: [ view_filter ] --END-- [ RunTime:0.000000s ]
INFO: [ app_end ] --START--
INFO: Run Behavior\ShowPageTraceBehavior [ RunTime:0.000000s ]
INFO: [ app_end ] --END-- [ RunTime:0.000000s ]

[ 2015-03-12T23:29:26+08:00 ] 127.0.0.1 /AppServer/Home/User/user?_=1426174164510
INFO: [ app_init ] --START--
INFO: Run Behavior\BuildLiteBehavior [ RunTime:0.000000s ]
INFO: [ app_init ] --END-- [ RunTime:0.000000s ]
INFO: [ app_begin ] --START--
INFO: Run Behavior\ReadHtmlCacheBehavior [ RunTime:0.000000s ]
INFO: [ app_begin ] --END-- [ RunTime:0.000000s ]
INFO: [ view_parse ] --START--
INFO: [ template_filter ] --START--
INFO: Run Behavior\ContentReplaceBehavior [ RunTime:0.000000s ]
INFO: [ template_filter ] --END-- [ RunTime:0.000000s ]
INFO: Run Behavior\ParseTemplateBehavior [ RunTime:0.015600s ]
INFO: [ view_parse ] --END-- [ RunTime:0.015600s ]
INFO: [ view_filter ] --START--
INFO: Run Behavior\WriteHtmlCacheBehavior [ RunTime:0.000000s ]
INFO: [ view_filter ] --END-- [ RunTime:0.000000s ]
INFO: [ app_end ] --START--
INFO: Run Behavior\ShowPageTraceBehavior [ RunTime:0.000000s ]
INFO: [ app_end ] --END-- [ RunTime:0.000000s ]

[ 2015-03-12T23:29:26+08:00 ] 127.0.0.1 /AppServer/Home/User/userList?currentPage=1&_=1426174164511
INFO: [ app_init ] --START--
INFO: Run Behavior\BuildLiteBehavior [ RunTime:0.000000s ]
INFO: [ app_init ] --END-- [ RunTime:0.000000s ]
INFO: [ app_begin ] --START--
INFO: Run Behavior\ReadHtmlCacheBehavior [ RunTime:0.000000s ]
INFO: [ app_begin ] --END-- [ RunTime:0.000000s ]
SQL: SHOW COLUMNS FROM `as_user` [ RunTime:0.0312s ]
SQL: SELECT COUNT(*) AS tp_count FROM `as_user` LIMIT 1   [ RunTime:0.0156s ]

[ 2015-03-12T23:29:26+08:00 ] 127.0.0.1 /AppServer/Home/User/userList?pagination=1&_=1426174164512
INFO: [ app_init ] --START--
INFO: Run Behavior\BuildLiteBehavior [ RunTime:0.000000s ]
INFO: [ app_init ] --END-- [ RunTime:0.000000s ]
INFO: [ app_begin ] --START--
INFO: Run Behavior\ReadHtmlCacheBehavior [ RunTime:0.000000s ]
INFO: [ app_begin ] --END-- [ RunTime:0.000000s ]
SQL: SHOW COLUMNS FROM `as_user` [ RunTime:0.0000s ]
SQL: SELECT COUNT(*) AS tp_count FROM `as_user` LIMIT 1   [ RunTime:0.0156s ]
SQL: SELECT `grade`,`student_id`,`name`,`email` FROM `as_user` ORDER BY grade asc, student_id asc LIMIT 0,3   [ RunTime:0.0000s ]

[ 2015-03-12T23:29:27+08:00 ] 127.0.0.1 /AppServer/Home/User/userDelete
INFO: [ app_init ] --START--
INFO: Run Behavior\BuildLiteBehavior [ RunTime:0.000000s ]
INFO: [ app_init ] --END-- [ RunTime:0.000000s ]
INFO: [ app_begin ] --START--
INFO: Run Behavior\ReadHtmlCacheBehavior [ RunTime:0.000000s ]
INFO: [ app_begin ] --END-- [ RunTime:0.000000s ]
SQL: SHOW COLUMNS FROM `as_user` [ RunTime:0.0000s ]
NOTIC: [8] Undefined variable: myfile E:\xampp\htdocs\AppServer\Application\Home\Controller\UserController.class.php 第 51 行.
NOTIC: [2] fclose() expects parameter 1 to be resource, null given E:\xampp\htdocs\AppServer\Application\Home\Controller\UserController.class.php 第 51 行.

[ 2015-03-12T23:30:05+08:00 ] 127.0.0.1 /AppServer/Home/User/userDelete
INFO: [ app_init ] --START--
INFO: Run Behavior\BuildLiteBehavior [ RunTime:0.000000s ]
INFO: [ app_init ] --END-- [ RunTime:0.000000s ]
INFO: [ app_begin ] --START--
INFO: Run Behavior\ReadHtmlCacheBehavior [ RunTime:0.000000s ]
INFO: [ app_begin ] --END-- [ RunTime:0.000000s ]
SQL: SHOW COLUMNS FROM `as_user` [ RunTime:0.0000s ]
NOTIC: [8] Undefined variable: myfile E:\xampp\htdocs\AppServer\Application\Home\Controller\UserController.class.php 第 51 行.
NOTIC: [2] fclose() expects parameter 1 to be resource, null given E:\xampp\htdocs\AppServer\Application\Home\Controller\UserController.class.php 第 51 行.

[ 2015-03-12T23:30:12+08:00 ] 127.0.0.1 /AppServer/Home/Main/main
INFO: [ app_init ] --START--
INFO: Run Behavior\BuildLiteBehavior [ RunTime:0.000000s ]
INFO: [ app_init ] --END-- [ RunTime:0.000000s ]

[ 2015-03-12T23:30:13+08:00 ] 127.0.0.1 /AppServer/Home/Welcome/welcome?_=1426174213010
INFO: [ app_init ] --START--
INFO: Run Behavior\BuildLiteBehavior [ RunTime:0.000000s ]
INFO: [ app_init ] --END-- [ RunTime:0.000000s ]
INFO: [ app_begin ] --START--
INFO: Run Behavior\ReadHtmlCacheBehavior [ RunTime:0.000000s ]
INFO: [ app_begin ] --END-- [ RunTime:0.000000s ]
SQL: SHOW COLUMNS FROM `as_loginrecord` [ RunTime:0.0000s ]
SQL: SELECT * FROM `as_loginrecord` WHERE ( admin_id=2011051309 ) ORDER BY time desc LIMIT 1,1   [ RunTime:0.0000s ]
INFO: [ view_parse ] --START--
INFO: [ template_filter ] --START--
INFO: Run Behavior\ContentReplaceBehavior [ RunTime:0.000000s ]
INFO: [ template_filter ] --END-- [ RunTime:0.000000s ]
NOTIC: [8] Undefined variable: adminId E:\xampp\htdocs\AppServer\Application\Runtime\Cache\Home\1411f9e4eee539f864b2612c9e183031.php 第 4 行.
INFO: Run Behavior\ParseTemplateBehavior [ RunTime:0.015600s ]
INFO: [ view_parse ] --END-- [ RunTime:0.015600s ]
INFO: [ view_filter ] --START--
INFO: Run Behavior\WriteHtmlCacheBehavior [ RunTime:0.000000s ]
INFO: [ view_filter ] --END-- [ RunTime:0.000000s ]
INFO: [ app_end ] --START--
INFO: Run Behavior\ShowPageTraceBehavior [ RunTime:0.000000s ]
INFO: [ app_end ] --END-- [ RunTime:0.000000s ]

[ 2015-03-12T23:30:14+08:00 ] 127.0.0.1 /AppServer/Home/User/user?_=1426174213011
INFO: [ app_init ] --START--
INFO: Run Behavior\BuildLiteBehavior [ RunTime:0.000000s ]
INFO: [ app_init ] --END-- [ RunTime:0.000000s ]
INFO: [ app_begin ] --START--
INFO: Run Behavior\ReadHtmlCacheBehavior [ RunTime:0.000000s ]
INFO: [ app_begin ] --END-- [ RunTime:0.000000s ]
INFO: [ view_parse ] --START--
INFO: [ template_filter ] --START--
INFO: Run Behavior\ContentReplaceBehavior [ RunTime:0.000000s ]
INFO: [ template_filter ] --END-- [ RunTime:0.000000s ]
INFO: Run Behavior\ParseTemplateBehavior [ RunTime:0.015600s ]
INFO: [ view_parse ] --END-- [ RunTime:0.015600s ]
INFO: [ view_filter ] --START--
INFO: Run Behavior\WriteHtmlCacheBehavior [ RunTime:0.000000s ]
INFO: [ view_filter ] --END-- [ RunTime:0.000000s ]
INFO: [ app_end ] --START--
INFO: Run Behavior\ShowPageTraceBehavior [ RunTime:0.000000s ]
INFO: [ app_end ] --END-- [ RunTime:0.000000s ]

[ 2015-03-12T23:30:14+08:00 ] 127.0.0.1 /AppServer/Home/User/userList?currentPage=1&_=1426174213012
INFO: [ app_init ] --START--
INFO: Run Behavior\BuildLiteBehavior [ RunTime:0.000000s ]
INFO: [ app_init ] --END-- [ RunTime:0.000000s ]
INFO: [ app_begin ] --START--
INFO: Run Behavior\ReadHtmlCacheBehavior [ RunTime:0.000000s ]
INFO: [ app_begin ] --END-- [ RunTime:0.000000s ]
SQL: SHOW COLUMNS FROM `as_user` [ RunTime:0.0156s ]
SQL: SELECT COUNT(*) AS tp_count FROM `as_user` LIMIT 1   [ RunTime:0.0000s ]

[ 2015-03-12T23:30:15+08:00 ] 127.0.0.1 /AppServer/Home/User/userList?pagination=1&_=1426174213013
INFO: [ app_init ] --START--
INFO: Run Behavior\BuildLiteBehavior [ RunTime:0.000000s ]
INFO: [ app_init ] --END-- [ RunTime:0.000000s ]
INFO: [ app_begin ] --START--
INFO: Run Behavior\ReadHtmlCacheBehavior [ RunTime:0.000000s ]
INFO: [ app_begin ] --END-- [ RunTime:0.000000s ]
SQL: SHOW COLUMNS FROM `as_user` [ RunTime:0.0000s ]
SQL: SELECT COUNT(*) AS tp_count FROM `as_user` LIMIT 1   [ RunTime:0.0000s ]
SQL: SELECT `grade`,`student_id`,`name`,`email` FROM `as_user` ORDER BY grade asc, student_id asc LIMIT 0,3   [ RunTime:0.0000s ]

[ 2015-03-12T23:30:16+08:00 ] 127.0.0.1 /AppServer/Home/User/userDelete
INFO: [ app_init ] --START--
INFO: Run Behavior\BuildLiteBehavior [ RunTime:0.000000s ]
INFO: [ app_init ] --END-- [ RunTime:0.000000s ]
INFO: [ app_begin ] --START--
INFO: Run Behavior\ReadHtmlCacheBehavior [ RunTime:0.000000s ]
INFO: [ app_begin ] --END-- [ RunTime:0.000000s ]
SQL: SHOW COLUMNS FROM `as_user` [ RunTime:0.0000s ]
NOTIC: [8] Undefined variable: myfile E:\xampp\htdocs\AppServer\Application\Home\Controller\UserController.class.php 第 51 行.
NOTIC: [2] fclose() expects parameter 1 to be resource, null given E:\xampp\htdocs\AppServer\Application\Home\Controller\UserController.class.php 第 51 行.

[ 2015-03-12T23:31:27+08:00 ] 127.0.0.1 /AppServer/Home/Main/main
INFO: [ app_init ] --START--
INFO: Run Behavior\BuildLiteBehavior [ RunTime:0.000000s ]
INFO: [ app_init ] --END-- [ RunTime:0.000000s ]

[ 2015-03-12T23:31:27+08:00 ] 127.0.0.1 /AppServer/Home/Welcome/welcome?_=1426174287739
INFO: [ app_init ] --START--
INFO: Run Behavior\BuildLiteBehavior [ RunTime:0.000000s ]
INFO: [ app_init ] --END-- [ RunTime:0.000000s ]
INFO: [ app_begin ] --START--
INFO: Run Behavior\ReadHtmlCacheBehavior [ RunTime:0.000000s ]
INFO: [ app_begin ] --END-- [ RunTime:0.000000s ]
SQL: SHOW COLUMNS FROM `as_loginrecord` [ RunTime:0.0156s ]
SQL: SELECT * FROM `as_loginrecord` WHERE ( admin_id=2011051309 ) ORDER BY time desc LIMIT 1,1   [ RunTime:0.0000s ]
INFO: [ view_parse ] --START--
INFO: [ template_filter ] --START--
INFO: Run Behavior\ContentReplaceBehavior [ RunTime:0.000000s ]
INFO: [ template_filter ] --END-- [ RunTime:0.000000s ]
NOTIC: [8] Undefined variable: adminId E:\xampp\htdocs\AppServer\Application\Runtime\Cache\Home\1411f9e4eee539f864b2612c9e183031.php 第 4 行.
INFO: Run Behavior\ParseTemplateBehavior [ RunTime:0.015600s ]
INFO: [ view_parse ] --END-- [ RunTime:0.015600s ]
INFO: [ view_filter ] --START--
INFO: Run Behavior\WriteHtmlCacheBehavior [ RunTime:0.000000s ]
INFO: [ view_filter ] --END-- [ RunTime:0.000000s ]
INFO: [ app_end ] --START--
INFO: Run Behavior\ShowPageTraceBehavior [ RunTime:0.000000s ]
INFO: [ app_end ] --END-- [ RunTime:0.000000s ]

[ 2015-03-12T23:31:29+08:00 ] 127.0.0.1 /AppServer/Home/User/user?_=1426174287740
INFO: [ app_init ] --START--
INFO: Run Behavior\BuildLiteBehavior [ RunTime:0.000000s ]
INFO: [ app_init ] --END-- [ RunTime:0.000000s ]
INFO: [ app_begin ] --START--
INFO: Run Behavior\ReadHtmlCacheBehavior [ RunTime:0.015600s ]
INFO: [ app_begin ] --END-- [ RunTime:0.015600s ]
INFO: [ view_parse ] --START--
INFO: [ template_filter ] --START--
INFO: Run Behavior\ContentReplaceBehavior [ RunTime:0.000000s ]
INFO: [ template_filter ] --END-- [ RunTime:0.000000s ]
INFO: Run Behavior\ParseTemplateBehavior [ RunTime:0.000000s ]
INFO: [ view_parse ] --END-- [ RunTime:0.000000s ]
INFO: [ view_filter ] --START--
INFO: Run Behavior\WriteHtmlCacheBehavior [ RunTime:0.000000s ]
INFO: [ view_filter ] --END-- [ RunTime:0.000000s ]
INFO: [ app_end ] --START--
INFO: Run Behavior\ShowPageTraceBehavior [ RunTime:0.000000s ]
INFO: [ app_end ] --END-- [ RunTime:0.000000s ]

[ 2015-03-12T23:31:29+08:00 ] 127.0.0.1 /AppServer/Home/User/userList?currentPage=1&_=1426174287741
INFO: [ app_init ] --START--
INFO: Run Behavior\BuildLiteBehavior [ RunTime:0.000000s ]
INFO: [ app_init ] --END-- [ RunTime:0.000000s ]
INFO: [ app_begin ] --START--
INFO: Run Behavior\ReadHtmlCacheBehavior [ RunTime:0.000000s ]
INFO: [ app_begin ] --END-- [ RunTime:0.000000s ]
SQL: SHOW COLUMNS FROM `as_user` [ RunTime:0.0000s ]
SQL: SELECT COUNT(*) AS tp_count FROM `as_user` LIMIT 1   [ RunTime:0.0000s ]

[ 2015-03-12T23:31:29+08:00 ] 127.0.0.1 /AppServer/Home/User/userList?pagination=1&_=1426174287742
INFO: [ app_init ] --START--
INFO: Run Behavior\BuildLiteBehavior [ RunTime:0.000000s ]
INFO: [ app_init ] --END-- [ RunTime:0.000000s ]
INFO: [ app_begin ] --START--
INFO: Run Behavior\ReadHtmlCacheBehavior [ RunTime:0.000000s ]
INFO: [ app_begin ] --END-- [ RunTime:0.000000s ]
SQL: SHOW COLUMNS FROM `as_user` [ RunTime:0.0000s ]
SQL: SELECT COUNT(*) AS tp_count FROM `as_user` LIMIT 1   [ RunTime:0.0000s ]
SQL: SELECT `grade`,`student_id`,`name`,`email` FROM `as_user` ORDER BY grade asc, student_id asc LIMIT 0,3   [ RunTime:0.0000s ]

[ 2015-03-12T23:31:30+08:00 ] 127.0.0.1 /AppServer/Home/User/userDelete
INFO: [ app_init ] --START--
INFO: Run Behavior\BuildLiteBehavior [ RunTime:0.000000s ]
INFO: [ app_init ] --END-- [ RunTime:0.000000s ]
INFO: [ app_begin ] --START--
INFO: Run Behavior\ReadHtmlCacheBehavior [ RunTime:0.000000s ]
INFO: [ app_begin ] --END-- [ RunTime:0.000000s ]
SQL: SHOW COLUMNS FROM `as_user` [ RunTime:0.0000s ]
NOTIC: [8] Undefined variable: myfile E:\xampp\htdocs\AppServer\Application\Home\Controller\UserController.class.php 第 51 行.
NOTIC: [2] fclose() expects parameter 1 to be resource, null given E:\xampp\htdocs\AppServer\Application\Home\Controller\UserController.class.php 第 51 行.

[ 2015-03-12T23:31:53+08:00 ] 127.0.0.1 /AppServer/Home/Main/main
INFO: [ app_init ] --START--
INFO: Run Behavior\BuildLiteBehavior [ RunTime:0.000000s ]
INFO: [ app_init ] --END-- [ RunTime:0.000000s ]

[ 2015-03-12T23:31:54+08:00 ] 127.0.0.1 /AppServer/Home/Welcome/welcome?_=1426174314069
INFO: [ app_init ] --START--
INFO: Run Behavior\BuildLiteBehavior [ RunTime:0.000000s ]
INFO: [ app_init ] --END-- [ RunTime:0.000000s ]
INFO: [ app_begin ] --START--
INFO: Run Behavior\ReadHtmlCacheBehavior [ RunTime:0.000000s ]
INFO: [ app_begin ] --END-- [ RunTime:0.000000s ]
SQL: SHOW COLUMNS FROM `as_loginrecord` [ RunTime:0.0312s ]
SQL: SELECT * FROM `as_loginrecord` WHERE ( admin_id=2011051309 ) ORDER BY time desc LIMIT 1,1   [ RunTime:0.0000s ]
INFO: [ view_parse ] --START--
INFO: [ template_filter ] --START--
INFO: Run Behavior\ContentReplaceBehavior [ RunTime:0.000000s ]
INFO: [ template_filter ] --END-- [ RunTime:0.000000s ]
NOTIC: [8] Undefined variable: adminId E:\xampp\htdocs\AppServer\Application\Runtime\Cache\Home\1411f9e4eee539f864b2612c9e183031.php 第 4 行.
INFO: Run Behavior\ParseTemplateBehavior [ RunTime:0.000000s ]
INFO: [ view_parse ] --END-- [ RunTime:0.000000s ]
INFO: [ view_filter ] --START--
INFO: Run Behavior\WriteHtmlCacheBehavior [ RunTime:0.000000s ]
INFO: [ view_filter ] --END-- [ RunTime:0.000000s ]
INFO: [ app_end ] --START--
INFO: Run Behavior\ShowPageTraceBehavior [ RunTime:0.000000s ]
INFO: [ app_end ] --END-- [ RunTime:0.000000s ]

[ 2015-03-12T23:31:56+08:00 ] 127.0.0.1 /AppServer/Home/User/user?_=1426174314070
INFO: [ app_init ] --START--
INFO: Run Behavior\BuildLiteBehavior [ RunTime:0.000000s ]
INFO: [ app_init ] --END-- [ RunTime:0.000000s ]
INFO: [ app_begin ] --START--
INFO: Run Behavior\ReadHtmlCacheBehavior [ RunTime:0.000000s ]
INFO: [ app_begin ] --END-- [ RunTime:0.000000s ]
INFO: [ view_parse ] --START--
INFO: [ template_filter ] --START--
INFO: Run Behavior\ContentReplaceBehavior [ RunTime:0.000000s ]
INFO: [ template_filter ] --END-- [ RunTime:0.000000s ]
INFO: Run Behavior\ParseTemplateBehavior [ RunTime:0.000000s ]
INFO: [ view_parse ] --END-- [ RunTime:0.000000s ]
INFO: [ view_filter ] --START--
INFO: Run Behavior\WriteHtmlCacheBehavior [ RunTime:0.015600s ]
INFO: [ view_filter ] --END-- [ RunTime:0.015600s ]
INFO: [ app_end ] --START--
INFO: Run Behavior\ShowPageTraceBehavior [ RunTime:0.000000s ]
INFO: [ app_end ] --END-- [ RunTime:0.000000s ]

[ 2015-03-12T23:31:56+08:00 ] 127.0.0.1 /AppServer/Home/User/userList?currentPage=1&_=1426174314071
INFO: [ app_init ] --START--
INFO: Run Behavior\BuildLiteBehavior [ RunTime:0.000000s ]
INFO: [ app_init ] --END-- [ RunTime:0.000000s ]
INFO: [ app_begin ] --START--
INFO: Run Behavior\ReadHtmlCacheBehavior [ RunTime:0.000000s ]
INFO: [ app_begin ] --END-- [ RunTime:0.000000s ]
SQL: SHOW COLUMNS FROM `as_user` [ RunTime:0.0000s ]
SQL: SELECT COUNT(*) AS tp_count FROM `as_user` LIMIT 1   [ RunTime:0.0000s ]

[ 2015-03-12T23:31:56+08:00 ] 127.0.0.1 /AppServer/Home/User/userList?pagination=1&_=1426174314072
INFO: [ app_init ] --START--
INFO: Run Behavior\BuildLiteBehavior [ RunTime:0.000000s ]
INFO: [ app_init ] --END-- [ RunTime:0.000000s ]
INFO: [ app_begin ] --START--
INFO: Run Behavior\ReadHtmlCacheBehavior [ RunTime:0.015600s ]
INFO: [ app_begin ] --END-- [ RunTime:0.015600s ]
SQL: SHOW COLUMNS FROM `as_user` [ RunTime:0.0000s ]
SQL: SELECT COUNT(*) AS tp_count FROM `as_user` LIMIT 1   [ RunTime:0.0000s ]
SQL: SELECT `grade`,`student_id`,`name`,`email` FROM `as_user` ORDER BY grade asc, student_id asc LIMIT 0,3   [ RunTime:0.0000s ]

[ 2015-03-12T23:31:57+08:00 ] 127.0.0.1 /AppServer/Home/User/userDelete
INFO: [ app_init ] --START--
INFO: Run Behavior\BuildLiteBehavior [ RunTime:0.000000s ]
INFO: [ app_init ] --END-- [ RunTime:0.015600s ]
INFO: [ app_begin ] --START--
INFO: Run Behavior\ReadHtmlCacheBehavior [ RunTime:0.000000s ]
INFO: [ app_begin ] --END-- [ RunTime:0.000000s ]
SQL: SHOW COLUMNS FROM `as_user` [ RunTime:0.0156s ]

[ 2015-03-12T23:50:38+08:00 ] 127.0.0.1 /AppServer/Home/Main/main
INFO: [ app_init ] --START--
INFO: Run Behavior\BuildLiteBehavior [ RunTime:0.000000s ]
INFO: [ app_init ] --END-- [ RunTime:0.015600s ]

[ 2015-03-12T23:50:39+08:00 ] 127.0.0.1 /AppServer/Home/Welcome/welcome?_=1426175438844
INFO: [ app_init ] --START--
INFO: Run Behavior\BuildLiteBehavior [ RunTime:0.000000s ]
INFO: [ app_init ] --END-- [ RunTime:0.000000s ]
INFO: [ app_begin ] --START--
INFO: Run Behavior\ReadHtmlCacheBehavior [ RunTime:0.000000s ]
INFO: [ app_begin ] --END-- [ RunTime:0.000000s ]
SQL: SHOW COLUMNS FROM `as_loginrecord` [ RunTime:0.0000s ]
SQL: SELECT * FROM `as_loginrecord` WHERE ( admin_id=2011051309 ) ORDER BY time desc LIMIT 1,1   [ RunTime:0.0156s ]
INFO: [ view_parse ] --START--
INFO: [ template_filter ] --START--
INFO: Run Behavior\ContentReplaceBehavior [ RunTime:0.000000s ]
INFO: [ template_filter ] --END-- [ RunTime:0.000000s ]
NOTIC: [8] Undefined variable: adminId E:\xampp\htdocs\AppServer\Application\Runtime\Cache\Home\1411f9e4eee539f864b2612c9e183031.php 第 4 行.
INFO: Run Behavior\ParseTemplateBehavior [ RunTime:0.000000s ]
INFO: [ view_parse ] --END-- [ RunTime:0.000000s ]
INFO: [ view_filter ] --START--
INFO: Run Behavior\WriteHtmlCacheBehavior [ RunTime:0.000000s ]
INFO: [ view_filter ] --END-- [ RunTime:0.000000s ]
INFO: [ app_end ] --START--
INFO: Run Behavior\ShowPageTraceBehavior [ RunTime:0.000000s ]
INFO: [ app_end ] --END-- [ RunTime:0.000000s ]

[ 2015-03-12T23:50:44+08:00 ] 127.0.0.1 /AppServer/Home/User/user?_=1426175438845
INFO: [ app_init ] --START--
INFO: Run Behavior\BuildLiteBehavior [ RunTime:0.000000s ]
INFO: [ app_init ] --END-- [ RunTime:0.015600s ]
INFO: [ app_begin ] --START--
INFO: Run Behavior\ReadHtmlCacheBehavior [ RunTime:0.000000s ]
INFO: [ app_begin ] --END-- [ RunTime:0.000000s ]
INFO: [ view_parse ] --START--
INFO: [ template_filter ] --START--
INFO: Run Behavior\ContentReplaceBehavior [ RunTime:0.000000s ]
INFO: [ template_filter ] --END-- [ RunTime:0.000000s ]
INFO: Run Behavior\ParseTemplateBehavior [ RunTime:0.000000s ]
INFO: [ view_parse ] --END-- [ RunTime:0.000000s ]
INFO: [ view_filter ] --START--
INFO: Run Behavior\WriteHtmlCacheBehavior [ RunTime:0.000000s ]
INFO: [ view_filter ] --END-- [ RunTime:0.000000s ]
INFO: [ app_end ] --START--
INFO: Run Behavior\ShowPageTraceBehavior [ RunTime:0.000000s ]
INFO: [ app_end ] --END-- [ RunTime:0.000000s ]

[ 2015-03-12T23:50:44+08:00 ] 127.0.0.1 /AppServer/Home/User/userList?currentPage=1&_=1426175438846
INFO: [ app_init ] --START--
INFO: Run Behavior\BuildLiteBehavior [ RunTime:0.000000s ]
INFO: [ app_init ] --END-- [ RunTime:0.000000s ]
INFO: [ app_begin ] --START--
INFO: Run Behavior\ReadHtmlCacheBehavior [ RunTime:0.000000s ]
INFO: [ app_begin ] --END-- [ RunTime:0.000000s ]
SQL: SHOW COLUMNS FROM `as_user` [ RunTime:0.0000s ]
SQL: SELECT COUNT(*) AS tp_count FROM `as_user` LIMIT 1   [ RunTime:0.0000s ]

[ 2015-03-12T23:50:44+08:00 ] 127.0.0.1 /AppServer/Home/User/userList?pagination=1&_=1426175438847
INFO: [ app_init ] --START--
INFO: Run Behavior\BuildLiteBehavior [ RunTime:0.000000s ]
INFO: [ app_init ] --END-- [ RunTime:0.000000s ]
INFO: [ app_begin ] --START--
INFO: Run Behavior\ReadHtmlCacheBehavior [ RunTime:0.000000s ]
INFO: [ app_begin ] --END-- [ RunTime:0.000000s ]
SQL: SHOW COLUMNS FROM `as_user` [ RunTime:0.0156s ]
SQL: SELECT COUNT(*) AS tp_count FROM `as_user` LIMIT 1   [ RunTime:0.0000s ]
SQL: SELECT `grade`,`student_id`,`name`,`email` FROM `as_user` ORDER BY grade asc, student_id asc LIMIT 0,3   [ RunTime:0.0000s ]

[ 2015-03-12T23:50:49+08:00 ] 127.0.0.1 /AppServer/Home/User/userList?pagination=13&_=1426175438848
INFO: [ app_init ] --START--
INFO: Run Behavior\BuildLiteBehavior [ RunTime:0.000000s ]
INFO: [ app_init ] --END-- [ RunTime:0.000000s ]
INFO: [ app_begin ] --START--
INFO: Run Behavior\ReadHtmlCacheBehavior [ RunTime:0.000000s ]
INFO: [ app_begin ] --END-- [ RunTime:0.000000s ]
SQL: SHOW COLUMNS FROM `as_user` [ RunTime:0.0156s ]
SQL: SELECT COUNT(*) AS tp_count FROM `as_user` LIMIT 1   [ RunTime:0.0000s ]
SQL: SELECT `grade`,`student_id`,`name`,`email` FROM `as_user` ORDER BY grade asc, student_id asc LIMIT 36,3   [ RunTime:0.0000s ]

[ 2015-03-12T23:56:22+08:00 ] 127.0.0.1 /AppServer/Home/Main/destroySession
INFO: [ app_init ] --START--
INFO: Run Behavior\BuildLiteBehavior [ RunTime:0.000000s ]
INFO: [ app_init ] --END-- [ RunTime:0.000000s ]
INFO: [ app_begin ] --START--
INFO: Run Behavior\ReadHtmlCacheBehavior [ RunTime:0.000000s ]
INFO: [ app_begin ] --END-- [ RunTime:0.000000s ]
INFO: [ app_end ] --START--
INFO: Run Behavior\ShowPageTraceBehavior [ RunTime:0.000000s ]
INFO: [ app_end ] --END-- [ RunTime:0.000000s ]

[ 2015-03-12T23:56:22+08:00 ] 127.0.0.1 /AppServer/
INFO: [ app_init ] --START--
INFO: Run Behavior\BuildLiteBehavior [ RunTime:0.000000s ]
INFO: [ app_init ] --END-- [ RunTime:0.000000s ]

[ 2015-03-12T23:56:29+08:00 ] 127.0.0.1 /AppServer/Home/Index/login
INFO: [ app_init ] --START--
INFO: Run Behavior\BuildLiteBehavior [ RunTime:0.000000s ]
INFO: [ app_init ] --END-- [ RunTime:0.000000s ]
INFO: [ app_begin ] --START--
INFO: Run Behavior\ReadHtmlCacheBehavior [ RunTime:0.000000s ]
INFO: [ app_begin ] --END-- [ RunTime:0.000000s ]
SQL: SHOW COLUMNS FROM `as_admin` [ RunTime:0.0000s ]
SQL: SELECT * FROM `as_admin` WHERE `admin_id` = 2011051309 AND `pwd` = '3d68e7f26ad605b7f4e392d9b59e8478' LIMIT 1   [ RunTime:0.0000s ]
SQL: SHOW COLUMNS FROM `as_loginrecord` [ RunTime:0.0000s ]
SQL: INSERT INTO `as_loginrecord` (`ip`,`location`,`time`,`admin_id`) VALUES ('127.0.0.1','本机地址','1426175789','2011051309') [ RunTime:0.1117s ]

[ 2015-03-12T23:56:29+08:00 ] 127.0.0.1 /AppServer/Home/Main/main
INFO: [ app_init ] --START--
INFO: Run Behavior\BuildLiteBehavior [ RunTime:0.000000s ]
INFO: [ app_init ] --END-- [ RunTime:0.000000s ]

[ 2015-03-12T23:56:30+08:00 ] 127.0.0.1 /AppServer/Home/Welcome/welcome?_=1426175789655
INFO: [ app_init ] --START--
INFO: Run Behavior\BuildLiteBehavior [ RunTime:0.000000s ]
INFO: [ app_init ] --END-- [ RunTime:0.000000s ]
INFO: [ app_begin ] --START--
INFO: Run Behavior\ReadHtmlCacheBehavior [ RunTime:0.000000s ]
INFO: [ app_begin ] --END-- [ RunTime:0.000000s ]
SQL: SHOW COLUMNS FROM `as_loginrecord` [ RunTime:0.0156s ]
SQL: SELECT * FROM `as_loginrecord` WHERE ( admin_id=2011051309 ) ORDER BY time desc LIMIT 1,1   [ RunTime:0.0000s ]
INFO: [ view_parse ] --START--
INFO: [ template_filter ] --START--
INFO: Run Behavior\ContentReplaceBehavior [ RunTime:0.000000s ]
INFO: [ template_filter ] --END-- [ RunTime:0.000000s ]
NOTIC: [8] Undefined variable: adminId E:\xampp\htdocs\AppServer\Application\Runtime\Cache\Home\1411f9e4eee539f864b2612c9e183031.php 第 4 行.
INFO: Run Behavior\ParseTemplateBehavior [ RunTime:0.015600s ]
INFO: [ view_parse ] --END-- [ RunTime:0.015600s ]
INFO: [ view_filter ] --START--
INFO: Run Behavior\WriteHtmlCacheBehavior [ RunTime:0.000000s ]
INFO: [ view_filter ] --END-- [ RunTime:0.000000s ]
INFO: [ app_end ] --START--
INFO: Run Behavior\ShowPageTraceBehavior [ RunTime:0.000000s ]
INFO: [ app_end ] --END-- [ RunTime:0.000000s ]

[ 2015-03-12T23:56:33+08:00 ] 127.0.0.1 /AppServer/Home/User/user?_=1426175789656
INFO: [ app_init ] --START--
INFO: Run Behavior\BuildLiteBehavior [ RunTime:0.000000s ]
INFO: [ app_init ] --END-- [ RunTime:0.000000s ]
INFO: [ app_begin ] --START--
INFO: Run Behavior\ReadHtmlCacheBehavior [ RunTime:0.015600s ]
INFO: [ app_begin ] --END-- [ RunTime:0.015600s ]
INFO: [ view_parse ] --START--
INFO: [ template_filter ] --START--
INFO: Run Behavior\ContentReplaceBehavior [ RunTime:0.000000s ]
INFO: [ template_filter ] --END-- [ RunTime:0.000000s ]
INFO: Run Behavior\ParseTemplateBehavior [ RunTime:0.000000s ]
INFO: [ view_parse ] --END-- [ RunTime:0.000000s ]
INFO: [ view_filter ] --START--
INFO: Run Behavior\WriteHtmlCacheBehavior [ RunTime:0.000000s ]
INFO: [ view_filter ] --END-- [ RunTime:0.000000s ]
INFO: [ app_end ] --START--
INFO: Run Behavior\ShowPageTraceBehavior [ RunTime:0.000000s ]
INFO: [ app_end ] --END-- [ RunTime:0.000000s ]

[ 2015-03-12T23:56:34+08:00 ] 127.0.0.1 /AppServer/Home/User/userList?currentPage=1&_=1426175789657
INFO: [ app_init ] --START--
INFO: Run Behavior\BuildLiteBehavior [ RunTime:0.000000s ]
INFO: [ app_init ] --END-- [ RunTime:0.000000s ]
INFO: [ app_begin ] --START--
INFO: Run Behavior\ReadHtmlCacheBehavior [ RunTime:0.000000s ]
INFO: [ app_begin ] --END-- [ RunTime:0.000000s ]
SQL: SHOW COLUMNS FROM `as_user` [ RunTime:0.0000s ]
SQL: SELECT COUNT(*) AS tp_count FROM `as_user` LIMIT 1   [ RunTime:0.0000s ]

[ 2015-03-12T23:56:34+08:00 ] 127.0.0.1 /AppServer/Home/User/userList?pagination=1&_=1426175789658
INFO: [ app_init ] --START--
INFO: Run Behavior\BuildLiteBehavior [ RunTime:0.000000s ]
INFO: [ app_init ] --END-- [ RunTime:0.000000s ]
INFO: [ app_begin ] --START--
INFO: Run Behavior\ReadHtmlCacheBehavior [ RunTime:0.000000s ]
INFO: [ app_begin ] --END-- [ RunTime:0.000000s ]
SQL: SHOW COLUMNS FROM `as_user` [ RunTime:0.0000s ]
SQL: SELECT COUNT(*) AS tp_count FROM `as_user` LIMIT 1   [ RunTime:0.0000s ]
SQL: SELECT `grade`,`student_id`,`name`,`email` FROM `as_user` ORDER BY grade asc, student_id asc LIMIT 0,3   [ RunTime:0.0000s ]

