[ 2015-02-20T23:38:00+08:00 ] 127.0.0.1 /AppServer/
INFO: [ app_init ] --START--
INFO: Run Behavior\BuildLiteBehavior [ RunTime:0.000000s ]
INFO: [ app_init ] --END-- [ RunTime:0.046800s ]

[ 2015-02-20T23:38:12+08:00 ] 127.0.0.1 /AppServer/Home/Index/login
INFO: [ app_init ] --START--
INFO: Run Behavior\BuildLiteBehavior [ RunTime:0.000000s ]
INFO: [ app_init ] --END-- [ RunTime:0.000000s ]
INFO: [ app_begin ] --START--
INFO: Run Behavior\ReadHtmlCacheBehavior [ RunTime:0.000000s ]
INFO: [ app_begin ] --END-- [ RunTime:0.000000s ]
SQL: SHOW COLUMNS FROM `as_admin` [ RunTime:0.1560s ]
SQL: SELECT * FROM `as_admin` WHERE `admin_id` = 2011051309 AND `pwd` = '3d68e7f26ad605b7f4e392d9b59e8478' LIMIT 1   [ RunTime:0.0312s ]
SQL: SHOW COLUMNS FROM `as_loginrecord` [ RunTime:0.0312s ]
SQL: INSERT INTO `as_loginrecord` (`ip`,`location`,`time`,`admin_id`) VALUES ('127.0.0.1','本机地址','1424446692','2011051309') [ RunTime:0.0624s ]

[ 2015-02-20T23:38:12+08:00 ] 127.0.0.1 /AppServer/Home/Main/main
INFO: [ app_init ] --START--
INFO: Run Behavior\BuildLiteBehavior [ RunTime:0.000000s ]
INFO: [ app_init ] --END-- [ RunTime:0.000000s ]

[ 2015-02-20T23:38:13+08:00 ] 127.0.0.1 /AppServer/Home/Welcome/welcome?_=1424446692698
INFO: [ app_init ] --START--
INFO: Run Behavior\BuildLiteBehavior [ RunTime:0.000000s ]
INFO: [ app_init ] --END-- [ RunTime:0.000000s ]
INFO: [ app_begin ] --START--
INFO: Run Behavior\ReadHtmlCacheBehavior [ RunTime:0.000000s ]
INFO: [ app_begin ] --END-- [ RunTime:0.000000s ]
SQL: SHOW COLUMNS FROM `as_loginrecord` [ RunTime:0.0156s ]
SQL: SELECT * FROM `as_loginrecord` WHERE ( admin_id=2011051309 ) ORDER BY time desc LIMIT 1,1   [ RunTime:0.0000s ]
INFO: [ view_parse ] --START--
INFO: [ template_filter ] --START--
INFO: Run Behavior\ContentReplaceBehavior [ RunTime:0.000000s ]
INFO: [ template_filter ] --END-- [ RunTime:0.000000s ]
NOTIC: [8] Undefined variable: adminId D:\DE\PHP_MySql\xampp\htdocs\AppServer\Application\Runtime\Cache\Home\1411f9e4eee539f864b2612c9e183031.php 第 4 行.
INFO: Run Behavior\ParseTemplateBehavior [ RunTime:0.015600s ]
INFO: [ view_parse ] --END-- [ RunTime:0.015600s ]
INFO: [ view_filter ] --START--
INFO: Run Behavior\WriteHtmlCacheBehavior [ RunTime:0.000000s ]
INFO: [ view_filter ] --END-- [ RunTime:0.000000s ]
INFO: [ app_end ] --START--
INFO: Run Behavior\ShowPageTraceBehavior [ RunTime:0.000000s ]
INFO: [ app_end ] --END-- [ RunTime:0.000000s ]

[ 2015-02-20T23:38:17+08:00 ] 127.0.0.1 /AppServer/Home/User/user?_=1424446692699
INFO: [ app_init ] --START--
INFO: Run Behavior\BuildLiteBehavior [ RunTime:0.000000s ]
INFO: [ app_init ] --END-- [ RunTime:0.000000s ]
INFO: [ app_begin ] --START--
INFO: Run Behavior\ReadHtmlCacheBehavior [ RunTime:0.000000s ]
INFO: [ app_begin ] --END-- [ RunTime:0.000000s ]
INFO: [ view_parse ] --START--
INFO: [ template_filter ] --START--
INFO: Run Behavior\ContentReplaceBehavior [ RunTime:0.000000s ]
INFO: [ template_filter ] --END-- [ RunTime:0.000000s ]
INFO: Run Behavior\ParseTemplateBehavior [ RunTime:0.046800s ]
INFO: [ view_parse ] --END-- [ RunTime:0.046800s ]
INFO: [ view_filter ] --START--
INFO: Run Behavior\WriteHtmlCacheBehavior [ RunTime:0.000000s ]
INFO: [ view_filter ] --END-- [ RunTime:0.000000s ]
INFO: [ app_end ] --START--
INFO: Run Behavior\ShowPageTraceBehavior [ RunTime:0.015600s ]
INFO: [ app_end ] --END-- [ RunTime:0.015600s ]

[ 2015-02-20T23:38:19+08:00 ] 127.0.0.1 /AppServer/Home/User/userList?currentPage=1&_=1424446692700
INFO: [ app_init ] --START--
INFO: Run Behavior\BuildLiteBehavior [ RunTime:0.000000s ]
INFO: [ app_init ] --END-- [ RunTime:0.000000s ]
INFO: [ app_begin ] --START--
INFO: Run Behavior\ReadHtmlCacheBehavior [ RunTime:0.000000s ]
INFO: [ app_begin ] --END-- [ RunTime:0.000000s ]
SQL: SHOW COLUMNS FROM `as_user` [ RunTime:0.4056s ]
SQL: SELECT COUNT(*) AS tp_count FROM `as_user` LIMIT 1   [ RunTime:0.1404s ]

[ 2015-02-20T23:38:19+08:00 ] 127.0.0.1 /AppServer/Home/User/userList?pagination=1&_=1424446692701
INFO: [ app_init ] --START--
INFO: Run Behavior\BuildLiteBehavior [ RunTime:0.000000s ]
INFO: [ app_init ] --END-- [ RunTime:0.000000s ]
INFO: [ app_begin ] --START--
INFO: Run Behavior\ReadHtmlCacheBehavior [ RunTime:0.000000s ]
INFO: [ app_begin ] --END-- [ RunTime:0.000000s ]
SQL: SHOW COLUMNS FROM `as_user` [ RunTime:0.0000s ]
SQL: SELECT COUNT(*) AS tp_count FROM `as_user` LIMIT 1   [ RunTime:0.0000s ]
SQL: SELECT `grade`,`student_id`,`name`,`email` FROM `as_user` ORDER BY grade asc, student_id asc LIMIT 0,3   [ RunTime:0.0000s ]

[ 2015-02-20T23:38:22+08:00 ] 127.0.0.1 /AppServer/Home/User/userList?pagination=2&_=1424446692702
INFO: [ app_init ] --START--
INFO: Run Behavior\BuildLiteBehavior [ RunTime:0.000000s ]
INFO: [ app_init ] --END-- [ RunTime:0.000000s ]
INFO: [ app_begin ] --START--
INFO: Run Behavior\ReadHtmlCacheBehavior [ RunTime:0.000000s ]
INFO: [ app_begin ] --END-- [ RunTime:0.000000s ]
SQL: SHOW COLUMNS FROM `as_user` [ RunTime:0.0000s ]
SQL: SELECT COUNT(*) AS tp_count FROM `as_user` LIMIT 1   [ RunTime:0.0000s ]
SQL: SELECT `grade`,`student_id`,`name`,`email` FROM `as_user` ORDER BY grade asc, student_id asc LIMIT 3,3   [ RunTime:0.0000s ]

[ 2015-02-20T23:38:24+08:00 ] 127.0.0.1 /AppServer/Home/User/userList?pagination=3&_=1424446692703
INFO: [ app_init ] --START--
INFO: Run Behavior\BuildLiteBehavior [ RunTime:0.000000s ]
INFO: [ app_init ] --END-- [ RunTime:0.015600s ]
INFO: [ app_begin ] --START--
INFO: Run Behavior\ReadHtmlCacheBehavior [ RunTime:0.000000s ]
INFO: [ app_begin ] --END-- [ RunTime:0.000000s ]
SQL: SHOW COLUMNS FROM `as_user` [ RunTime:0.0000s ]
SQL: SELECT COUNT(*) AS tp_count FROM `as_user` LIMIT 1   [ RunTime:0.0000s ]
SQL: SELECT `grade`,`student_id`,`name`,`email` FROM `as_user` ORDER BY grade asc, student_id asc LIMIT 6,3   [ RunTime:0.0000s ]

[ 2015-02-20T23:38:31+08:00 ] 127.0.0.1 /AppServer/Home/User/userList?pagination=2&_=1424446692704
INFO: [ app_init ] --START--
INFO: Run Behavior\BuildLiteBehavior [ RunTime:0.000000s ]
INFO: [ app_init ] --END-- [ RunTime:0.000000s ]
INFO: [ app_begin ] --START--
INFO: Run Behavior\ReadHtmlCacheBehavior [ RunTime:0.000000s ]
INFO: [ app_begin ] --END-- [ RunTime:0.000000s ]
SQL: SHOW COLUMNS FROM `as_user` [ RunTime:0.0156s ]
SQL: SELECT COUNT(*) AS tp_count FROM `as_user` LIMIT 1   [ RunTime:0.0000s ]
SQL: SELECT `grade`,`student_id`,`name`,`email` FROM `as_user` ORDER BY grade asc, student_id asc LIMIT 3,3   [ RunTime:0.0000s ]

[ 2015-02-20T23:38:33+08:00 ] 127.0.0.1 /AppServer/Home/User/userList?pagination=1&_=1424446692705
INFO: [ app_init ] --START--
INFO: Run Behavior\BuildLiteBehavior [ RunTime:0.000000s ]
INFO: [ app_init ] --END-- [ RunTime:0.000000s ]
INFO: [ app_begin ] --START--
INFO: Run Behavior\ReadHtmlCacheBehavior [ RunTime:0.000000s ]
INFO: [ app_begin ] --END-- [ RunTime:0.000000s ]
SQL: SHOW COLUMNS FROM `as_user` [ RunTime:0.0000s ]
SQL: SELECT COUNT(*) AS tp_count FROM `as_user` LIMIT 1   [ RunTime:0.0000s ]
SQL: SELECT `grade`,`student_id`,`name`,`email` FROM `as_user` ORDER BY grade asc, student_id asc LIMIT 0,3   [ RunTime:0.0000s ]

[ 2015-02-20T23:38:34+08:00 ] 127.0.0.1 /AppServer/Home/User/userList?pagination=2&_=1424446692706
INFO: [ app_init ] --START--
INFO: Run Behavior\BuildLiteBehavior [ RunTime:0.000000s ]
INFO: [ app_init ] --END-- [ RunTime:0.000000s ]
INFO: [ app_begin ] --START--
INFO: Run Behavior\ReadHtmlCacheBehavior [ RunTime:0.000000s ]
INFO: [ app_begin ] --END-- [ RunTime:0.000000s ]
SQL: SHOW COLUMNS FROM `as_user` [ RunTime:0.0000s ]
SQL: SELECT COUNT(*) AS tp_count FROM `as_user` LIMIT 1   [ RunTime:0.0000s ]
SQL: SELECT `grade`,`student_id`,`name`,`email` FROM `as_user` ORDER BY grade asc, student_id asc LIMIT 3,3   [ RunTime:0.0000s ]

[ 2015-02-20T23:38:35+08:00 ] 127.0.0.1 /AppServer/Home/User/userList?pagination=3&_=1424446692707
INFO: [ app_init ] --START--
INFO: Run Behavior\BuildLiteBehavior [ RunTime:0.000000s ]
INFO: [ app_init ] --END-- [ RunTime:0.000000s ]
INFO: [ app_begin ] --START--
INFO: Run Behavior\ReadHtmlCacheBehavior [ RunTime:0.000000s ]
INFO: [ app_begin ] --END-- [ RunTime:0.000000s ]
SQL: SHOW COLUMNS FROM `as_user` [ RunTime:0.0000s ]
SQL: SELECT COUNT(*) AS tp_count FROM `as_user` LIMIT 1   [ RunTime:0.0000s ]
SQL: SELECT `grade`,`student_id`,`name`,`email` FROM `as_user` ORDER BY grade asc, student_id asc LIMIT 6,3   [ RunTime:0.0000s ]

[ 2015-02-20T23:38:36+08:00 ] 127.0.0.1 /AppServer/Home/User/userList?pagination=2&_=1424446692708
INFO: [ app_init ] --START--
INFO: Run Behavior\BuildLiteBehavior [ RunTime:0.000000s ]
INFO: [ app_init ] --END-- [ RunTime:0.000000s ]
INFO: [ app_begin ] --START--
INFO: Run Behavior\ReadHtmlCacheBehavior [ RunTime:0.000000s ]
INFO: [ app_begin ] --END-- [ RunTime:0.000000s ]
SQL: SHOW COLUMNS FROM `as_user` [ RunTime:0.0156s ]
SQL: SELECT COUNT(*) AS tp_count FROM `as_user` LIMIT 1   [ RunTime:0.0000s ]
SQL: SELECT `grade`,`student_id`,`name`,`email` FROM `as_user` ORDER BY grade asc, student_id asc LIMIT 3,3   [ RunTime:0.0000s ]

[ 2015-02-20T23:38:37+08:00 ] 127.0.0.1 /AppServer/Home/User/userList?pagination=1&_=1424446692709
INFO: [ app_init ] --START--
INFO: Run Behavior\BuildLiteBehavior [ RunTime:0.000000s ]
INFO: [ app_init ] --END-- [ RunTime:0.000000s ]
INFO: [ app_begin ] --START--
INFO: Run Behavior\ReadHtmlCacheBehavior [ RunTime:0.000000s ]
INFO: [ app_begin ] --END-- [ RunTime:0.000000s ]
SQL: SHOW COLUMNS FROM `as_user` [ RunTime:0.0000s ]
SQL: SELECT COUNT(*) AS tp_count FROM `as_user` LIMIT 1   [ RunTime:0.0000s ]
SQL: SELECT `grade`,`student_id`,`name`,`email` FROM `as_user` ORDER BY grade asc, student_id asc LIMIT 0,3   [ RunTime:0.0000s ]

[ 2015-02-20T23:38:39+08:00 ] 127.0.0.1 /AppServer/Home/User/userList?pagination=2&_=1424446692710
INFO: [ app_init ] --START--
INFO: Run Behavior\BuildLiteBehavior [ RunTime:0.000000s ]
INFO: [ app_init ] --END-- [ RunTime:0.000000s ]
INFO: [ app_begin ] --START--
INFO: Run Behavior\ReadHtmlCacheBehavior [ RunTime:0.000000s ]
INFO: [ app_begin ] --END-- [ RunTime:0.000000s ]
SQL: SHOW COLUMNS FROM `as_user` [ RunTime:0.0000s ]
SQL: SELECT COUNT(*) AS tp_count FROM `as_user` LIMIT 1   [ RunTime:0.0000s ]
SQL: SELECT `grade`,`student_id`,`name`,`email` FROM `as_user` ORDER BY grade asc, student_id asc LIMIT 3,3   [ RunTime:0.0000s ]

[ 2015-02-20T23:38:39+08:00 ] 127.0.0.1 /AppServer/Home/User/userList?pagination=3&_=1424446692711
INFO: [ app_init ] --START--
INFO: Run Behavior\BuildLiteBehavior [ RunTime:0.000000s ]
INFO: [ app_init ] --END-- [ RunTime:0.000000s ]
INFO: [ app_begin ] --START--
INFO: Run Behavior\ReadHtmlCacheBehavior [ RunTime:0.000000s ]
INFO: [ app_begin ] --END-- [ RunTime:0.000000s ]
SQL: SHOW COLUMNS FROM `as_user` [ RunTime:0.0000s ]
SQL: SELECT COUNT(*) AS tp_count FROM `as_user` LIMIT 1   [ RunTime:0.0000s ]
SQL: SELECT `grade`,`student_id`,`name`,`email` FROM `as_user` ORDER BY grade asc, student_id asc LIMIT 6,3   [ RunTime:0.0000s ]

[ 2015-02-20T23:38:45+08:00 ] 127.0.0.1 /AppServer/Home/User/userList?pagination=1&_=1424446692712
INFO: [ app_init ] --START--
INFO: Run Behavior\BuildLiteBehavior [ RunTime:0.000000s ]
INFO: [ app_init ] --END-- [ RunTime:0.000000s ]
INFO: [ app_begin ] --START--
INFO: Run Behavior\ReadHtmlCacheBehavior [ RunTime:0.000000s ]
INFO: [ app_begin ] --END-- [ RunTime:0.000000s ]
SQL: SHOW COLUMNS FROM `as_user` [ RunTime:0.0000s ]
SQL: SELECT COUNT(*) AS tp_count FROM `as_user` LIMIT 1   [ RunTime:0.0000s ]
SQL: SELECT `grade`,`student_id`,`name`,`email` FROM `as_user` ORDER BY grade asc, student_id asc LIMIT 0,3   [ RunTime:0.0000s ]

[ 2015-02-20T23:38:46+08:00 ] 127.0.0.1 /AppServer/Home/User/userList?pagination=1&_=1424446692713
INFO: [ app_init ] --START--
INFO: Run Behavior\BuildLiteBehavior [ RunTime:0.000000s ]
INFO: [ app_init ] --END-- [ RunTime:0.000000s ]
INFO: [ app_begin ] --START--
INFO: Run Behavior\ReadHtmlCacheBehavior [ RunTime:0.000000s ]
INFO: [ app_begin ] --END-- [ RunTime:0.000000s ]
SQL: SHOW COLUMNS FROM `as_user` [ RunTime:0.0000s ]
SQL: SELECT COUNT(*) AS tp_count FROM `as_user` LIMIT 1   [ RunTime:0.0000s ]
SQL: SELECT `grade`,`student_id`,`name`,`email` FROM `as_user` ORDER BY grade asc, student_id asc LIMIT 0,3   [ RunTime:0.0000s ]

[ 2015-02-20T23:38:46+08:00 ] 127.0.0.1 /AppServer/Home/User/userList?pagination=2&_=1424446692714
INFO: [ app_init ] --START--
INFO: Run Behavior\BuildLiteBehavior [ RunTime:0.000000s ]
INFO: [ app_init ] --END-- [ RunTime:0.000000s ]
INFO: [ app_begin ] --START--
INFO: Run Behavior\ReadHtmlCacheBehavior [ RunTime:0.000000s ]
INFO: [ app_begin ] --END-- [ RunTime:0.000000s ]
SQL: SHOW COLUMNS FROM `as_user` [ RunTime:0.0000s ]
SQL: SELECT COUNT(*) AS tp_count FROM `as_user` LIMIT 1   [ RunTime:0.0156s ]
SQL: SELECT `grade`,`student_id`,`name`,`email` FROM `as_user` ORDER BY grade asc, student_id asc LIMIT 3,3   [ RunTime:0.0000s ]

[ 2015-02-20T23:38:47+08:00 ] 127.0.0.1 /AppServer/Home/User/user?_=1424446692715
INFO: [ app_init ] --START--
INFO: Run Behavior\BuildLiteBehavior [ RunTime:0.000000s ]
INFO: [ app_init ] --END-- [ RunTime:0.000000s ]
INFO: [ app_begin ] --START--
INFO: Run Behavior\ReadHtmlCacheBehavior [ RunTime:0.000000s ]
INFO: [ app_begin ] --END-- [ RunTime:0.000000s ]
INFO: [ view_parse ] --START--
INFO: [ template_filter ] --START--
INFO: Run Behavior\ContentReplaceBehavior [ RunTime:0.000000s ]
INFO: [ template_filter ] --END-- [ RunTime:0.000000s ]
INFO: Run Behavior\ParseTemplateBehavior [ RunTime:0.000000s ]
INFO: [ view_parse ] --END-- [ RunTime:0.000000s ]
INFO: [ view_filter ] --START--
INFO: Run Behavior\WriteHtmlCacheBehavior [ RunTime:0.000000s ]
INFO: [ view_filter ] --END-- [ RunTime:0.000000s ]
INFO: [ app_end ] --START--
INFO: Run Behavior\ShowPageTraceBehavior [ RunTime:0.000000s ]
INFO: [ app_end ] --END-- [ RunTime:0.000000s ]

[ 2015-02-20T23:38:48+08:00 ] 127.0.0.1 /AppServer/Home/User/userList?currentPage=1&_=1424446692716
INFO: [ app_init ] --START--
INFO: Run Behavior\BuildLiteBehavior [ RunTime:0.000000s ]
INFO: [ app_init ] --END-- [ RunTime:0.000000s ]
INFO: [ app_begin ] --START--
INFO: Run Behavior\ReadHtmlCacheBehavior [ RunTime:0.000000s ]
INFO: [ app_begin ] --END-- [ RunTime:0.000000s ]
SQL: SHOW COLUMNS FROM `as_user` [ RunTime:0.0000s ]
SQL: SELECT COUNT(*) AS tp_count FROM `as_user` LIMIT 1   [ RunTime:0.0000s ]

[ 2015-02-20T23:38:48+08:00 ] 127.0.0.1 /AppServer/Home/User/userList?pagination=1&_=1424446692717
INFO: [ app_init ] --START--
INFO: Run Behavior\BuildLiteBehavior [ RunTime:0.000000s ]
INFO: [ app_init ] --END-- [ RunTime:0.000000s ]
INFO: [ app_begin ] --START--
INFO: Run Behavior\ReadHtmlCacheBehavior [ RunTime:0.000000s ]
INFO: [ app_begin ] --END-- [ RunTime:0.000000s ]
SQL: SHOW COLUMNS FROM `as_user` [ RunTime:0.0000s ]
SQL: SELECT COUNT(*) AS tp_count FROM `as_user` LIMIT 1   [ RunTime:0.0000s ]
SQL: SELECT `grade`,`student_id`,`name`,`email` FROM `as_user` ORDER BY grade asc, student_id asc LIMIT 0,3   [ RunTime:0.0000s ]

[ 2015-02-20T23:38:48+08:00 ] 127.0.0.1 /AppServer/Home/Main/main
INFO: [ app_init ] --START--
INFO: Run Behavior\BuildLiteBehavior [ RunTime:0.000000s ]
INFO: [ app_init ] --END-- [ RunTime:0.000000s ]

[ 2015-02-20T23:38:48+08:00 ] 127.0.0.1 /AppServer/Home/Welcome/welcome?_=1424446728563
INFO: [ app_init ] --START--
INFO: Run Behavior\BuildLiteBehavior [ RunTime:0.000000s ]
INFO: [ app_init ] --END-- [ RunTime:0.000000s ]
INFO: [ app_begin ] --START--
INFO: Run Behavior\ReadHtmlCacheBehavior [ RunTime:0.000000s ]
INFO: [ app_begin ] --END-- [ RunTime:0.000000s ]
SQL: SHOW COLUMNS FROM `as_loginrecord` [ RunTime:0.0000s ]
SQL: SELECT * FROM `as_loginrecord` WHERE ( admin_id=2011051309 ) ORDER BY time desc LIMIT 1,1   [ RunTime:0.0000s ]
INFO: [ view_parse ] --START--
INFO: [ template_filter ] --START--
INFO: Run Behavior\ContentReplaceBehavior [ RunTime:0.000000s ]
INFO: [ template_filter ] --END-- [ RunTime:0.000000s ]
NOTIC: [8] Undefined variable: adminId D:\DE\PHP_MySql\xampp\htdocs\AppServer\Application\Runtime\Cache\Home\1411f9e4eee539f864b2612c9e183031.php 第 4 行.
INFO: Run Behavior\ParseTemplateBehavior [ RunTime:0.015600s ]
INFO: [ view_parse ] --END-- [ RunTime:0.015600s ]
INFO: [ view_filter ] --START--
INFO: Run Behavior\WriteHtmlCacheBehavior [ RunTime:0.000000s ]
INFO: [ view_filter ] --END-- [ RunTime:0.000000s ]
INFO: [ app_end ] --START--
INFO: Run Behavior\ShowPageTraceBehavior [ RunTime:0.000000s ]
INFO: [ app_end ] --END-- [ RunTime:0.000000s ]

[ 2015-02-20T23:38:50+08:00 ] 127.0.0.1 /AppServer/Home/User/user?_=1424446728564
INFO: [ app_init ] --START--
INFO: Run Behavior\BuildLiteBehavior [ RunTime:0.000000s ]
INFO: [ app_init ] --END-- [ RunTime:0.000000s ]
INFO: [ app_begin ] --START--
INFO: Run Behavior\ReadHtmlCacheBehavior [ RunTime:0.000000s ]
INFO: [ app_begin ] --END-- [ RunTime:0.000000s ]
INFO: [ view_parse ] --START--
INFO: [ template_filter ] --START--
INFO: Run Behavior\ContentReplaceBehavior [ RunTime:0.000000s ]
INFO: [ template_filter ] --END-- [ RunTime:0.000000s ]
INFO: Run Behavior\ParseTemplateBehavior [ RunTime:0.015600s ]
INFO: [ view_parse ] --END-- [ RunTime:0.015600s ]
INFO: [ view_filter ] --START--
INFO: Run Behavior\WriteHtmlCacheBehavior [ RunTime:0.000000s ]
INFO: [ view_filter ] --END-- [ RunTime:0.000000s ]
INFO: [ app_end ] --START--
INFO: Run Behavior\ShowPageTraceBehavior [ RunTime:0.000000s ]
INFO: [ app_end ] --END-- [ RunTime:0.000000s ]

[ 2015-02-20T23:38:50+08:00 ] 127.0.0.1 /AppServer/Home/User/userList?currentPage=1&_=1424446728565
INFO: [ app_init ] --START--
INFO: Run Behavior\BuildLiteBehavior [ RunTime:0.000000s ]
INFO: [ app_init ] --END-- [ RunTime:0.000000s ]
INFO: [ app_begin ] --START--
INFO: Run Behavior\ReadHtmlCacheBehavior [ RunTime:0.000000s ]
INFO: [ app_begin ] --END-- [ RunTime:0.000000s ]
SQL: SHOW COLUMNS FROM `as_user` [ RunTime:0.0000s ]
SQL: SELECT COUNT(*) AS tp_count FROM `as_user` LIMIT 1   [ RunTime:0.0000s ]

[ 2015-02-20T23:38:50+08:00 ] 127.0.0.1 /AppServer/Home/User/userList?pagination=1&_=1424446728566
INFO: [ app_init ] --START--
INFO: Run Behavior\BuildLiteBehavior [ RunTime:0.000000s ]
INFO: [ app_init ] --END-- [ RunTime:0.000000s ]
INFO: [ app_begin ] --START--
INFO: Run Behavior\ReadHtmlCacheBehavior [ RunTime:0.000000s ]
INFO: [ app_begin ] --END-- [ RunTime:0.000000s ]
SQL: SHOW COLUMNS FROM `as_user` [ RunTime:0.0156s ]
SQL: SELECT COUNT(*) AS tp_count FROM `as_user` LIMIT 1   [ RunTime:0.0000s ]
SQL: SELECT `grade`,`student_id`,`name`,`email` FROM `as_user` ORDER BY grade asc, student_id asc LIMIT 0,3   [ RunTime:0.0000s ]

[ 2015-02-20T23:38:52+08:00 ] 127.0.0.1 /AppServer/Home/User/userList?pagination=2&_=1424446728567
INFO: [ app_init ] --START--
INFO: Run Behavior\BuildLiteBehavior [ RunTime:0.000000s ]
INFO: [ app_init ] --END-- [ RunTime:0.000000s ]
INFO: [ app_begin ] --START--
INFO: Run Behavior\ReadHtmlCacheBehavior [ RunTime:0.000000s ]
INFO: [ app_begin ] --END-- [ RunTime:0.000000s ]
SQL: SHOW COLUMNS FROM `as_user` [ RunTime:0.0156s ]
SQL: SELECT COUNT(*) AS tp_count FROM `as_user` LIMIT 1   [ RunTime:0.0000s ]
SQL: SELECT `grade`,`student_id`,`name`,`email` FROM `as_user` ORDER BY grade asc, student_id asc LIMIT 3,3   [ RunTime:0.0000s ]

[ 2015-02-20T23:38:53+08:00 ] 127.0.0.1 /AppServer/Home/User/userList?pagination=3&_=1424446728568
INFO: [ app_init ] --START--
INFO: Run Behavior\BuildLiteBehavior [ RunTime:0.000000s ]
INFO: [ app_init ] --END-- [ RunTime:0.000000s ]
INFO: [ app_begin ] --START--
INFO: Run Behavior\ReadHtmlCacheBehavior [ RunTime:0.000000s ]
INFO: [ app_begin ] --END-- [ RunTime:0.000000s ]
SQL: SHOW COLUMNS FROM `as_user` [ RunTime:0.0000s ]
SQL: SELECT COUNT(*) AS tp_count FROM `as_user` LIMIT 1   [ RunTime:0.0000s ]
SQL: SELECT `grade`,`student_id`,`name`,`email` FROM `as_user` ORDER BY grade asc, student_id asc LIMIT 6,3   [ RunTime:0.0000s ]

[ 2015-02-20T23:38:56+08:00 ] 127.0.0.1 /AppServer/Home/Main/destroySession
INFO: [ app_init ] --START--
INFO: Run Behavior\BuildLiteBehavior [ RunTime:0.000000s ]
INFO: [ app_init ] --END-- [ RunTime:0.000000s ]
INFO: [ app_begin ] --START--
INFO: Run Behavior\ReadHtmlCacheBehavior [ RunTime:0.000000s ]
INFO: [ app_begin ] --END-- [ RunTime:0.000000s ]
INFO: [ app_end ] --START--
INFO: Run Behavior\ShowPageTraceBehavior [ RunTime:0.000000s ]
INFO: [ app_end ] --END-- [ RunTime:0.000000s ]

[ 2015-02-20T23:38:56+08:00 ] 127.0.0.1 /AppServer/
INFO: [ app_init ] --START--
INFO: Run Behavior\BuildLiteBehavior [ RunTime:0.000000s ]
INFO: [ app_init ] --END-- [ RunTime:0.000000s ]

