[ 2015-04-06T00:02:12+08:00 ] 127.0.0.1 /AppServer/__PUBLIC__/images/course_1.jpg
INFO: [ app_init ] --START--
INFO: Run Behavior\BuildLiteBehavior [ RunTime:0.000000s ]
INFO: [ app_init ] --END-- [ RunTime:0.001000s ]
ERR: 无法加载模块:__PUBLIC__

[ 2015-04-06T00:05:33+08:00 ] 127.0.0.1 /AppServer/__PUBLIC__/images/course_1.jpg
INFO: [ app_init ] --START--
INFO: Run Behavior\BuildLiteBehavior [ RunTime:0.000000s ]
INFO: [ app_init ] --END-- [ RunTime:0.001000s ]
ERR: 无法加载模块:__PUBLIC__

[ 2015-04-06T00:05:39+08:00 ] 127.0.0.1 /AppServer/__PUBLIC__/images/course_1.jpg
INFO: [ app_init ] --START--
INFO: Run Behavior\BuildLiteBehavior [ RunTime:0.000000s ]
INFO: [ app_init ] --END-- [ RunTime:0.002000s ]
ERR: 无法加载模块:__PUBLIC__

[ 2015-04-06T00:05:43+08:00 ] 127.0.0.1 /AppServer/__PUBLIC__/images/course_1.jpg
INFO: [ app_init ] --START--
INFO: Run Behavior\BuildLiteBehavior [ RunTime:0.000000s ]
INFO: [ app_init ] --END-- [ RunTime:0.000000s ]
ERR: 无法加载模块:__PUBLIC__

[ 2015-04-06T00:05:52+08:00 ] 127.0.0.1 /AppServer/__PUBLIC__/images/course_1.jpg
INFO: [ app_init ] --START--
INFO: Run Behavior\BuildLiteBehavior [ RunTime:0.001000s ]
INFO: [ app_init ] --END-- [ RunTime:0.001000s ]
ERR: 无法加载模块:__PUBLIC__

[ 2015-04-06T00:06:03+08:00 ] 127.0.0.1 /AppServer/__PUBLIC__/images/course_1.jpg
INFO: [ app_init ] --START--
INFO: Run Behavior\BuildLiteBehavior [ RunTime:0.000000s ]
INFO: [ app_init ] --END-- [ RunTime:0.001000s ]
ERR: 无法加载模块:__PUBLIC__

[ 2015-04-06T00:06:03+08:00 ] 127.0.0.1 /AppServer/Public/js1/jquery-1.11.2.min.js
INFO: [ app_init ] --START--
INFO: Run Behavior\BuildLiteBehavior [ RunTime:0.000000s ]
INFO: [ app_init ] --END-- [ RunTime:0.001000s ]
ERR: 无法加载模块:Public

[ 2015-04-06T00:06:06+08:00 ] 127.0.0.1 /AppServer/Public/js1/jquery-1.11.2.min.js
INFO: [ app_init ] --START--
INFO: Run Behavior\BuildLiteBehavior [ RunTime:0.000000s ]
INFO: [ app_init ] --END-- [ RunTime:0.001000s ]
ERR: 无法加载模块:Public

[ 2015-04-06T00:06:06+08:00 ] 127.0.0.1 /AppServer/__PUBLIC__/images/course_1.jpg
INFO: [ app_init ] --START--
INFO: Run Behavior\BuildLiteBehavior [ RunTime:0.000000s ]
INFO: [ app_init ] --END-- [ RunTime:0.001000s ]
ERR: 无法加载模块:__PUBLIC__

[ 2015-04-06T00:06:08+08:00 ] 127.0.0.1 /AppServer/Public/js1/jquery-1.11.2.min.js
INFO: [ app_init ] --START--
INFO: Run Behavior\BuildLiteBehavior [ RunTime:0.000000s ]
INFO: [ app_init ] --END-- [ RunTime:0.001000s ]
ERR: 无法加载模块:Public

[ 2015-04-06T00:06:08+08:00 ] 127.0.0.1 /AppServer/__PUBLIC__/images/course_1.jpg
INFO: [ app_init ] --START--
INFO: Run Behavior\BuildLiteBehavior [ RunTime:0.000000s ]
INFO: [ app_init ] --END-- [ RunTime:0.000000s ]
ERR: 无法加载模块:__PUBLIC__

[ 2015-04-06T00:06:35+08:00 ] 127.0.0.1 /AppServer/Public/js1/jquery-1.11.2.min.js
INFO: [ app_init ] --START--
INFO: Run Behavior\BuildLiteBehavior [ RunTime:0.000000s ]
INFO: [ app_init ] --END-- [ RunTime:0.001000s ]
ERR: 无法加载模块:Public

[ 2015-04-06T00:06:35+08:00 ] 127.0.0.1 /AppServer/__PUBLIC__/images/course_1.jpg
INFO: [ app_init ] --START--
INFO: Run Behavior\BuildLiteBehavior [ RunTime:0.000000s ]
INFO: [ app_init ] --END-- [ RunTime:0.000000s ]
ERR: 无法加载模块:__PUBLIC__

[ 2015-04-06T00:10:33+08:00 ] 127.0.0.1 /AppServer/__PUBLIC__/images/course_1.jpg
INFO: [ app_init ] --START--
INFO: Run Behavior\BuildLiteBehavior [ RunTime:0.000000s ]
INFO: [ app_init ] --END-- [ RunTime:0.001000s ]
ERR: 无法加载模块:__PUBLIC__

[ 2015-04-06T00:11:20+08:00 ] 127.0.0.1 /AppServer/__PUBLIC__/images/course_1.jpg
INFO: [ app_init ] --START--
INFO: Run Behavior\BuildLiteBehavior [ RunTime:0.000000s ]
INFO: [ app_init ] --END-- [ RunTime:0.001000s ]
ERR: 无法加载模块:__PUBLIC__

[ 2015-04-06T00:12:15+08:00 ] 127.0.0.1 /AppServer/__PUBLIC__/images/course_1.jpg
INFO: [ app_init ] --START--
INFO: Run Behavior\BuildLiteBehavior [ RunTime:0.000000s ]
INFO: [ app_init ] --END-- [ RunTime:0.000000s ]
ERR: 无法加载模块:__PUBLIC__

[ 2015-04-06T00:12:36+08:00 ] 127.0.0.1 /AppServer/__PUBLIC__/images/course_1.jpg
INFO: [ app_init ] --START--
INFO: Run Behavior\BuildLiteBehavior [ RunTime:0.000000s ]
INFO: [ app_init ] --END-- [ RunTime:0.001000s ]
ERR: 无法加载模块:__PUBLIC__

[ 2015-04-06T00:12:50+08:00 ] 127.0.0.1 /AppServer/__PUBLIC__/images/course_1.jpg
INFO: [ app_init ] --START--
INFO: Run Behavior\BuildLiteBehavior [ RunTime:0.000000s ]
INFO: [ app_init ] --END-- [ RunTime:0.001000s ]
ERR: 无法加载模块:__PUBLIC__

[ 2015-04-06T00:12:52+08:00 ] 127.0.0.1 /AppServer/__PUBLIC__/images/course_1.jpg
INFO: [ app_init ] --START--
INFO: Run Behavior\BuildLiteBehavior [ RunTime:0.000000s ]
INFO: [ app_init ] --END-- [ RunTime:0.001000s ]
ERR: 无法加载模块:__PUBLIC__

[ 2015-04-06T00:12:54+08:00 ] 127.0.0.1 /AppServer/__PUBLIC__/images/course_1.jpg
INFO: [ app_init ] --START--
INFO: Run Behavior\BuildLiteBehavior [ RunTime:0.000000s ]
INFO: [ app_init ] --END-- [ RunTime:0.000000s ]
ERR: 无法加载模块:__PUBLIC__

[ 2015-04-06T00:12:57+08:00 ] 127.0.0.1 /AppServer/__PUBLIC__/images/course_1.jpg
INFO: [ app_init ] --START--
INFO: Run Behavior\BuildLiteBehavior [ RunTime:0.000000s ]
INFO: [ app_init ] --END-- [ RunTime:0.001000s ]
ERR: 无法加载模块:__PUBLIC__

[ 2015-04-06T00:13:17+08:00 ] 127.0.0.1 /AppServer/__PUBLIC__/images/course_1.jpg
INFO: [ app_init ] --START--
INFO: Run Behavior\BuildLiteBehavior [ RunTime:0.000000s ]
INFO: [ app_init ] --END-- [ RunTime:0.001000s ]
ERR: 无法加载模块:__PUBLIC__

[ 2015-04-06T00:13:19+08:00 ] 127.0.0.1 /AppServer/__PUBLIC__/images/course_1.jpg
INFO: [ app_init ] --START--
INFO: Run Behavior\BuildLiteBehavior [ RunTime:0.000000s ]
INFO: [ app_init ] --END-- [ RunTime:0.001000s ]
ERR: 无法加载模块:__PUBLIC__

[ 2015-04-06T00:14:04+08:00 ] 127.0.0.1 /AppServer/__PUBLIC__/images/course_1.jpg
INFO: [ app_init ] --START--
INFO: Run Behavior\BuildLiteBehavior [ RunTime:0.000000s ]
INFO: [ app_init ] --END-- [ RunTime:0.001000s ]
ERR: 无法加载模块:__PUBLIC__

[ 2015-04-06T00:14:15+08:00 ] 127.0.0.1 /AppServer/__PUBLIC__/images/course_1.jpg
INFO: [ app_init ] --START--
INFO: Run Behavior\BuildLiteBehavior [ RunTime:0.000000s ]
INFO: [ app_init ] --END-- [ RunTime:0.001001s ]
ERR: 无法加载模块:__PUBLIC__

[ 2015-04-06T00:14:21+08:00 ] 127.0.0.1 /AppServer/__PUBLIC__/images/course_1.jpg
INFO: [ app_init ] --START--
INFO: Run Behavior\BuildLiteBehavior [ RunTime:0.000000s ]
INFO: [ app_init ] --END-- [ RunTime:0.001000s ]
ERR: 无法加载模块:__PUBLIC__

[ 2015-04-06T00:14:43+08:00 ] 127.0.0.1 /AppServer/__PUBLIC__/images/course_1.jpg
INFO: [ app_init ] --START--
INFO: Run Behavior\BuildLiteBehavior [ RunTime:0.000000s ]
INFO: [ app_init ] --END-- [ RunTime:0.002000s ]
ERR: 无法加载模块:__PUBLIC__

[ 2015-04-06T00:14:51+08:00 ] 127.0.0.1 /AppServer/__PUBLIC__/images/course_1.jpg
INFO: [ app_init ] --START--
INFO: Run Behavior\BuildLiteBehavior [ RunTime:0.000000s ]
INFO: [ app_init ] --END-- [ RunTime:0.001000s ]
ERR: 无法加载模块:__PUBLIC__

[ 2015-04-06T00:15:09+08:00 ] 127.0.0.1 /AppServer/__PUBLIC__/images/course_1.jpg
INFO: [ app_init ] --START--
INFO: Run Behavior\BuildLiteBehavior [ RunTime:0.000000s ]
INFO: [ app_init ] --END-- [ RunTime:0.001000s ]
ERR: 无法加载模块:__PUBLIC__

[ 2015-04-06T00:15:16+08:00 ] 127.0.0.1 /AppServer/__PUBLIC__/images/course_1.jpg
INFO: [ app_init ] --START--
INFO: Run Behavior\BuildLiteBehavior [ RunTime:0.000000s ]
INFO: [ app_init ] --END-- [ RunTime:0.001000s ]
ERR: 无法加载模块:__PUBLIC__

[ 2015-04-06T00:15:47+08:00 ] 127.0.0.1 /AppServer/__PUBLIC__/images/course_1.jpg
INFO: [ app_init ] --START--
INFO: Run Behavior\BuildLiteBehavior [ RunTime:0.000000s ]
INFO: [ app_init ] --END-- [ RunTime:0.001001s ]
ERR: 无法加载模块:__PUBLIC__

[ 2015-04-06T00:15:57+08:00 ] 127.0.0.1 /AppServer/Public/myfocus-2.0.1.min.js
INFO: [ app_init ] --START--
INFO: Run Behavior\BuildLiteBehavior [ RunTime:0.000000s ]
INFO: [ app_init ] --END-- [ RunTime:0.001000s ]
ERR: 无法加载模块:Public

[ 2015-04-06T00:15:57+08:00 ] 127.0.0.1 /AppServer/__PUBLIC__/images/course_1.jpg
INFO: [ app_init ] --START--
INFO: Run Behavior\BuildLiteBehavior [ RunTime:0.000000s ]
INFO: [ app_init ] --END-- [ RunTime:0.001000s ]
ERR: 无法加载模块:__PUBLIC__

[ 2015-04-06T00:16:13+08:00 ] 127.0.0.1 /AppServer/__PUBLIC__/images/course_1.jpg
INFO: [ app_init ] --START--
INFO: Run Behavior\BuildLiteBehavior [ RunTime:0.000000s ]
INFO: [ app_init ] --END-- [ RunTime:0.001001s ]
ERR: 无法加载模块:__PUBLIC__

[ 2015-04-06T00:16:13+08:00 ] 127.0.0.1 /AppServer/Public/myfocus-2.0.1.min.js
INFO: [ app_init ] --START--
INFO: Run Behavior\BuildLiteBehavior [ RunTime:0.000000s ]
INFO: [ app_init ] --END-- [ RunTime:0.002000s ]
ERR: 无法加载模块:Public

[ 2015-04-06T00:16:17+08:00 ] 127.0.0.1 /AppServer/Public/myfocus-2.0.1.min.js
INFO: [ app_init ] --START--
INFO: Run Behavior\BuildLiteBehavior [ RunTime:0.000000s ]
INFO: [ app_init ] --END-- [ RunTime:0.001000s ]
ERR: 无法加载模块:Public

[ 2015-04-06T00:16:17+08:00 ] 127.0.0.1 /AppServer/__PUBLIC__/images/course_1.jpg
INFO: [ app_init ] --START--
INFO: Run Behavior\BuildLiteBehavior [ RunTime:0.000000s ]
INFO: [ app_init ] --END-- [ RunTime:0.001000s ]
ERR: 无法加载模块:__PUBLIC__

[ 2015-04-06T00:16:17+08:00 ] 127.0.0.1 /AppServer/Public/myfocus-2.0.1.min.js
INFO: [ app_init ] --START--
INFO: Run Behavior\BuildLiteBehavior [ RunTime:0.000000s ]
INFO: [ app_init ] --END-- [ RunTime:0.001000s ]
ERR: 无法加载模块:Public

[ 2015-04-06T00:16:17+08:00 ] 127.0.0.1 /AppServer/__PUBLIC__/images/course_1.jpg
INFO: [ app_init ] --START--
INFO: Run Behavior\BuildLiteBehavior [ RunTime:0.000000s ]
INFO: [ app_init ] --END-- [ RunTime:0.001000s ]
ERR: 无法加载模块:__PUBLIC__

[ 2015-04-06T00:16:21+08:00 ] 127.0.0.1 /AppServer/Public/myfocus-2.0.1.min.js
INFO: [ app_init ] --START--
INFO: Run Behavior\BuildLiteBehavior [ RunTime:0.000000s ]
INFO: [ app_init ] --END-- [ RunTime:0.001000s ]
ERR: 无法加载模块:Public

[ 2015-04-06T00:16:21+08:00 ] 127.0.0.1 /AppServer/__PUBLIC__/images/course_1.jpg
INFO: [ app_init ] --START--
INFO: Run Behavior\BuildLiteBehavior [ RunTime:0.000000s ]
INFO: [ app_init ] --END-- [ RunTime:0.001000s ]
ERR: 无法加载模块:__PUBLIC__

[ 2015-04-06T00:16:30+08:00 ] 127.0.0.1 /AppServer/Public/myfocus-2.0.1.min.js
INFO: [ app_init ] --START--
INFO: Run Behavior\BuildLiteBehavior [ RunTime:0.000000s ]
INFO: [ app_init ] --END-- [ RunTime:0.001001s ]
ERR: 无法加载模块:Public

[ 2015-04-06T00:16:30+08:00 ] 127.0.0.1 /AppServer/__PUBLIC__/images/course_1.jpg
INFO: [ app_init ] --START--
INFO: Run Behavior\BuildLiteBehavior [ RunTime:0.000000s ]
INFO: [ app_init ] --END-- [ RunTime:0.000000s ]
ERR: 无法加载模块:__PUBLIC__

[ 2015-04-06T00:16:37+08:00 ] 127.0.0.1 /AppServer/Public/myfocus-2.0.1.min.js
INFO: [ app_init ] --START--
INFO: Run Behavior\BuildLiteBehavior [ RunTime:0.000000s ]
INFO: [ app_init ] --END-- [ RunTime:0.000000s ]
ERR: 无法加载模块:Public

[ 2015-04-06T00:16:37+08:00 ] 127.0.0.1 /AppServer/__PUBLIC__/images/course_1.jpg
INFO: [ app_init ] --START--
INFO: Run Behavior\BuildLiteBehavior [ RunTime:0.000000s ]
INFO: [ app_init ] --END-- [ RunTime:0.003000s ]
ERR: 无法加载模块:__PUBLIC__

[ 2015-04-06T00:16:48+08:00 ] 127.0.0.1 /AppServer/Public/myfocus-2.0.1.min.js
INFO: [ app_init ] --START--
INFO: Run Behavior\BuildLiteBehavior [ RunTime:0.000000s ]
INFO: [ app_init ] --END-- [ RunTime:0.001000s ]
ERR: 无法加载模块:Public

[ 2015-04-06T00:16:48+08:00 ] 127.0.0.1 /AppServer/__PUBLIC__/images/course_1.jpg
INFO: [ app_init ] --START--
INFO: Run Behavior\BuildLiteBehavior [ RunTime:0.000000s ]
INFO: [ app_init ] --END-- [ RunTime:0.001000s ]
ERR: 无法加载模块:__PUBLIC__

[ 2015-04-06T00:16:57+08:00 ] 127.0.0.1 /AppServer/Public/myfocus-2.0.1.min.js
INFO: [ app_init ] --START--
INFO: Run Behavior\BuildLiteBehavior [ RunTime:0.000000s ]
INFO: [ app_init ] --END-- [ RunTime:0.001000s ]
ERR: 无法加载模块:Public

[ 2015-04-06T00:16:57+08:00 ] 127.0.0.1 /AppServer/__PUBLIC__/images/course_1.jpg
INFO: [ app_init ] --START--
INFO: Run Behavior\BuildLiteBehavior [ RunTime:0.000000s ]
INFO: [ app_init ] --END-- [ RunTime:0.001000s ]
ERR: 无法加载模块:__PUBLIC__

[ 2015-04-06T00:17:05+08:00 ] 127.0.0.1 /AppServer/Public/myfocus-2.0.1.min.js
INFO: [ app_init ] --START--
INFO: Run Behavior\BuildLiteBehavior [ RunTime:0.000000s ]
INFO: [ app_init ] --END-- [ RunTime:0.001000s ]
ERR: 无法加载模块:Public

[ 2015-04-06T00:17:05+08:00 ] 127.0.0.1 /AppServer/__PUBLIC__/images/course_1.jpg
INFO: [ app_init ] --START--
INFO: Run Behavior\BuildLiteBehavior [ RunTime:0.000000s ]
INFO: [ app_init ] --END-- [ RunTime:0.001000s ]
ERR: 无法加载模块:__PUBLIC__

[ 2015-04-06T00:17:55+08:00 ] 127.0.0.1 /AppServer/Public/myfocus-2.0.1.min.js
INFO: [ app_init ] --START--
INFO: Run Behavior\BuildLiteBehavior [ RunTime:0.000000s ]
INFO: [ app_init ] --END-- [ RunTime:0.001000s ]
ERR: 无法加载模块:Public

[ 2015-04-06T00:17:55+08:00 ] 127.0.0.1 /AppServer/__PUBLIC__/images/course_1.jpg
INFO: [ app_init ] --START--
INFO: Run Behavior\BuildLiteBehavior [ RunTime:0.001000s ]
INFO: [ app_init ] --END-- [ RunTime:0.001000s ]
ERR: 无法加载模块:__PUBLIC__

[ 2015-04-06T00:18:03+08:00 ] 127.0.0.1 /AppServer/Public/myfocus-2.0.1.min.js
INFO: [ app_init ] --START--
INFO: Run Behavior\BuildLiteBehavior [ RunTime:0.000000s ]
INFO: [ app_init ] --END-- [ RunTime:0.001000s ]
ERR: 无法加载模块:Public

[ 2015-04-06T00:18:03+08:00 ] 127.0.0.1 /AppServer/__PUBLIC__/images/course_1.jpg
INFO: [ app_init ] --START--
INFO: Run Behavior\BuildLiteBehavior [ RunTime:0.000000s ]
INFO: [ app_init ] --END-- [ RunTime:0.000000s ]
ERR: 无法加载模块:__PUBLIC__

[ 2015-04-06T00:18:03+08:00 ] 127.0.0.1 /AppServer/Public/myfocus-2.0.1.min.js
INFO: [ app_init ] --START--
INFO: Run Behavior\BuildLiteBehavior [ RunTime:0.000000s ]
INFO: [ app_init ] --END-- [ RunTime:0.001000s ]
ERR: 无法加载模块:Public

[ 2015-04-06T00:18:04+08:00 ] 127.0.0.1 /AppServer/__PUBLIC__/images/course_1.jpg
INFO: [ app_init ] --START--
INFO: Run Behavior\BuildLiteBehavior [ RunTime:0.000000s ]
INFO: [ app_init ] --END-- [ RunTime:0.001000s ]
ERR: 无法加载模块:__PUBLIC__

[ 2015-04-06T00:18:07+08:00 ] 127.0.0.1 /AppServer/Public/myfocus-2.0.1.min.js
INFO: [ app_init ] --START--
INFO: Run Behavior\BuildLiteBehavior [ RunTime:0.000000s ]
INFO: [ app_init ] --END-- [ RunTime:0.000000s ]
ERR: 无法加载模块:Public

[ 2015-04-06T00:18:07+08:00 ] 127.0.0.1 /AppServer/__PUBLIC__/images/course_1.jpg
INFO: [ app_init ] --START--
INFO: Run Behavior\BuildLiteBehavior [ RunTime:0.000000s ]
INFO: [ app_init ] --END-- [ RunTime:0.001000s ]
ERR: 无法加载模块:__PUBLIC__

[ 2015-04-06T00:18:30+08:00 ] 127.0.0.1 /AppServer/Public/myfocus-2.0.1.min.js
INFO: [ app_init ] --START--
INFO: Run Behavior\BuildLiteBehavior [ RunTime:0.000000s ]
INFO: [ app_init ] --END-- [ RunTime:0.001000s ]
ERR: 无法加载模块:Public

[ 2015-04-06T00:18:30+08:00 ] 127.0.0.1 /AppServer/__PUBLIC__/images/course_1.jpg
INFO: [ app_init ] --START--
INFO: Run Behavior\BuildLiteBehavior [ RunTime:0.000000s ]
INFO: [ app_init ] --END-- [ RunTime:0.001000s ]
ERR: 无法加载模块:__PUBLIC__

[ 2015-04-06T00:18:55+08:00 ] 127.0.0.1 /AppServer/Public/myfocus-2.0.1.min.js
INFO: [ app_init ] --START--
INFO: Run Behavior\BuildLiteBehavior [ RunTime:0.000000s ]
INFO: [ app_init ] --END-- [ RunTime:0.001000s ]
ERR: 无法加载模块:Public

[ 2015-04-06T00:18:55+08:00 ] 127.0.0.1 /AppServer/__PUBLIC__/images/course_1.jpg
INFO: [ app_init ] --START--
INFO: Run Behavior\BuildLiteBehavior [ RunTime:0.000000s ]
INFO: [ app_init ] --END-- [ RunTime:0.001000s ]
ERR: 无法加载模块:__PUBLIC__

[ 2015-04-06T00:19:26+08:00 ] 127.0.0.1 /AppServer/Public/myfocus-2.0.1.min.js
INFO: [ app_init ] --START--
INFO: Run Behavior\BuildLiteBehavior [ RunTime:0.000000s ]
INFO: [ app_init ] --END-- [ RunTime:0.001000s ]
ERR: 无法加载模块:Public

[ 2015-04-06T00:19:26+08:00 ] 127.0.0.1 /AppServer/__PUBLIC__/images/course_1.jpg
INFO: [ app_init ] --START--
INFO: Run Behavior\BuildLiteBehavior [ RunTime:0.000000s ]
INFO: [ app_init ] --END-- [ RunTime:0.001000s ]
ERR: 无法加载模块:__PUBLIC__

[ 2015-04-06T00:19:33+08:00 ] 127.0.0.1 /AppServer/Public/myfocus-2.0.1.min.js
INFO: [ app_init ] --START--
INFO: Run Behavior\BuildLiteBehavior [ RunTime:0.000000s ]
INFO: [ app_init ] --END-- [ RunTime:0.001000s ]
ERR: 无法加载模块:Public

[ 2015-04-06T00:19:33+08:00 ] 127.0.0.1 /AppServer/Public/Public/js/setHomeSetFav.js
INFO: [ app_init ] --START--
INFO: Run Behavior\BuildLiteBehavior [ RunTime:0.000000s ]
INFO: [ app_init ] --END-- [ RunTime:0.001000s ]
ERR: 无法加载模块:Public

[ 2015-04-06T00:19:33+08:00 ] 127.0.0.1 /AppServer/__PUBLIC__/images/course_1.jpg
INFO: [ app_init ] --START--
INFO: Run Behavior\BuildLiteBehavior [ RunTime:0.000000s ]
INFO: [ app_init ] --END-- [ RunTime:0.001000s ]
ERR: 无法加载模块:__PUBLIC__

[ 2015-04-06T00:19:46+08:00 ] 127.0.0.1 /AppServer/Public/Public/myfocus-2.0.1.min.js
INFO: [ app_init ] --START--
INFO: Run Behavior\BuildLiteBehavior [ RunTime:0.000000s ]
INFO: [ app_init ] --END-- [ RunTime:0.001000s ]
ERR: 无法加载模块:Public

[ 2015-04-06T00:19:46+08:00 ] 127.0.0.1 /AppServer/__PUBLIC__/images/course_1.jpg
INFO: [ app_init ] --START--
INFO: Run Behavior\BuildLiteBehavior [ RunTime:0.000000s ]
INFO: [ app_init ] --END-- [ RunTime:0.001000s ]
ERR: 无法加载模块:__PUBLIC__

[ 2015-04-06T00:19:48+08:00 ] 127.0.0.1 /AppServer/Public/Public/myfocus-2.0.1.min.js
INFO: [ app_init ] --START--
INFO: Run Behavior\BuildLiteBehavior [ RunTime:0.000000s ]
INFO: [ app_init ] --END-- [ RunTime:0.001000s ]
ERR: 无法加载模块:Public

[ 2015-04-06T00:19:48+08:00 ] 127.0.0.1 /AppServer/__PUBLIC__/images/course_1.jpg
INFO: [ app_init ] --START--
INFO: Run Behavior\BuildLiteBehavior [ RunTime:0.000000s ]
INFO: [ app_init ] --END-- [ RunTime:0.001000s ]
ERR: 无法加载模块:__PUBLIC__

[ 2015-04-06T00:19:54+08:00 ] 127.0.0.1 /AppServer/Public/Public/myfocus-2.0.1.min.js
INFO: [ app_init ] --START--
INFO: Run Behavior\BuildLiteBehavior [ RunTime:0.000000s ]
INFO: [ app_init ] --END-- [ RunTime:0.001001s ]
ERR: 无法加载模块:Public

[ 2015-04-06T00:19:54+08:00 ] 127.0.0.1 /AppServer/__PUBLIC__/images/course_1.jpg
INFO: [ app_init ] --START--
INFO: Run Behavior\BuildLiteBehavior [ RunTime:0.000000s ]
INFO: [ app_init ] --END-- [ RunTime:0.001000s ]
ERR: 无法加载模块:__PUBLIC__

[ 2015-04-06T00:20:01+08:00 ] 127.0.0.1 /AppServer/__PUBLIC__/images/course_1.jpg
INFO: [ app_init ] --START--
INFO: Run Behavior\BuildLiteBehavior [ RunTime:0.000000s ]
INFO: [ app_init ] --END-- [ RunTime:0.001001s ]
ERR: 无法加载模块:__PUBLIC__

[ 2015-04-06T00:20:01+08:00 ] 127.0.0.1 /AppServer/Public/Public/myfocus-2.0.1.min.js
INFO: [ app_init ] --START--
INFO: Run Behavior\BuildLiteBehavior [ RunTime:0.000000s ]
INFO: [ app_init ] --END-- [ RunTime:0.001000s ]
ERR: 无法加载模块:Public

[ 2015-04-06T00:20:05+08:00 ] 127.0.0.1 /AppServer/Public/Public/myfocus-2.0.1.min.js
INFO: [ app_init ] --START--
INFO: Run Behavior\BuildLiteBehavior [ RunTime:0.000000s ]
INFO: [ app_init ] --END-- [ RunTime:0.001000s ]
ERR: 无法加载模块:Public

[ 2015-04-06T00:20:05+08:00 ] 127.0.0.1 /AppServer/__PUBLIC__/images/course_1.jpg
INFO: [ app_init ] --START--
INFO: Run Behavior\BuildLiteBehavior [ RunTime:0.000000s ]
INFO: [ app_init ] --END-- [ RunTime:0.001000s ]
ERR: 无法加载模块:__PUBLIC__

[ 2015-04-06T00:20:19+08:00 ] 127.0.0.1 /AppServer/__PUBLIC__/images/course_1.jpg
INFO: [ app_init ] --START--
INFO: Run Behavior\BuildLiteBehavior [ RunTime:0.000000s ]
INFO: [ app_init ] --END-- [ RunTime:0.001000s ]
ERR: 无法加载模块:__PUBLIC__

[ 2015-04-06T00:20:48+08:00 ] 127.0.0.1 /AppServer/__PUBLIC__/images/course_1.jpg
INFO: [ app_init ] --START--
INFO: Run Behavior\BuildLiteBehavior [ RunTime:0.000000s ]
INFO: [ app_init ] --END-- [ RunTime:0.001000s ]
ERR: 无法加载模块:__PUBLIC__

[ 2015-04-06T00:20:54+08:00 ] 127.0.0.1 /AppServer/__PUBLIC__/images/course_1.jpg
INFO: [ app_init ] --START--
INFO: Run Behavior\BuildLiteBehavior [ RunTime:0.000000s ]
INFO: [ app_init ] --END-- [ RunTime:0.001000s ]
ERR: 无法加载模块:__PUBLIC__

[ 2015-04-06T00:20:58+08:00 ] 127.0.0.1 /AppServer/__PUBLIC__/images/course_1.jpg
INFO: [ app_init ] --START--
INFO: Run Behavior\BuildLiteBehavior [ RunTime:0.000000s ]
INFO: [ app_init ] --END-- [ RunTime:0.001000s ]
ERR: 无法加载模块:__PUBLIC__

[ 2015-04-06T00:21:06+08:00 ] 127.0.0.1 /AppServer/__PUBLIC__/images/course_1.jpg
INFO: [ app_init ] --START--
INFO: Run Behavior\BuildLiteBehavior [ RunTime:0.000000s ]
INFO: [ app_init ] --END-- [ RunTime:0.000000s ]
ERR: 无法加载模块:__PUBLIC__

[ 2015-04-06T00:21:11+08:00 ] 127.0.0.1 /AppServer/__PUBLIC__/images/course_1.jpg
INFO: [ app_init ] --START--
INFO: Run Behavior\BuildLiteBehavior [ RunTime:0.000000s ]
INFO: [ app_init ] --END-- [ RunTime:0.001000s ]
ERR: 无法加载模块:__PUBLIC__

[ 2015-04-06T00:21:21+08:00 ] 127.0.0.1 /AppServer/__PUBLIC__/images/course_1.jpg
INFO: [ app_init ] --START--
INFO: Run Behavior\BuildLiteBehavior [ RunTime:0.000000s ]
INFO: [ app_init ] --END-- [ RunTime:0.001000s ]
ERR: 无法加载模块:__PUBLIC__

[ 2015-04-06T00:29:40+08:00 ] 127.0.0.1 /AppServer/news.html
INFO: [ app_init ] --START--
INFO: Run Behavior\BuildLiteBehavior [ RunTime:0.000000s ]
INFO: [ app_init ] --END-- [ RunTime:0.001000s ]
ERR: 无法加载模块:News

[ 2015-04-06T01:07:29+08:00 ] 127.0.0.1 /AppServer/Common/Public/verify
INFO: [ app_init ] --START--
INFO: Run Behavior\BuildLiteBehavior [ RunTime:0.000000s ]
INFO: [ app_init ] --END-- [ RunTime:0.003000s ]
ERR: 无法加载模块:Common

[ 2015-04-06T01:07:35+08:00 ] 127.0.0.1 /AppServer/Common/Public/verify
INFO: [ app_init ] --START--
INFO: Run Behavior\BuildLiteBehavior [ RunTime:0.000000s ]
INFO: [ app_init ] --END-- [ RunTime:0.001000s ]
ERR: 无法加载模块:Common

[ 2015-04-06T01:07:46+08:00 ] 127.0.0.1 /AppServer/Common/Public/verify
INFO: [ app_init ] --START--
INFO: Run Behavior\BuildLiteBehavior [ RunTime:0.000000s ]
INFO: [ app_init ] --END-- [ RunTime:0.001000s ]
ERR: 无法加载模块:Common

[ 2015-04-06T01:08:08+08:00 ] 127.0.0.1 /AppServer/A/Common/Public/verify
INFO: [ app_init ] --START--
INFO: Run Behavior\BuildLiteBehavior [ RunTime:0.000000s ]
INFO: [ app_init ] --END-- [ RunTime:0.001000s ]
ERR: 无法加载模块:A

[ 2015-04-06T01:08:14+08:00 ] 127.0.0.1 /AppServer/A/Common/Public/verify
INFO: [ app_init ] --START--
INFO: Run Behavior\BuildLiteBehavior [ RunTime:0.000000s ]
INFO: [ app_init ] --END-- [ RunTime:0.001000s ]
ERR: 无法加载模块:A

[ 2015-04-06T01:08:20+08:00 ] 127.0.0.1 /AppServer/A/Common/Public/verify
INFO: [ app_init ] --START--
INFO: Run Behavior\BuildLiteBehavior [ RunTime:0.000000s ]
INFO: [ app_init ] --END-- [ RunTime:0.001000s ]
ERR: 无法加载模块:A

[ 2015-04-06T01:10:35+08:00 ] 127.0.0.1 /AppServer/A/Common/Public/verify
INFO: [ app_init ] --START--
INFO: Run Behavior\BuildLiteBehavior [ RunTime:0.000000s ]
INFO: [ app_init ] --END-- [ RunTime:0.000000s ]
ERR: 无法加载模块:A

[ 2015-04-06T01:10:36+08:00 ] 127.0.0.1 /AppServer/A/Common/Public/verify
INFO: [ app_init ] --START--
INFO: Run Behavior\BuildLiteBehavior [ RunTime:0.000000s ]
INFO: [ app_init ] --END-- [ RunTime:0.001000s ]
ERR: 无法加载模块:A

[ 2015-04-06T01:10:43+08:00 ] 127.0.0.1 /AppServer/A/Common/Public/verify
INFO: [ app_init ] --START--
INFO: Run Behavior\BuildLiteBehavior [ RunTime:0.000000s ]
INFO: [ app_init ] --END-- [ RunTime:0.001000s ]
ERR: 无法加载模块:A

[ 2015-04-06T01:10:44+08:00 ] 127.0.0.1 /AppServer/A/Common/Public/verify
INFO: [ app_init ] --START--
INFO: Run Behavior\BuildLiteBehavior [ RunTime:0.000000s ]
INFO: [ app_init ] --END-- [ RunTime:0.001000s ]
ERR: 无法加载模块:A

[ 2015-04-06T01:11:34+08:00 ] 127.0.0.1 /AppServer/Common/Public/verify
INFO: [ app_init ] --START--
INFO: Run Behavior\BuildLiteBehavior [ RunTime:0.000000s ]
INFO: [ app_init ] --END-- [ RunTime:0.001000s ]
ERR: 无法加载模块:Common

[ 2015-04-06T01:11:35+08:00 ] 127.0.0.1 /AppServer/Common/Public/verify
INFO: [ app_init ] --START--
INFO: Run Behavior\BuildLiteBehavior [ RunTime:0.000000s ]
INFO: [ app_init ] --END-- [ RunTime:0.000000s ]
ERR: 无法加载模块:Common

[ 2015-04-06T01:11:46+08:00 ] 127.0.0.1 /AppServer/Common/Public/verify
INFO: [ app_init ] --START--
INFO: Run Behavior\BuildLiteBehavior [ RunTime:0.000000s ]
INFO: [ app_init ] --END-- [ RunTime:0.000000s ]
ERR: 无法加载模块:Common

[ 2015-04-06T01:11:48+08:00 ] 127.0.0.1 /AppServer/Common/Public/verify
INFO: [ app_init ] --START--
INFO: Run Behavior\BuildLiteBehavior [ RunTime:0.000000s ]
INFO: [ app_init ] --END-- [ RunTime:0.000000s ]
ERR: 无法加载模块:Common

[ 2015-04-06T01:37:57+08:00 ] 127.0.0.1 /AppServer/Common/Util/verify
INFO: [ app_init ] --START--
INFO: Run Behavior\BuildLiteBehavior [ RunTime:0.000000s ]
INFO: [ app_init ] --END-- [ RunTime:0.001000s ]
ERR: 无法加载模块:Common

[ 2015-04-06T01:38:04+08:00 ] 127.0.0.1 /AppServer/Common/Util/verify
INFO: [ app_init ] --START--
INFO: Run Behavior\BuildLiteBehavior [ RunTime:0.000000s ]
INFO: [ app_init ] --END-- [ RunTime:0.000000s ]
ERR: 无法加载模块:Common

[ 2015-04-06T01:38:12+08:00 ] 127.0.0.1 /AppServer/Common/Util/verify
INFO: [ app_init ] --START--
INFO: Run Behavior\BuildLiteBehavior [ RunTime:0.000000s ]
INFO: [ app_init ] --END-- [ RunTime:0.000000s ]
ERR: 无法加载模块:Common

[ 2015-04-06T02:03:58+08:00 ] 127.0.0.1 /AppServer/Common/Util/verify
INFO: [ app_init ] --START--
INFO: Run Behavior\BuildLiteBehavior [ RunTime:0.000000s ]
INFO: [ app_init ] --END-- [ RunTime:0.000000s ]
ERR: 无法加载模块:Common

[ 2015-04-06T02:04:27+08:00 ] 127.0.0.1 /AppServer/Common/Util/verify
INFO: [ app_init ] --START--
INFO: Run Behavior\BuildLiteBehavior [ RunTime:0.000000s ]
INFO: [ app_init ] --END-- [ RunTime:0.000000s ]
ERR: 无法加载模块:Common

[ 2015-04-06T02:04:35+08:00 ] 127.0.0.1 /AppServer/Common/Util/verify
INFO: [ app_init ] --START--
INFO: Run Behavior\BuildLiteBehavior [ RunTime:0.000000s ]
INFO: [ app_init ] --END-- [ RunTime:0.000000s ]
ERR: 无法加载模块:Common

[ 2015-04-06T02:04:41+08:00 ] 127.0.0.1 /AppServer/Common/Util/verify
INFO: [ app_init ] --START--
INFO: Run Behavior\BuildLiteBehavior [ RunTime:0.000000s ]
INFO: [ app_init ] --END-- [ RunTime:0.000000s ]
ERR: 无法加载模块:Common

[ 2015-04-06T02:05:46+08:00 ] 127.0.0.1 /AppServer/Common/Util/verify
INFO: [ app_init ] --START--
INFO: Run Behavior\BuildLiteBehavior [ RunTime:0.000000s ]
INFO: [ app_init ] --END-- [ RunTime:0.000000s ]
ERR: 无法加载模块:Common

[ 2015-04-06T02:07:23+08:00 ] 127.0.0.1 /AppServer/Common/Util/verify
INFO: [ app_init ] --START--
INFO: Run Behavior\BuildLiteBehavior [ RunTime:0.000000s ]
INFO: [ app_init ] --END-- [ RunTime:0.000000s ]
ERR: 无法加载模块:Common

[ 2015-04-06T02:07:57+08:00 ] 127.0.0.1 /AppServer/Common/Util/verify
INFO: [ app_init ] --START--
INFO: Run Behavior\BuildLiteBehavior [ RunTime:0.000000s ]
INFO: [ app_init ] --END-- [ RunTime:0.000000s ]
ERR: 无法加载模块:Common

[ 2015-04-06T02:07:58+08:00 ] 127.0.0.1 /AppServer/Common/Util/verify
INFO: [ app_init ] --START--
INFO: Run Behavior\BuildLiteBehavior [ RunTime:0.000000s ]
INFO: [ app_init ] --END-- [ RunTime:0.000000s ]
ERR: 无法加载模块:Common

[ 2015-04-06T02:08:53+08:00 ] 127.0.0.1 /AppServer/Common/Util/verify
INFO: [ app_init ] --START--
INFO: Run Behavior\BuildLiteBehavior [ RunTime:0.000000s ]
INFO: [ app_init ] --END-- [ RunTime:0.000000s ]
ERR: 无法加载模块:Common

[ 2015-04-06T02:08:54+08:00 ] 127.0.0.1 /AppServer/Common/Util/verify
INFO: [ app_init ] --START--
INFO: Run Behavior\BuildLiteBehavior [ RunTime:0.000000s ]
INFO: [ app_init ] --END-- [ RunTime:0.000000s ]
ERR: 无法加载模块:Common

[ 2015-04-06T02:09:12+08:00 ] 127.0.0.1 /AppServer/Common/Util/verify
INFO: [ app_init ] --START--
INFO: Run Behavior\BuildLiteBehavior [ RunTime:0.000000s ]
INFO: [ app_init ] --END-- [ RunTime:0.000000s ]
ERR: 无法加载模块:Common

[ 2015-04-06T02:09:12+08:00 ] 127.0.0.1 /AppServer/Common/Util/verify
INFO: [ app_init ] --START--
INFO: Run Behavior\BuildLiteBehavior [ RunTime:0.000000s ]
INFO: [ app_init ] --END-- [ RunTime:0.000000s ]
ERR: 无法加载模块:Common

[ 2015-04-06T02:13:34+08:00 ] 127.0.0.1 /AppServer/Common/Util/verify
INFO: [ app_init ] --START--
INFO: Run Behavior\BuildLiteBehavior [ RunTime:0.000000s ]
INFO: [ app_init ] --END-- [ RunTime:0.000000s ]
ERR: 无法加载模块:Common

[ 2015-04-06T02:13:34+08:00 ] 127.0.0.1 /AppServer/Common/Util/verify
INFO: [ app_init ] --START--
INFO: Run Behavior\BuildLiteBehavior [ RunTime:0.000000s ]
INFO: [ app_init ] --END-- [ RunTime:0.000000s ]
ERR: 无法加载模块:Common

[ 2015-04-06T02:14:45+08:00 ] 127.0.0.1 /AppServer/Index/verify
INFO: [ app_init ] --START--
INFO: Run Behavior\BuildLiteBehavior [ RunTime:0.000000s ]
INFO: [ app_init ] --END-- [ RunTime:0.000000s ]
ERR: 无法加载模块:Index

[ 2015-04-06T02:14:45+08:00 ] 127.0.0.1 /AppServer/Index/verify
INFO: [ app_init ] --START--
INFO: Run Behavior\BuildLiteBehavior [ RunTime:0.000000s ]
INFO: [ app_init ] --END-- [ RunTime:0.000000s ]
ERR: 无法加载模块:Index

[ 2015-04-06T20:06:16+08:00 ] 127.0.0.1 /AppServer/Public/js/jquery-1.11.1.js
INFO: [ app_init ] --START--
INFO: Run Behavior\BuildLiteBehavior [ RunTime:0.000000s ]
INFO: [ app_init ] --END-- [ RunTime:0.000000s ]
ERR: 无法加载模块:Public

[ 2015-04-06T20:08:08+08:00 ] 127.0.0.1 /AppServer/Public/js/jquery-1.11.1.js
INFO: [ app_init ] --START--
INFO: Run Behavior\BuildLiteBehavior [ RunTime:0.000000s ]
INFO: [ app_init ] --END-- [ RunTime:0.000000s ]
ERR: 无法加载模块:Public

[ 2015-04-06T20:10:08+08:00 ] 127.0.0.1 /AppServer/Public/css/core.css
INFO: [ app_init ] --START--
INFO: Run Behavior\BuildLiteBehavior [ RunTime:0.000000s ]
INFO: [ app_init ] --END-- [ RunTime:0.001000s ]
ERR: 无法加载模块:Public

[ 2015-04-06T20:10:08+08:00 ] 127.0.0.1 /AppServer/Public/css/cmxformTemplate.css
INFO: [ app_init ] --START--
INFO: Run Behavior\BuildLiteBehavior [ RunTime:0.000000s ]
INFO: [ app_init ] --END-- [ RunTime:0.000000s ]
ERR: 无法加载模块:Public

[ 2015-04-06T20:10:08+08:00 ] 127.0.0.1 /AppServer/Public/css/reset.css
INFO: [ app_init ] --START--
INFO: Run Behavior\BuildLiteBehavior [ RunTime:0.000000s ]
INFO: [ app_init ] --END-- [ RunTime:0.001000s ]
ERR: 无法加载模块:Public

[ 2015-04-06T20:10:09+08:00 ] 127.0.0.1 /AppServer/Public/css/cmxform.css
INFO: [ app_init ] --START--
INFO: Run Behavior\BuildLiteBehavior [ RunTime:0.000000s ]
INFO: [ app_init ] --END-- [ RunTime:0.001000s ]
ERR: 无法加载模块:Public

