[ 2015-04-06T00:24:53+08:00 ] 127.0.0.1 /AppServer/Admin/System/Notice/page/1
INFO: [ app_init ] --START--
INFO: Run Behavior\BuildLiteBehavior [ RunTime:0.000000s ]
INFO: [ app_init ] --END-- [ RunTime:0.001000s ]

[ 2015-04-06T00:25:06+08:00 ] 127.0.0.1 /AppServer/Admin/System/noticeEdit
INFO: [ app_init ] --START--
INFO: Run Behavior\BuildLiteBehavior [ RunTime:0.000000s ]
INFO: [ app_init ] --END-- [ RunTime:0.001000s ]

[ 2015-04-06T00:25:07+08:00 ] 127.0.0.1 /AppServer/Admin/System/Notice/page/1
INFO: [ app_init ] --START--
INFO: Run Behavior\BuildLiteBehavior [ RunTime:0.000000s ]
INFO: [ app_init ] --END-- [ RunTime:0.000000s ]

[ 2015-04-06T00:25:25+08:00 ] 127.0.0.1 /AppServer/Admin/System/insertNotice
INFO: [ app_init ] --START--
INFO: Run Behavior\BuildLiteBehavior [ RunTime:0.000000s ]
INFO: [ app_init ] --END-- [ RunTime:0.001000s ]

[ 2015-04-06T00:25:25+08:00 ] 127.0.0.1 /AppServer/Admin/System/Notice/page/1
INFO: [ app_init ] --START--
INFO: Run Behavior\BuildLiteBehavior [ RunTime:0.000000s ]
INFO: [ app_init ] --END-- [ RunTime:0.001000s ]

[ 2015-04-06T00:25:32+08:00 ] 127.0.0.1 /AppServer/Admin/System/insertNotice
INFO: [ app_init ] --START--
INFO: Run Behavior\BuildLiteBehavior [ RunTime:0.000000s ]
INFO: [ app_init ] --END-- [ RunTime:0.001000s ]

[ 2015-04-06T00:25:32+08:00 ] 127.0.0.1 /AppServer/Admin/System/Notice/page/1
INFO: [ app_init ] --START--
INFO: Run Behavior\BuildLiteBehavior [ RunTime:0.000000s ]
INFO: [ app_init ] --END-- [ RunTime:0.001000s ]

[ 2015-04-06T00:25:40+08:00 ] 127.0.0.1 /AppServer/Admin/System/insertNotice
INFO: [ app_init ] --START--
INFO: Run Behavior\BuildLiteBehavior [ RunTime:0.000000s ]
INFO: [ app_init ] --END-- [ RunTime:0.001000s ]

[ 2015-04-06T00:25:40+08:00 ] 127.0.0.1 /AppServer/Admin/System/Notice/page/1
INFO: [ app_init ] --START--
INFO: Run Behavior\BuildLiteBehavior [ RunTime:0.000000s ]
INFO: [ app_init ] --END-- [ RunTime:0.001000s ]

[ 2015-04-06T00:25:47+08:00 ] 127.0.0.1 /AppServer/Admin/System/insertNotice
INFO: [ app_init ] --START--
INFO: Run Behavior\BuildLiteBehavior [ RunTime:0.000000s ]
INFO: [ app_init ] --END-- [ RunTime:0.001000s ]

[ 2015-04-06T00:25:47+08:00 ] 127.0.0.1 /AppServer/Admin/System/Notice/page/1
INFO: [ app_init ] --START--
INFO: Run Behavior\BuildLiteBehavior [ RunTime:0.000000s ]
INFO: [ app_init ] --END-- [ RunTime:0.001000s ]

[ 2015-04-06T00:25:56+08:00 ] 127.0.0.1 /AppServer/Admin/System/insertNotice
INFO: [ app_init ] --START--
INFO: Run Behavior\BuildLiteBehavior [ RunTime:0.000000s ]
INFO: [ app_init ] --END-- [ RunTime:0.000000s ]

[ 2015-04-06T00:25:56+08:00 ] 127.0.0.1 /AppServer/Admin/System/Notice/page/1
INFO: [ app_init ] --START--
INFO: Run Behavior\BuildLiteBehavior [ RunTime:0.000000s ]
INFO: [ app_init ] --END-- [ RunTime:0.001000s ]

[ 2015-04-06T00:26:00+08:00 ] 127.0.0.1 /AppServer/Admin/System/Notice/page/2
INFO: [ app_init ] --START--
INFO: Run Behavior\BuildLiteBehavior [ RunTime:0.000000s ]
INFO: [ app_init ] --END-- [ RunTime:0.000000s ]

[ 2015-04-06T00:26:02+08:00 ] 127.0.0.1 /AppServer/Admin/System/Notice/page/1
INFO: [ app_init ] --START--
INFO: Run Behavior\BuildLiteBehavior [ RunTime:0.000000s ]
INFO: [ app_init ] --END-- [ RunTime:0.001000s ]

[ 2015-04-06T00:26:05+08:00 ] 127.0.0.1 /AppServer/Admin/System/noticeDelete
INFO: [ app_init ] --START--
INFO: Run Behavior\BuildLiteBehavior [ RunTime:0.000000s ]
INFO: [ app_init ] --END-- [ RunTime:0.000000s ]
INFO: [ app_begin ] --START--
INFO: Run Behavior\ReadHtmlCacheBehavior [ RunTime:0.001000s ]
INFO: [ app_begin ] --END-- [ RunTime:0.001000s ]
SQL: SHOW COLUMNS FROM `as_notice` [ RunTime:0.0090s ]
SQL: DELETE FROM `as_notice` WHERE ( id=22 ) [ RunTime:0.0960s ]

[ 2015-04-06T00:26:05+08:00 ] 127.0.0.1 /AppServer/Admin/System/Notice/page/1
INFO: [ app_init ] --START--
INFO: Run Behavior\BuildLiteBehavior [ RunTime:0.000000s ]
INFO: [ app_init ] --END-- [ RunTime:0.001000s ]

[ 2015-04-06T00:26:13+08:00 ] 127.0.0.1 /AppServer/Admin/System/noticeDelete
INFO: [ app_init ] --START--
INFO: Run Behavior\BuildLiteBehavior [ RunTime:0.000000s ]
INFO: [ app_init ] --END-- [ RunTime:0.001000s ]
INFO: [ app_begin ] --START--
INFO: Run Behavior\ReadHtmlCacheBehavior [ RunTime:0.002000s ]
INFO: [ app_begin ] --END-- [ RunTime:0.002000s ]
SQL: SHOW COLUMNS FROM `as_notice` [ RunTime:0.0080s ]
SQL: DELETE FROM `as_notice` WHERE ( id=21 ) [ RunTime:0.0710s ]

[ 2015-04-06T00:26:13+08:00 ] 127.0.0.1 /AppServer/Admin/System/Notice/page/1
INFO: [ app_init ] --START--
INFO: Run Behavior\BuildLiteBehavior [ RunTime:0.000000s ]
INFO: [ app_init ] --END-- [ RunTime:0.001000s ]

[ 2015-04-06T00:26:20+08:00 ] 127.0.0.1 /AppServer/Admin/System/insertNotice
INFO: [ app_init ] --START--
INFO: Run Behavior\BuildLiteBehavior [ RunTime:0.000000s ]
INFO: [ app_init ] --END-- [ RunTime:0.001000s ]

[ 2015-04-06T00:26:20+08:00 ] 127.0.0.1 /AppServer/Admin/System/Notice/page/1
INFO: [ app_init ] --START--
INFO: Run Behavior\BuildLiteBehavior [ RunTime:0.000000s ]
INFO: [ app_init ] --END-- [ RunTime:0.001000s ]

[ 2015-04-06T00:26:30+08:00 ] 127.0.0.1 /AppServer/Admin/System/noticeDelete
INFO: [ app_init ] --START--
INFO: Run Behavior\BuildLiteBehavior [ RunTime:0.000000s ]
INFO: [ app_init ] --END-- [ RunTime:0.000000s ]
INFO: [ app_begin ] --START--
INFO: Run Behavior\ReadHtmlCacheBehavior [ RunTime:0.001000s ]
INFO: [ app_begin ] --END-- [ RunTime:0.001000s ]
SQL: SHOW COLUMNS FROM `as_notice` [ RunTime:0.0080s ]
SQL: DELETE FROM `as_notice` WHERE ( id=23 ) [ RunTime:0.0810s ]

[ 2015-04-06T00:26:31+08:00 ] 127.0.0.1 /AppServer/Admin/System/Notice/page/1
INFO: [ app_init ] --START--
INFO: Run Behavior\BuildLiteBehavior [ RunTime:0.000000s ]
INFO: [ app_init ] --END-- [ RunTime:0.000000s ]

[ 2015-04-06T00:26:39+08:00 ] 127.0.0.1 /AppServer/Admin/System/insertNotice
INFO: [ app_init ] --START--
INFO: Run Behavior\BuildLiteBehavior [ RunTime:0.000000s ]
INFO: [ app_init ] --END-- [ RunTime:0.001000s ]

[ 2015-04-06T00:26:39+08:00 ] 127.0.0.1 /AppServer/Admin/System/Notice/page/1
INFO: [ app_init ] --START--
INFO: Run Behavior\BuildLiteBehavior [ RunTime:0.000000s ]
INFO: [ app_init ] --END-- [ RunTime:0.001000s ]

[ 2015-04-06T00:27:12+08:00 ] 127.0.0.1 /AppServer/Admin/System/insertNotice
INFO: [ app_init ] --START--
INFO: Run Behavior\BuildLiteBehavior [ RunTime:0.000000s ]
INFO: [ app_init ] --END-- [ RunTime:0.000000s ]

[ 2015-04-06T00:27:12+08:00 ] 127.0.0.1 /AppServer/Admin/System/Notice/page/1
INFO: [ app_init ] --START--
INFO: Run Behavior\BuildLiteBehavior [ RunTime:0.000000s ]
INFO: [ app_init ] --END-- [ RunTime:0.001000s ]

[ 2015-04-06T00:27:16+08:00 ] 127.0.0.1 /AppServer/Admin/System/noticeDelete
INFO: [ app_init ] --START--
INFO: Run Behavior\BuildLiteBehavior [ RunTime:0.000000s ]
INFO: [ app_init ] --END-- [ RunTime:0.004000s ]
INFO: [ app_begin ] --START--
INFO: Run Behavior\ReadHtmlCacheBehavior [ RunTime:0.002000s ]
INFO: [ app_begin ] --END-- [ RunTime:0.002000s ]
SQL: SHOW COLUMNS FROM `as_notice` [ RunTime:0.0240s ]
SQL: DELETE FROM `as_notice` WHERE ( id=25 ) [ RunTime:0.1420s ]

[ 2015-04-06T00:27:16+08:00 ] 127.0.0.1 /AppServer/Admin/System/Notice/page/1
INFO: [ app_init ] --START--
INFO: Run Behavior\BuildLiteBehavior [ RunTime:0.000000s ]
INFO: [ app_init ] --END-- [ RunTime:0.000000s ]

[ 2015-04-06T00:27:25+08:00 ] 127.0.0.1 /AppServer/Admin/System/insertNotice
INFO: [ app_init ] --START--
INFO: Run Behavior\BuildLiteBehavior [ RunTime:0.000000s ]
INFO: [ app_init ] --END-- [ RunTime:0.002000s ]

[ 2015-04-06T00:27:25+08:00 ] 127.0.0.1 /AppServer/Admin/System/Notice/page/1
INFO: [ app_init ] --START--
INFO: Run Behavior\BuildLiteBehavior [ RunTime:0.000000s ]
INFO: [ app_init ] --END-- [ RunTime:0.001000s ]

[ 2015-04-06T00:27:30+08:00 ] 127.0.0.1 /AppServer/Admin/System/noticeDelete
INFO: [ app_init ] --START--
INFO: Run Behavior\BuildLiteBehavior [ RunTime:0.000000s ]
INFO: [ app_init ] --END-- [ RunTime:0.000000s ]
INFO: [ app_begin ] --START--
INFO: Run Behavior\ReadHtmlCacheBehavior [ RunTime:0.001000s ]
INFO: [ app_begin ] --END-- [ RunTime:0.001000s ]
SQL: SHOW COLUMNS FROM `as_notice` [ RunTime:0.0080s ]
SQL: DELETE FROM `as_notice` WHERE ( id=26 ) [ RunTime:0.1220s ]

[ 2015-04-06T00:27:30+08:00 ] 127.0.0.1 /AppServer/Admin/System/Notice/page/1
INFO: [ app_init ] --START--
INFO: Run Behavior\BuildLiteBehavior [ RunTime:0.000000s ]
INFO: [ app_init ] --END-- [ RunTime:0.000000s ]

[ 2015-04-06T00:27:36+08:00 ] 127.0.0.1 /AppServer/Admin/System/insertNotice
INFO: [ app_init ] --START--
INFO: Run Behavior\BuildLiteBehavior [ RunTime:0.000000s ]
INFO: [ app_init ] --END-- [ RunTime:0.001000s ]

[ 2015-04-06T00:27:36+08:00 ] 127.0.0.1 /AppServer/Admin/System/Notice/page/1
INFO: [ app_init ] --START--
INFO: Run Behavior\BuildLiteBehavior [ RunTime:0.000000s ]
INFO: [ app_init ] --END-- [ RunTime:0.000000s ]

[ 2015-04-06T00:27:39+08:00 ] 127.0.0.1 /AppServer/Admin/System/noticeDelete
INFO: [ app_init ] --START--
INFO: Run Behavior\BuildLiteBehavior [ RunTime:0.000000s ]
INFO: [ app_init ] --END-- [ RunTime:0.000000s ]
INFO: [ app_begin ] --START--
INFO: Run Behavior\ReadHtmlCacheBehavior [ RunTime:0.001000s ]
INFO: [ app_begin ] --END-- [ RunTime:0.001000s ]
SQL: SHOW COLUMNS FROM `as_notice` [ RunTime:0.0080s ]
SQL: DELETE FROM `as_notice` WHERE ( id=27 ) [ RunTime:0.1030s ]

[ 2015-04-06T00:27:39+08:00 ] 127.0.0.1 /AppServer/Admin/System/Notice/page/1
INFO: [ app_init ] --START--
INFO: Run Behavior\BuildLiteBehavior [ RunTime:0.000000s ]
INFO: [ app_init ] --END-- [ RunTime:0.001000s ]

[ 2015-04-06T00:27:45+08:00 ] 127.0.0.1 /AppServer/Admin/System/insertNotice
INFO: [ app_init ] --START--
INFO: Run Behavior\BuildLiteBehavior [ RunTime:0.000000s ]
INFO: [ app_init ] --END-- [ RunTime:0.000000s ]

[ 2015-04-06T00:27:45+08:00 ] 127.0.0.1 /AppServer/Admin/System/Notice/page/1
INFO: [ app_init ] --START--
INFO: Run Behavior\BuildLiteBehavior [ RunTime:0.000000s ]
INFO: [ app_init ] --END-- [ RunTime:0.000000s ]

[ 2015-04-06T00:27:49+08:00 ] 127.0.0.1 /AppServer/Admin/System/noticeDelete
INFO: [ app_init ] --START--
INFO: Run Behavior\BuildLiteBehavior [ RunTime:0.000000s ]
INFO: [ app_init ] --END-- [ RunTime:0.001001s ]
INFO: [ app_begin ] --START--
INFO: Run Behavior\ReadHtmlCacheBehavior [ RunTime:0.002000s ]
INFO: [ app_begin ] --END-- [ RunTime:0.002000s ]
SQL: SHOW COLUMNS FROM `as_notice` [ RunTime:0.0080s ]
SQL: DELETE FROM `as_notice` WHERE ( id=28 ) [ RunTime:0.0390s ]

[ 2015-04-06T00:27:49+08:00 ] 127.0.0.1 /AppServer/Admin/System/Notice/page/1
INFO: [ app_init ] --START--
INFO: Run Behavior\BuildLiteBehavior [ RunTime:0.000000s ]
INFO: [ app_init ] --END-- [ RunTime:0.001000s ]

[ 2015-04-06T00:27:55+08:00 ] 127.0.0.1 /AppServer/Admin/System/insertNotice
INFO: [ app_init ] --START--
INFO: Run Behavior\BuildLiteBehavior [ RunTime:0.000000s ]
INFO: [ app_init ] --END-- [ RunTime:0.001000s ]

[ 2015-04-06T00:27:55+08:00 ] 127.0.0.1 /AppServer/Admin/System/Notice/page/1
INFO: [ app_init ] --START--
INFO: Run Behavior\BuildLiteBehavior [ RunTime:0.000000s ]
INFO: [ app_init ] --END-- [ RunTime:0.000000s ]

[ 2015-04-06T00:27:59+08:00 ] 127.0.0.1 /AppServer/Admin/System/noticeDelete
INFO: [ app_init ] --START--
INFO: Run Behavior\BuildLiteBehavior [ RunTime:0.000000s ]
INFO: [ app_init ] --END-- [ RunTime:0.001000s ]
INFO: [ app_begin ] --START--
INFO: Run Behavior\ReadHtmlCacheBehavior [ RunTime:0.001000s ]
INFO: [ app_begin ] --END-- [ RunTime:0.001000s ]
SQL: SHOW COLUMNS FROM `as_notice` [ RunTime:0.0270s ]
SQL: DELETE FROM `as_notice` WHERE ( id=29 ) [ RunTime:0.0510s ]

[ 2015-04-06T00:27:59+08:00 ] 127.0.0.1 /AppServer/Admin/System/Notice/page/1
INFO: [ app_init ] --START--
INFO: Run Behavior\BuildLiteBehavior [ RunTime:0.000000s ]
INFO: [ app_init ] --END-- [ RunTime:0.000000s ]

[ 2015-04-06T00:28:08+08:00 ] 127.0.0.1 /AppServer/Admin/System/insertNotice
INFO: [ app_init ] --START--
INFO: Run Behavior\BuildLiteBehavior [ RunTime:0.000000s ]
INFO: [ app_init ] --END-- [ RunTime:0.001000s ]

[ 2015-04-06T00:28:08+08:00 ] 127.0.0.1 /AppServer/Admin/System/Notice/page/1
INFO: [ app_init ] --START--
INFO: Run Behavior\BuildLiteBehavior [ RunTime:0.000000s ]
INFO: [ app_init ] --END-- [ RunTime:0.001000s ]

[ 2015-04-06T00:28:11+08:00 ] 127.0.0.1 /AppServer/Admin/System/noticeDelete
INFO: [ app_init ] --START--
INFO: Run Behavior\BuildLiteBehavior [ RunTime:0.000000s ]
INFO: [ app_init ] --END-- [ RunTime:0.001000s ]
INFO: [ app_begin ] --START--
INFO: Run Behavior\ReadHtmlCacheBehavior [ RunTime:0.001000s ]
INFO: [ app_begin ] --END-- [ RunTime:0.001000s ]
SQL: SHOW COLUMNS FROM `as_notice` [ RunTime:0.0080s ]
SQL: DELETE FROM `as_notice` WHERE ( id=30 ) [ RunTime:0.1100s ]

[ 2015-04-06T00:28:11+08:00 ] 127.0.0.1 /AppServer/Admin/System/Notice/page/1
INFO: [ app_init ] --START--
INFO: Run Behavior\BuildLiteBehavior [ RunTime:0.000000s ]
INFO: [ app_init ] --END-- [ RunTime:0.001000s ]

[ 2015-04-06T00:28:16+08:00 ] 127.0.0.1 /AppServer/Admin/System/insertNotice
INFO: [ app_init ] --START--
INFO: Run Behavior\BuildLiteBehavior [ RunTime:0.000000s ]
INFO: [ app_init ] --END-- [ RunTime:0.000000s ]

[ 2015-04-06T00:28:16+08:00 ] 127.0.0.1 /AppServer/Admin/System/Notice/page/1
INFO: [ app_init ] --START--
INFO: Run Behavior\BuildLiteBehavior [ RunTime:0.000000s ]
INFO: [ app_init ] --END-- [ RunTime:0.001001s ]

[ 2015-04-06T00:30:32+08:00 ] 127.0.0.1 /AppServer/Admin/System/insertNotice
INFO: [ app_init ] --START--
INFO: Run Behavior\BuildLiteBehavior [ RunTime:0.000000s ]
INFO: [ app_init ] --END-- [ RunTime:0.000000s ]

[ 2015-04-06T00:30:32+08:00 ] 127.0.0.1 /AppServer/Admin/System/Notice/page/1
INFO: [ app_init ] --START--
INFO: Run Behavior\BuildLiteBehavior [ RunTime:0.000000s ]
INFO: [ app_init ] --END-- [ RunTime:0.001000s ]

[ 2015-04-06T00:31:22+08:00 ] 127.0.0.1 /AppServer/Admin/System/insertNotice
INFO: [ app_init ] --START--
INFO: Run Behavior\BuildLiteBehavior [ RunTime:0.000000s ]
INFO: [ app_init ] --END-- [ RunTime:0.001000s ]

[ 2015-04-06T00:31:22+08:00 ] 127.0.0.1 /AppServer/Admin/System/Notice/page/1
INFO: [ app_init ] --START--
INFO: Run Behavior\BuildLiteBehavior [ RunTime:0.000000s ]
INFO: [ app_init ] --END-- [ RunTime:0.000000s ]

[ 2015-04-06T00:31:32+08:00 ] 127.0.0.1 /AppServer/Admin/System/noticeEdit
INFO: [ app_init ] --START--
INFO: Run Behavior\BuildLiteBehavior [ RunTime:0.000000s ]
INFO: [ app_init ] --END-- [ RunTime:0.000000s ]

[ 2015-04-06T00:31:32+08:00 ] 127.0.0.1 /AppServer/Admin/System/Notice/page/1
INFO: [ app_init ] --START--
INFO: Run Behavior\BuildLiteBehavior [ RunTime:0.000000s ]
INFO: [ app_init ] --END-- [ RunTime:0.001000s ]

[ 2015-04-06T00:32:34+08:00 ] 127.0.0.1 /AppServer/Admin/System/noticeDelete
INFO: [ app_init ] --START--
INFO: Run Behavior\BuildLiteBehavior [ RunTime:0.000000s ]
INFO: [ app_init ] --END-- [ RunTime:0.000000s ]
INFO: [ app_begin ] --START--
INFO: Run Behavior\ReadHtmlCacheBehavior [ RunTime:0.000000s ]
INFO: [ app_begin ] --END-- [ RunTime:0.000000s ]
SQL: SHOW COLUMNS FROM `as_notice` [ RunTime:0.0090s ]
SQL: DELETE FROM `as_notice` WHERE ( id=31 ) [ RunTime:0.0390s ]

[ 2015-04-06T00:32:34+08:00 ] 127.0.0.1 /AppServer/Admin/System/Notice/page/1
INFO: [ app_init ] --START--
INFO: Run Behavior\BuildLiteBehavior [ RunTime:0.000000s ]
INFO: [ app_init ] --END-- [ RunTime:0.001000s ]

[ 2015-04-06T01:08:27+08:00 ] 127.0.0.1 /AppServer/Admin/System/Notice/page/1
INFO: [ app_init ] --START--
INFO: Run Behavior\BuildLiteBehavior [ RunTime:0.000000s ]
INFO: [ app_init ] --END-- [ RunTime:0.001000s ]

[ 2015-04-06T01:08:37+08:00 ] 127.0.0.1 /AppServer/Admin/User/userList/page/1
INFO: [ app_init ] --START--
INFO: Run Behavior\BuildLiteBehavior [ RunTime:0.000000s ]
INFO: [ app_init ] --END-- [ RunTime:0.001000s ]

[ 2015-04-06T01:08:41+08:00 ] 127.0.0.1 /AppServer/Admin/User/userList/page/1
INFO: [ app_init ] --START--
INFO: Run Behavior\BuildLiteBehavior [ RunTime:0.000000s ]
INFO: [ app_init ] --END-- [ RunTime:0.000000s ]

[ 2015-04-06T01:10:29+08:00 ] 127.0.0.1 /AppServer/Admin/
INFO: [ app_init ] --START--
INFO: Run Behavior\BuildLiteBehavior [ RunTime:0.000000s ]
INFO: [ app_init ] --END-- [ RunTime:0.001000s ]

[ 2015-04-06T02:05:35+08:00 ] 127.0.0.1 /AppServer/Admin/
INFO: [ app_init ] --START--
INFO: Run Behavior\BuildLiteBehavior [ RunTime:0.000000s ]
INFO: [ app_init ] --END-- [ RunTime:0.000000s ]

[ 2015-04-06T12:56:36+08:00 ] 127.0.0.1 /AppServer/Admin/
INFO: [ app_init ] --START--
INFO: Run Behavior\BuildLiteBehavior [ RunTime:0.001000s ]
INFO: [ app_init ] --END-- [ RunTime:0.001000s ]

[ 2015-04-06T14:58:52+08:00 ] 127.0.0.1 /AppServer/Admin/
INFO: [ app_init ] --START--
INFO: Run Behavior\BuildLiteBehavior [ RunTime:0.000000s ]
INFO: [ app_init ] --END-- [ RunTime:0.000000s ]

[ 2015-04-06T14:58:57+08:00 ] 127.0.0.1 /AppServer/Admin/Index/login
INFO: [ app_init ] --START--
INFO: Run Behavior\BuildLiteBehavior [ RunTime:0.000000s ]
INFO: [ app_init ] --END-- [ RunTime:0.001000s ]
INFO: [ app_begin ] --START--
INFO: Run Behavior\ReadHtmlCacheBehavior [ RunTime:0.002000s ]
INFO: [ app_begin ] --END-- [ RunTime:0.002000s ]
SQL: SHOW COLUMNS FROM `as_admin` [ RunTime:0.5300s ]
SQL: SELECT * FROM `as_admin` WHERE `admin_id` = 2011051309 AND `pwd` = '3d68e7f26ad605b7f4e392d9b59e8478' LIMIT 1   [ RunTime:0.1440s ]
SQL: SHOW COLUMNS FROM `as_loginrecord` [ RunTime:0.1790s ]
SQL: INSERT INTO `as_loginrecord` (`ip`,`location`,`time`,`admin_id`) VALUES ('127.0.0.1','本机地址','1428303537','2011051309') [ RunTime:0.3280s ]

[ 2015-04-06T14:58:58+08:00 ] 127.0.0.1 /AppServer/Admin/Main/main
INFO: [ app_init ] --START--
INFO: Run Behavior\BuildLiteBehavior [ RunTime:0.000000s ]
INFO: [ app_init ] --END-- [ RunTime:0.001000s ]

[ 2015-04-06T14:59:01+08:00 ] 127.0.0.1 /AppServer/Admin/System/Notice/page/1
INFO: [ app_init ] --START--
INFO: Run Behavior\BuildLiteBehavior [ RunTime:0.000000s ]
INFO: [ app_init ] --END-- [ RunTime:0.001000s ]

[ 2015-04-06T14:59:13+08:00 ] 127.0.0.1 /AppServer/Admin/System/insertNotice
INFO: [ app_init ] --START--
INFO: Run Behavior\BuildLiteBehavior [ RunTime:0.000000s ]
INFO: [ app_init ] --END-- [ RunTime:0.000000s ]

[ 2015-04-06T14:59:13+08:00 ] 127.0.0.1 /AppServer/Admin/System/Notice/page/1
INFO: [ app_init ] --START--
INFO: Run Behavior\BuildLiteBehavior [ RunTime:0.000000s ]
INFO: [ app_init ] --END-- [ RunTime:0.000000s ]

[ 2015-04-06T14:59:18+08:00 ] 127.0.0.1 /AppServer/Admin/System/insertNotice
INFO: [ app_init ] --START--
INFO: Run Behavior\BuildLiteBehavior [ RunTime:0.000000s ]
INFO: [ app_init ] --END-- [ RunTime:0.001000s ]

[ 2015-04-06T14:59:18+08:00 ] 127.0.0.1 /AppServer/Admin/System/Notice/page/1
INFO: [ app_init ] --START--
INFO: Run Behavior\BuildLiteBehavior [ RunTime:0.000000s ]
INFO: [ app_init ] --END-- [ RunTime:0.000000s ]

[ 2015-04-06T14:59:33+08:00 ] 127.0.0.1 /AppServer/Admin/System/massDelete
INFO: [ app_init ] --START--
INFO: Run Behavior\BuildLiteBehavior [ RunTime:0.000000s ]
INFO: [ app_init ] --END-- [ RunTime:0.001000s ]
INFO: [ app_begin ] --START--
INFO: Run Behavior\ReadHtmlCacheBehavior [ RunTime:0.001000s ]
INFO: [ app_begin ] --END-- [ RunTime:0.001000s ]
NOTIC: [8] Undefined variable: primary E:\xampp\htdocs\AppServer\Application\Admin\Controller\SystemController.class.php 第 124 行.
SQL: SHOW COLUMNS FROM `as_notice` [ RunTime:0.0100s ]
SQL: DELETE FROM `as_notice` WHERE `id` IN ('35','34','') [ RunTime:0.2180s ]

[ 2015-04-06T14:59:43+08:00 ] 127.0.0.1 /AppServer/Admin/System/Notice/page/1
INFO: [ app_init ] --START--
INFO: Run Behavior\BuildLiteBehavior [ RunTime:0.000000s ]
INFO: [ app_init ] --END-- [ RunTime:0.000000s ]

[ 2015-04-06T17:04:56+08:00 ] 127.0.0.1 /AppServer/Admin/
INFO: [ app_init ] --START--
INFO: Run Behavior\BuildLiteBehavior [ RunTime:0.000000s ]
INFO: [ app_init ] --END-- [ RunTime:0.001000s ]

[ 2015-04-06T17:05:03+08:00 ] 127.0.0.1 /AppServer/Admin/Index/login
INFO: [ app_init ] --START--
INFO: Run Behavior\BuildLiteBehavior [ RunTime:0.000000s ]
INFO: [ app_init ] --END-- [ RunTime:0.001001s ]
INFO: [ app_begin ] --START--
INFO: Run Behavior\ReadHtmlCacheBehavior [ RunTime:0.001000s ]
INFO: [ app_begin ] --END-- [ RunTime:0.001000s ]
SQL: SHOW COLUMNS FROM `as_admin` [ RunTime:0.0200s ]
SQL: SELECT * FROM `as_admin` WHERE `admin_id` = 2011051309 AND `pwd` = '3d68e7f26ad605b7f4e392d9b59e8478' LIMIT 1   [ RunTime:0.1510s ]
SQL: SHOW COLUMNS FROM `as_loginrecord` [ RunTime:0.0410s ]
SQL: INSERT INTO `as_loginrecord` (`ip`,`location`,`time`,`admin_id`) VALUES ('127.0.0.1','本机地址','1428311103','2011051309') [ RunTime:0.3430s ]

[ 2015-04-06T17:05:03+08:00 ] 127.0.0.1 /AppServer/Admin/Main/main
INFO: [ app_init ] --START--
INFO: Run Behavior\BuildLiteBehavior [ RunTime:0.000000s ]
INFO: [ app_init ] --END-- [ RunTime:0.000000s ]

[ 2015-04-06T17:06:50+08:00 ] 127.0.0.1 /AppServer/Admin/User/userList/page/1
INFO: [ app_init ] --START--
INFO: Run Behavior\BuildLiteBehavior [ RunTime:0.000000s ]
INFO: [ app_init ] --END-- [ RunTime:0.001000s ]

[ 2015-04-06T21:25:57+08:00 ] 127.0.0.1 /AppServer/Admin/
INFO: [ app_init ] --START--
INFO: Run Behavior\BuildLiteBehavior [ RunTime:0.000000s ]
INFO: [ app_init ] --END-- [ RunTime:0.000000s ]

