[ 2015-04-04T13:49:34+08:00 ] 127.0.0.1 /AppServer/Admin/
INFO: [ app_init ] --START--
INFO: Run Behavior\BuildLiteBehavior [ RunTime:0.000000s ]
INFO: [ app_init ] --END-- [ RunTime:0.139506s ]

[ 2015-04-04T13:49:45+08:00 ] 127.0.0.1 /AppServer/Admin/Index/login
INFO: [ app_init ] --START--
INFO: Run Behavior\BuildLiteBehavior [ RunTime:0.001000s ]
INFO: [ app_init ] --END-- [ RunTime:0.001000s ]
INFO: [ app_begin ] --START--
INFO: Run Behavior\ReadHtmlCacheBehavior [ RunTime:0.000000s ]
INFO: [ app_begin ] --END-- [ RunTime:0.000000s ]
SQL: SHOW COLUMNS FROM `as_admin` [ RunTime:0.2150s ]
SQL: SELECT * FROM `as_admin` WHERE `admin_id` = 2011051309 AND `pwd` = '3d68e7f26ad605b7f4e392d9b59e8478' LIMIT 1   [ RunTime:0.0500s ]
SQL: SHOW COLUMNS FROM `as_loginrecord` [ RunTime:0.1050s ]
SQL: INSERT INTO `as_loginrecord` (`ip`,`location`,`time`,`admin_id`) VALUES ('127.0.0.1','本机地址','1428126584','2011051309') [ RunTime:0.2390s ]

[ 2015-04-04T13:49:45+08:00 ] 127.0.0.1 /AppServer/Admin/Main/main
INFO: [ app_init ] --START--
INFO: Run Behavior\BuildLiteBehavior [ RunTime:0.000000s ]
INFO: [ app_init ] --END-- [ RunTime:0.001000s ]

[ 2015-04-04T13:49:49+08:00 ] 127.0.0.1 /AppServer/Admin/User/userList/page/1
INFO: [ app_init ] --START--
INFO: Run Behavior\BuildLiteBehavior [ RunTime:0.000000s ]
INFO: [ app_init ] --END-- [ RunTime:0.001000s ]

[ 2015-04-04T13:49:52+08:00 ] 127.0.0.1 /AppServer/Admin/User/userList/page/1
INFO: [ app_init ] --START--
INFO: Run Behavior\BuildLiteBehavior [ RunTime:0.000000s ]
INFO: [ app_init ] --END-- [ RunTime:0.001000s ]

[ 2015-04-04T13:49:53+08:00 ] 127.0.0.1 /AppServer/Admin/User/userList/page/2
INFO: [ app_init ] --START--
INFO: Run Behavior\BuildLiteBehavior [ RunTime:0.000000s ]
INFO: [ app_init ] --END-- [ RunTime:0.000000s ]

[ 2015-04-04T13:49:54+08:00 ] 127.0.0.1 /AppServer/Admin/User/userList/page/3
INFO: [ app_init ] --START--
INFO: Run Behavior\BuildLiteBehavior [ RunTime:0.000000s ]
INFO: [ app_init ] --END-- [ RunTime:0.001001s ]

[ 2015-04-04T13:49:55+08:00 ] 127.0.0.1 /AppServer/Admin/User/userList/page/1
INFO: [ app_init ] --START--
INFO: Run Behavior\BuildLiteBehavior [ RunTime:0.000000s ]
INFO: [ app_init ] --END-- [ RunTime:0.001000s ]

[ 2015-04-04T13:50:59+08:00 ] 127.0.0.1 /AppServer/Admin/System/Notice/page/1
INFO: [ app_init ] --START--
INFO: Run Behavior\BuildLiteBehavior [ RunTime:0.000000s ]
INFO: [ app_init ] --END-- [ RunTime:0.000000s ]

[ 2015-04-04T14:18:06+08:00 ] 127.0.0.1 /AppServer/Admin/System/Notice/page/1
INFO: [ app_init ] --START--
INFO: Run Behavior\BuildLiteBehavior [ RunTime:0.000000s ]
INFO: [ app_init ] --END-- [ RunTime:0.001000s ]

[ 2015-04-04T14:18:07+08:00 ] 127.0.0.1 /AppServer/Admin/System/Notice/page/1
INFO: [ app_init ] --START--
INFO: Run Behavior\BuildLiteBehavior [ RunTime:0.000000s ]
INFO: [ app_init ] --END-- [ RunTime:0.000000s ]

[ 2015-04-04T14:21:16+08:00 ] 127.0.0.1 /AppServer/Admin/System/Notice/page/1
INFO: [ app_init ] --START--
INFO: Run Behavior\BuildLiteBehavior [ RunTime:0.000000s ]
INFO: [ app_init ] --END-- [ RunTime:0.001000s ]

[ 2015-04-04T14:21:19+08:00 ] 127.0.0.1 /AppServer/Admin/System/noticeDelete
INFO: [ app_init ] --START--
INFO: Run Behavior\BuildLiteBehavior [ RunTime:0.000000s ]
INFO: [ app_init ] --END-- [ RunTime:0.000000s ]
INFO: [ app_begin ] --START--
INFO: Run Behavior\ReadHtmlCacheBehavior [ RunTime:0.001000s ]
INFO: [ app_begin ] --END-- [ RunTime:0.001000s ]
SQL: SHOW COLUMNS FROM `as_notice` [ RunTime:0.0070s ]
SQL: DELETE FROM `as_notice` WHERE ( id=6 ) [ RunTime:0.2390s ]

[ 2015-04-04T14:21:19+08:00 ] 127.0.0.1 /AppServer/Admin/System/Notice/page/1
INFO: [ app_init ] --START--
INFO: Run Behavior\BuildLiteBehavior [ RunTime:0.000000s ]
INFO: [ app_init ] --END-- [ RunTime:0.000000s ]

[ 2015-04-04T14:21:22+08:00 ] 127.0.0.1 /AppServer/Admin/System/Notice/page/1
INFO: [ app_init ] --START--
INFO: Run Behavior\BuildLiteBehavior [ RunTime:0.000000s ]
INFO: [ app_init ] --END-- [ RunTime:0.001000s ]

[ 2015-04-04T14:24:44+08:00 ] 127.0.0.1 /AppServer/Admin/System/Notice/page/1
INFO: [ app_init ] --START--
INFO: Run Behavior\BuildLiteBehavior [ RunTime:0.000000s ]
INFO: [ app_init ] --END-- [ RunTime:0.001000s ]

[ 2015-04-04T14:27:30+08:00 ] 127.0.0.1 /AppServer/Admin/System/Notice/page/1
INFO: [ app_init ] --START--
INFO: Run Behavior\BuildLiteBehavior [ RunTime:0.000000s ]
INFO: [ app_init ] --END-- [ RunTime:0.000000s ]

[ 2015-04-04T15:19:00+08:00 ] 127.0.0.1 /AppServer/Admin/System/Notice/page/1
INFO: [ app_init ] --START--
INFO: Run Behavior\BuildLiteBehavior [ RunTime:0.000000s ]
INFO: [ app_init ] --END-- [ RunTime:0.000000s ]

[ 2015-04-04T15:25:26+08:00 ] 127.0.0.1 /AppServer/Admin/System/Notice/page/1
INFO: [ app_init ] --START--
INFO: Run Behavior\BuildLiteBehavior [ RunTime:0.000000s ]
INFO: [ app_init ] --END-- [ RunTime:0.001000s ]

[ 2015-04-04T15:26:44+08:00 ] 127.0.0.1 /AppServer/Admin/System/Notice/page/1
INFO: [ app_init ] --START--
INFO: Run Behavior\BuildLiteBehavior [ RunTime:0.000000s ]
INFO: [ app_init ] --END-- [ RunTime:0.000000s ]

[ 2015-04-04T15:26:50+08:00 ] 127.0.0.1 /AppServer/Admin/System/Notice/page/1
INFO: [ app_init ] --START--
INFO: Run Behavior\BuildLiteBehavior [ RunTime:0.000000s ]
INFO: [ app_init ] --END-- [ RunTime:0.000000s ]

[ 2015-04-04T15:26:55+08:00 ] 127.0.0.1 /AppServer/Admin/System/Notice/page/1
INFO: [ app_init ] --START--
INFO: Run Behavior\BuildLiteBehavior [ RunTime:0.000000s ]
INFO: [ app_init ] --END-- [ RunTime:0.001000s ]

[ 2015-04-04T15:30:47+08:00 ] 127.0.0.1 /AppServer/Admin/System/Notice/page/1
INFO: [ app_init ] --START--
INFO: Run Behavior\BuildLiteBehavior [ RunTime:0.000000s ]
INFO: [ app_init ] --END-- [ RunTime:0.000000s ]

[ 2015-04-04T15:31:38+08:00 ] 127.0.0.1 /AppServer/Admin/System/Notice/page/1
INFO: [ app_init ] --START--
INFO: Run Behavior\BuildLiteBehavior [ RunTime:0.000000s ]
INFO: [ app_init ] --END-- [ RunTime:0.001000s ]

[ 2015-04-04T15:31:55+08:00 ] 127.0.0.1 /AppServer/Admin
INFO: [ app_init ] --START--
INFO: Run Behavior\BuildLiteBehavior [ RunTime:0.000000s ]
INFO: [ app_init ] --END-- [ RunTime:0.001000s ]

[ 2015-04-04T15:32:10+08:00 ] 127.0.0.1 /AppServer/Admin/Index/login
INFO: [ app_init ] --START--
INFO: Run Behavior\BuildLiteBehavior [ RunTime:0.000000s ]
INFO: [ app_init ] --END-- [ RunTime:0.001000s ]
INFO: [ app_begin ] --START--
INFO: Run Behavior\ReadHtmlCacheBehavior [ RunTime:0.000000s ]
INFO: [ app_begin ] --END-- [ RunTime:0.000000s ]
SQL: SHOW COLUMNS FROM `as_admin` [ RunTime:0.0060s ]
SQL: SELECT * FROM `as_admin` WHERE `admin_id` = 2011051309 AND `pwd` = '3d68e7f26ad605b7f4e392d9b59e8478' LIMIT 1   [ RunTime:0.0010s ]
SQL: SHOW COLUMNS FROM `as_loginrecord` [ RunTime:0.0070s ]
SQL: INSERT INTO `as_loginrecord` (`ip`,`location`,`time`,`admin_id`) VALUES ('127.0.0.1','本机地址','1428132730','2011051309') [ RunTime:0.0650s ]

[ 2015-04-04T15:32:10+08:00 ] 127.0.0.1 /AppServer/Admin/Main/main
INFO: [ app_init ] --START--
INFO: Run Behavior\BuildLiteBehavior [ RunTime:0.000000s ]
INFO: [ app_init ] --END-- [ RunTime:0.000000s ]

[ 2015-04-04T15:32:13+08:00 ] 127.0.0.1 /AppServer/Admin/System/Notice/page/1
INFO: [ app_init ] --START--
INFO: Run Behavior\BuildLiteBehavior [ RunTime:0.000000s ]
INFO: [ app_init ] --END-- [ RunTime:0.001000s ]

[ 2015-04-04T15:34:18+08:00 ] 127.0.0.1 /AppServer/Admin/System/Notice/page/1
INFO: [ app_init ] --START--
INFO: Run Behavior\BuildLiteBehavior [ RunTime:0.000000s ]
INFO: [ app_init ] --END-- [ RunTime:0.000000s ]

[ 2015-04-04T15:35:08+08:00 ] 127.0.0.1 /AppServer/Admin/System/Notice/page/1
INFO: [ app_init ] --START--
INFO: Run Behavior\BuildLiteBehavior [ RunTime:0.000000s ]
INFO: [ app_init ] --END-- [ RunTime:0.001000s ]

[ 2015-04-04T15:36:28+08:00 ] 127.0.0.1 /AppServer/Admin/System/Notice/page/1
INFO: [ app_init ] --START--
INFO: Run Behavior\BuildLiteBehavior [ RunTime:0.000000s ]
INFO: [ app_init ] --END-- [ RunTime:0.000000s ]

[ 2015-04-04T15:36:50+08:00 ] 127.0.0.1 /AppServer/Admin/System/Notice/page/1
INFO: [ app_init ] --START--
INFO: Run Behavior\BuildLiteBehavior [ RunTime:0.000000s ]
INFO: [ app_init ] --END-- [ RunTime:0.001000s ]

[ 2015-04-04T15:36:57+08:00 ] 127.0.0.1 /AppServer/Admin/System/Notice/page/1
INFO: [ app_init ] --START--
INFO: Run Behavior\BuildLiteBehavior [ RunTime:0.000000s ]
INFO: [ app_init ] --END-- [ RunTime:0.000000s ]

[ 2015-04-04T15:37:11+08:00 ] 127.0.0.1 /AppServer/Admin/System/Notice/page/1
INFO: [ app_init ] --START--
INFO: Run Behavior\BuildLiteBehavior [ RunTime:0.000000s ]
INFO: [ app_init ] --END-- [ RunTime:0.001000s ]

[ 2015-04-04T15:37:22+08:00 ] 127.0.0.1 /AppServer/Admin/System/Notice/page/1
INFO: [ app_init ] --START--
INFO: Run Behavior\BuildLiteBehavior [ RunTime:0.000000s ]
INFO: [ app_init ] --END-- [ RunTime:0.001000s ]

[ 2015-04-04T15:37:32+08:00 ] 127.0.0.1 /AppServer/Admin/System/Notice/page/1
INFO: [ app_init ] --START--
INFO: Run Behavior\BuildLiteBehavior [ RunTime:0.000000s ]
INFO: [ app_init ] --END-- [ RunTime:0.001000s ]

[ 2015-04-04T15:40:52+08:00 ] 127.0.0.1 /AppServer/Admin/System/Notice/page/1
INFO: [ app_init ] --START--
INFO: Run Behavior\BuildLiteBehavior [ RunTime:0.000000s ]
INFO: [ app_init ] --END-- [ RunTime:0.001001s ]

[ 2015-04-04T15:41:26+08:00 ] 127.0.0.1 /AppServer/Admin/System/Notice/page/1
INFO: [ app_init ] --START--
INFO: Run Behavior\BuildLiteBehavior [ RunTime:0.000000s ]
INFO: [ app_init ] --END-- [ RunTime:0.000000s ]

[ 2015-04-04T15:51:13+08:00 ] 127.0.0.1 /AppServer/Admin/System/Notice/page/1
INFO: [ app_init ] --START--
INFO: Run Behavior\BuildLiteBehavior [ RunTime:0.000000s ]
INFO: [ app_init ] --END-- [ RunTime:0.000000s ]

[ 2015-04-04T15:51:39+08:00 ] 127.0.0.1 /AppServer/Admin/System/Notice/page/1
INFO: [ app_init ] --START--
INFO: Run Behavior\BuildLiteBehavior [ RunTime:0.000000s ]
INFO: [ app_init ] --END-- [ RunTime:0.001000s ]

[ 2015-04-04T15:51:41+08:00 ] 127.0.0.1 /AppServer/Admin/System/Notice/page/1
INFO: [ app_init ] --START--
INFO: Run Behavior\BuildLiteBehavior [ RunTime:0.000000s ]
INFO: [ app_init ] --END-- [ RunTime:0.001000s ]

[ 2015-04-04T15:51:41+08:00 ] 127.0.0.1 /AppServer/Admin/System/Notice/page/1
INFO: [ app_init ] --START--
INFO: Run Behavior\BuildLiteBehavior [ RunTime:0.000000s ]
INFO: [ app_init ] --END-- [ RunTime:0.001000s ]

[ 2015-04-04T15:51:41+08:00 ] 127.0.0.1 /AppServer/Admin/System/Notice/page/1
INFO: [ app_init ] --START--
INFO: Run Behavior\BuildLiteBehavior [ RunTime:0.000000s ]
INFO: [ app_init ] --END-- [ RunTime:0.000000s ]

[ 2015-04-04T15:55:14+08:00 ] 127.0.0.1 /AppServer/Admin/System/Notice/page/1
INFO: [ app_init ] --START--
INFO: Run Behavior\BuildLiteBehavior [ RunTime:0.000000s ]
INFO: [ app_init ] --END-- [ RunTime:0.001001s ]

[ 2015-04-04T15:55:39+08:00 ] 127.0.0.1 /AppServer/Admin
INFO: [ app_init ] --START--
INFO: Run Behavior\BuildLiteBehavior [ RunTime:0.000000s ]
INFO: [ app_init ] --END-- [ RunTime:0.001000s ]

[ 2015-04-04T15:56:09+08:00 ] 127.0.0.1 /AppServer/Admin/Index/login
INFO: [ app_init ] --START--
INFO: Run Behavior\BuildLiteBehavior [ RunTime:0.000000s ]
INFO: [ app_init ] --END-- [ RunTime:0.002001s ]
INFO: [ app_begin ] --START--
INFO: Run Behavior\ReadHtmlCacheBehavior [ RunTime:0.000000s ]
INFO: [ app_begin ] --END-- [ RunTime:0.000000s ]
SQL: SHOW COLUMNS FROM `as_admin` [ RunTime:0.0120s ]
SQL: SELECT * FROM `as_admin` WHERE `admin_id` = 2011051309 AND `pwd` = '3d68e7f26ad605b7f4e392d9b59e8478' LIMIT 1   [ RunTime:0.0010s ]
SQL: SHOW COLUMNS FROM `as_loginrecord` [ RunTime:0.0070s ]
SQL: INSERT INTO `as_loginrecord` (`ip`,`location`,`time`,`admin_id`) VALUES ('127.0.0.1','本机地址','1428134168','2011051309') [ RunTime:0.1220s ]

[ 2015-04-04T15:56:09+08:00 ] 127.0.0.1 /AppServer/Admin/Main/main
INFO: [ app_init ] --START--
INFO: Run Behavior\BuildLiteBehavior [ RunTime:0.000000s ]
INFO: [ app_init ] --END-- [ RunTime:0.000000s ]

[ 2015-04-04T15:56:12+08:00 ] 127.0.0.1 /AppServer/Admin/System/Notice/page/1
INFO: [ app_init ] --START--
INFO: Run Behavior\BuildLiteBehavior [ RunTime:0.000000s ]
INFO: [ app_init ] --END-- [ RunTime:0.001001s ]

[ 2015-04-04T16:08:47+08:00 ] 127.0.0.1 /AppServer/Admin/System/Notice/page/1
INFO: [ app_init ] --START--
INFO: Run Behavior\BuildLiteBehavior [ RunTime:0.000000s ]
INFO: [ app_init ] --END-- [ RunTime:0.001000s ]

[ 2015-04-04T16:08:47+08:00 ] 127.0.0.1 /AppServer/Admin/System/Notice/page/1
INFO: [ app_init ] --START--
INFO: Run Behavior\BuildLiteBehavior [ RunTime:0.000000s ]
INFO: [ app_init ] --END-- [ RunTime:0.001000s ]

[ 2015-04-04T16:09:38+08:00 ] 127.0.0.1 /AppServer/Admin/System/Notice/page/1
INFO: [ app_init ] --START--
INFO: Run Behavior\BuildLiteBehavior [ RunTime:0.000000s ]
INFO: [ app_init ] --END-- [ RunTime:0.001000s ]

[ 2015-04-04T16:09:59+08:00 ] 127.0.0.1 /AppServer/Admin/System/Notice/page/1
INFO: [ app_init ] --START--
INFO: Run Behavior\BuildLiteBehavior [ RunTime:0.000000s ]
INFO: [ app_init ] --END-- [ RunTime:0.001000s ]

[ 2015-04-04T16:10:10+08:00 ] 127.0.0.1 /AppServer/Admin/System/Notice/page/1
INFO: [ app_init ] --START--
INFO: Run Behavior\BuildLiteBehavior [ RunTime:0.000000s ]
INFO: [ app_init ] --END-- [ RunTime:0.000000s ]

[ 2015-04-04T16:12:28+08:00 ] 127.0.0.1 /AppServer/Admin/System/Notice/page/1
INFO: [ app_init ] --START--
INFO: Run Behavior\BuildLiteBehavior [ RunTime:0.000000s ]
INFO: [ app_init ] --END-- [ RunTime:0.000000s ]

[ 2015-04-04T16:15:14+08:00 ] 127.0.0.1 /AppServer/Admin/System/Notice/page/1
INFO: [ app_init ] --START--
INFO: Run Behavior\BuildLiteBehavior [ RunTime:0.000000s ]
INFO: [ app_init ] --END-- [ RunTime:0.001000s ]

[ 2015-04-04T16:17:08+08:00 ] 127.0.0.1 /AppServer/Admin/System/Notice/page/1
INFO: [ app_init ] --START--
INFO: Run Behavior\BuildLiteBehavior [ RunTime:0.000000s ]
INFO: [ app_init ] --END-- [ RunTime:0.001000s ]

[ 2015-04-04T16:17:37+08:00 ] 127.0.0.1 /AppServer/Admin/System/Notice/page/1
INFO: [ app_init ] --START--
INFO: Run Behavior\BuildLiteBehavior [ RunTime:0.000000s ]
INFO: [ app_init ] --END-- [ RunTime:0.001000s ]

[ 2015-04-04T16:17:39+08:00 ] 127.0.0.1 /AppServer/Admin/User/userList/page/1
INFO: [ app_init ] --START--
INFO: Run Behavior\BuildLiteBehavior [ RunTime:0.000000s ]
INFO: [ app_init ] --END-- [ RunTime:0.000000s ]

[ 2015-04-04T16:17:41+08:00 ] 127.0.0.1 /AppServer/Admin/System/Notice/page/1
INFO: [ app_init ] --START--
INFO: Run Behavior\BuildLiteBehavior [ RunTime:0.000000s ]
INFO: [ app_init ] --END-- [ RunTime:0.001000s ]

[ 2015-04-04T16:17:57+08:00 ] 127.0.0.1 /AppServer/Admin/System/Notice/page/1
INFO: [ app_init ] --START--
INFO: Run Behavior\BuildLiteBehavior [ RunTime:0.000000s ]
INFO: [ app_init ] --END-- [ RunTime:0.000000s ]

[ 2015-04-04T16:18:00+08:00 ] 127.0.0.1 /AppServer/Admin/System/Notice/page/1
INFO: [ app_init ] --START--
INFO: Run Behavior\BuildLiteBehavior [ RunTime:0.000000s ]
INFO: [ app_init ] --END-- [ RunTime:0.001000s ]

[ 2015-04-04T16:18:04+08:00 ] 127.0.0.1 /AppServer/Admin/User/userList/page/1
INFO: [ app_init ] --START--
INFO: Run Behavior\BuildLiteBehavior [ RunTime:0.000000s ]
INFO: [ app_init ] --END-- [ RunTime:0.001000s ]

[ 2015-04-04T16:18:07+08:00 ] 127.0.0.1 /AppServer/Admin/System/Notice/page/1
INFO: [ app_init ] --START--
INFO: Run Behavior\BuildLiteBehavior [ RunTime:0.000000s ]
INFO: [ app_init ] --END-- [ RunTime:0.000000s ]

[ 2015-04-04T16:18:27+08:00 ] 127.0.0.1 /AppServer/Admin/System/Notice/page/1
INFO: [ app_init ] --START--
INFO: Run Behavior\BuildLiteBehavior [ RunTime:0.000000s ]
INFO: [ app_init ] --END-- [ RunTime:0.001000s ]

[ 2015-04-04T16:18:34+08:00 ] 127.0.0.1 /AppServer/Admin/System/Notice/page/1
INFO: [ app_init ] --START--
INFO: Run Behavior\BuildLiteBehavior [ RunTime:0.000000s ]
INFO: [ app_init ] --END-- [ RunTime:0.000000s ]

[ 2015-04-04T16:18:44+08:00 ] 127.0.0.1 /AppServer/Admin/System/Notice/page/1
INFO: [ app_init ] --START--
INFO: Run Behavior\BuildLiteBehavior [ RunTime:0.000000s ]
INFO: [ app_init ] --END-- [ RunTime:0.001000s ]

[ 2015-04-04T16:18:47+08:00 ] 127.0.0.1 /AppServer/Admin/User/userList/page/1
INFO: [ app_init ] --START--
INFO: Run Behavior\BuildLiteBehavior [ RunTime:0.001000s ]
INFO: [ app_init ] --END-- [ RunTime:0.001000s ]

[ 2015-04-04T16:18:49+08:00 ] 127.0.0.1 /AppServer/Admin/System/Notice/page/1
INFO: [ app_init ] --START--
INFO: Run Behavior\BuildLiteBehavior [ RunTime:0.000000s ]
INFO: [ app_init ] --END-- [ RunTime:0.001000s ]

[ 2015-04-04T16:18:56+08:00 ] 127.0.0.1 /AppServer/Admin/System/Notice/page/1
INFO: [ app_init ] --START--
INFO: Run Behavior\BuildLiteBehavior [ RunTime:0.000000s ]
INFO: [ app_init ] --END-- [ RunTime:0.001000s ]

[ 2015-04-04T16:18:59+08:00 ] 127.0.0.1 /AppServer/Admin/User/userList/page/1
INFO: [ app_init ] --START--
INFO: Run Behavior\BuildLiteBehavior [ RunTime:0.000000s ]
INFO: [ app_init ] --END-- [ RunTime:0.000000s ]

[ 2015-04-04T16:19:01+08:00 ] 127.0.0.1 /AppServer/Admin/System/Notice/page/1
INFO: [ app_init ] --START--
INFO: Run Behavior\BuildLiteBehavior [ RunTime:0.000000s ]
INFO: [ app_init ] --END-- [ RunTime:0.000000s ]

[ 2015-04-04T16:19:07+08:00 ] 127.0.0.1 /AppServer/Admin/
INFO: [ app_init ] --START--
INFO: Run Behavior\BuildLiteBehavior [ RunTime:0.000000s ]
INFO: [ app_init ] --END-- [ RunTime:0.000000s ]

[ 2015-04-04T16:19:18+08:00 ] 127.0.0.1 /AppServer/Admin/Index/login
INFO: [ app_init ] --START--
INFO: Run Behavior\BuildLiteBehavior [ RunTime:0.000000s ]
INFO: [ app_init ] --END-- [ RunTime:0.001000s ]
INFO: [ app_begin ] --START--
INFO: Run Behavior\ReadHtmlCacheBehavior [ RunTime:0.000000s ]
INFO: [ app_begin ] --END-- [ RunTime:0.000000s ]
SQL: SHOW COLUMNS FROM `as_admin` [ RunTime:0.0050s ]
SQL: SELECT * FROM `as_admin` WHERE `admin_id` = 2011051309 AND `pwd` = '3d68e7f26ad605b7f4e392d9b59e8478' LIMIT 1   [ RunTime:0.0110s ]
SQL: SHOW COLUMNS FROM `as_loginrecord` [ RunTime:0.0130s ]
SQL: INSERT INTO `as_loginrecord` (`ip`,`location`,`time`,`admin_id`) VALUES ('127.0.0.1','本机地址','1428135558','2011051309') [ RunTime:0.0630s ]

[ 2015-04-04T16:19:18+08:00 ] 127.0.0.1 /AppServer/Admin/Main/main
INFO: [ app_init ] --START--
INFO: Run Behavior\BuildLiteBehavior [ RunTime:0.000000s ]
INFO: [ app_init ] --END-- [ RunTime:0.000000s ]

[ 2015-04-04T16:19:20+08:00 ] 127.0.0.1 /AppServer/Admin/System/Notice/page/1
INFO: [ app_init ] --START--
INFO: Run Behavior\BuildLiteBehavior [ RunTime:0.000000s ]
INFO: [ app_init ] --END-- [ RunTime:0.002000s ]

[ 2015-04-04T16:19:43+08:00 ] 127.0.0.1 /AppServer/Admin/System/Notice/page/1
INFO: [ app_init ] --START--
INFO: Run Behavior\BuildLiteBehavior [ RunTime:0.000000s ]
INFO: [ app_init ] --END-- [ RunTime:0.000000s ]

[ 2015-04-04T16:19:51+08:00 ] 127.0.0.1 /AppServer/Admin/System/Notice/page/1
INFO: [ app_init ] --START--
INFO: Run Behavior\BuildLiteBehavior [ RunTime:0.000000s ]
INFO: [ app_init ] --END-- [ RunTime:0.001000s ]

[ 2015-04-04T16:20:12+08:00 ] 127.0.0.1 /AppServer/Admin/System/Notice/page/1
INFO: [ app_init ] --START--
INFO: Run Behavior\BuildLiteBehavior [ RunTime:0.000000s ]
INFO: [ app_init ] --END-- [ RunTime:0.001000s ]

[ 2015-04-04T16:20:15+08:00 ] 127.0.0.1 /AppServer/Admin/System/Notice/page/1
INFO: [ app_init ] --START--
INFO: Run Behavior\BuildLiteBehavior [ RunTime:0.000000s ]
INFO: [ app_init ] --END-- [ RunTime:0.001000s ]

[ 2015-04-04T16:21:04+08:00 ] 127.0.0.1 /AppServer/Admin/System/Notice/page/2
INFO: [ app_init ] --START--
INFO: Run Behavior\BuildLiteBehavior [ RunTime:0.000000s ]
INFO: [ app_init ] --END-- [ RunTime:0.001000s ]

[ 2015-04-04T16:21:05+08:00 ] 127.0.0.1 /AppServer/Admin/System/Notice/page/1
INFO: [ app_init ] --START--
INFO: Run Behavior\BuildLiteBehavior [ RunTime:0.000000s ]
INFO: [ app_init ] --END-- [ RunTime:0.000000s ]

[ 2015-04-04T16:21:38+08:00 ] 127.0.0.1 /AppServer/Admin/System/Notice/page/1
INFO: [ app_init ] --START--
INFO: Run Behavior\BuildLiteBehavior [ RunTime:0.000000s ]
INFO: [ app_init ] --END-- [ RunTime:0.001001s ]

[ 2015-04-04T16:22:51+08:00 ] 127.0.0.1 /AppServer/Admin/System/Notice/page/1
INFO: [ app_init ] --START--
INFO: Run Behavior\BuildLiteBehavior [ RunTime:0.000000s ]
INFO: [ app_init ] --END-- [ RunTime:0.000000s ]

[ 2015-04-04T16:35:22+08:00 ] 127.0.0.1 /AppServer/Admin/System/Notice/page/1
INFO: [ app_init ] --START--
INFO: Run Behavior\BuildLiteBehavior [ RunTime:0.000000s ]
INFO: [ app_init ] --END-- [ RunTime:0.000000s ]

[ 2015-04-04T16:36:53+08:00 ] 127.0.0.1 /AppServer/Admin/System/Notice/page/1
INFO: [ app_init ] --START--
INFO: Run Behavior\BuildLiteBehavior [ RunTime:0.000000s ]
INFO: [ app_init ] --END-- [ RunTime:0.000000s ]

[ 2015-04-04T16:39:16+08:00 ] 127.0.0.1 /AppServer/Admin/System/Notice/page/1
INFO: [ app_init ] --START--
INFO: Run Behavior\BuildLiteBehavior [ RunTime:0.000000s ]
INFO: [ app_init ] --END-- [ RunTime:0.001000s ]

[ 2015-04-04T16:39:32+08:00 ] 127.0.0.1 /AppServer/Admin/System/Notice/page/1
INFO: [ app_init ] --START--
INFO: Run Behavior\BuildLiteBehavior [ RunTime:0.000000s ]
INFO: [ app_init ] --END-- [ RunTime:0.001000s ]

[ 2015-04-04T16:39:51+08:00 ] 127.0.0.1 /AppServer/Admin/System/Notice/page/1
INFO: [ app_init ] --START--
INFO: Run Behavior\BuildLiteBehavior [ RunTime:0.000000s ]
INFO: [ app_init ] --END-- [ RunTime:0.001000s ]

[ 2015-04-04T16:40:00+08:00 ] 127.0.0.1 /AppServer/Admin/System/Notice/page/1
INFO: [ app_init ] --START--
INFO: Run Behavior\BuildLiteBehavior [ RunTime:0.000000s ]
INFO: [ app_init ] --END-- [ RunTime:0.001000s ]

[ 2015-04-04T16:41:33+08:00 ] 127.0.0.1 /AppServer/Admin/System/Notice/page/1
INFO: [ app_init ] --START--
INFO: Run Behavior\BuildLiteBehavior [ RunTime:0.000000s ]
INFO: [ app_init ] --END-- [ RunTime:0.001000s ]

[ 2015-04-04T16:41:58+08:00 ] 127.0.0.1 /AppServer/Admin/System/Notice/page/1
INFO: [ app_init ] --START--
INFO: Run Behavior\BuildLiteBehavior [ RunTime:0.000000s ]
INFO: [ app_init ] --END-- [ RunTime:0.000000s ]

[ 2015-04-04T16:42:47+08:00 ] 127.0.0.1 /AppServer/Admin/System/Notice/page/1
INFO: [ app_init ] --START--
INFO: Run Behavior\BuildLiteBehavior [ RunTime:0.000000s ]
INFO: [ app_init ] --END-- [ RunTime:0.000000s ]

[ 2015-04-04T16:44:07+08:00 ] 127.0.0.1 /AppServer/Admin/System/Notice/page/1
INFO: [ app_init ] --START--
INFO: Run Behavior\BuildLiteBehavior [ RunTime:0.000000s ]
INFO: [ app_init ] --END-- [ RunTime:0.001000s ]

[ 2015-04-04T16:49:54+08:00 ] 127.0.0.1 /AppServer/Admin/System/Notice/page/1
INFO: [ app_init ] --START--
INFO: Run Behavior\BuildLiteBehavior [ RunTime:0.000000s ]
INFO: [ app_init ] --END-- [ RunTime:0.001001s ]

[ 2015-04-04T16:50:17+08:00 ] 127.0.0.1 /AppServer/Admin/System/Notice/page/1
INFO: [ app_init ] --START--
INFO: Run Behavior\BuildLiteBehavior [ RunTime:0.000000s ]
INFO: [ app_init ] --END-- [ RunTime:0.001000s ]

[ 2015-04-04T16:50:23+08:00 ] 127.0.0.1 /AppServer/Admin/System/Notice/page/1
INFO: [ app_init ] --START--
INFO: Run Behavior\BuildLiteBehavior [ RunTime:0.000000s ]
INFO: [ app_init ] --END-- [ RunTime:0.001000s ]

[ 2015-04-04T16:50:32+08:00 ] 127.0.0.1 /AppServer/Admin/System/Notice/page/1
INFO: [ app_init ] --START--
INFO: Run Behavior\BuildLiteBehavior [ RunTime:0.000000s ]
INFO: [ app_init ] --END-- [ RunTime:0.001000s ]

[ 2015-04-04T16:50:39+08:00 ] 127.0.0.1 /AppServer/Admin/System/Notice/page/1
INFO: [ app_init ] --START--
INFO: Run Behavior\BuildLiteBehavior [ RunTime:0.000000s ]
INFO: [ app_init ] --END-- [ RunTime:0.001000s ]

[ 2015-04-04T16:50:45+08:00 ] 127.0.0.1 /AppServer/Admin/System/Notice/page/1
INFO: [ app_init ] --START--
INFO: Run Behavior\BuildLiteBehavior [ RunTime:0.000000s ]
INFO: [ app_init ] --END-- [ RunTime:0.000000s ]

[ 2015-04-04T16:51:57+08:00 ] 127.0.0.1 /AppServer/Admin/System/Notice/page/1
INFO: [ app_init ] --START--
INFO: Run Behavior\BuildLiteBehavior [ RunTime:0.000000s ]
INFO: [ app_init ] --END-- [ RunTime:0.001000s ]

[ 2015-04-04T16:52:04+08:00 ] 127.0.0.1 /AppServer/Admin/System/Notice/page/1
INFO: [ app_init ] --START--
INFO: Run Behavior\BuildLiteBehavior [ RunTime:0.000000s ]
INFO: [ app_init ] --END-- [ RunTime:0.001001s ]

[ 2015-04-04T17:01:26+08:00 ] 127.0.0.1 /AppServer/Admin/System/Notice/page/1
INFO: [ app_init ] --START--
INFO: Run Behavior\BuildLiteBehavior [ RunTime:0.000000s ]
INFO: [ app_init ] --END-- [ RunTime:0.001000s ]

[ 2015-04-04T17:01:29+08:00 ] 127.0.0.1 /AppServer/Admin/System/Notice/page/1
INFO: [ app_init ] --START--
INFO: Run Behavior\BuildLiteBehavior [ RunTime:0.000000s ]
INFO: [ app_init ] --END-- [ RunTime:0.001000s ]

[ 2015-04-04T17:01:30+08:00 ] 127.0.0.1 /AppServer/Admin/System/Notice/page/1
INFO: [ app_init ] --START--
INFO: Run Behavior\BuildLiteBehavior [ RunTime:0.000000s ]
INFO: [ app_init ] --END-- [ RunTime:0.001000s ]

[ 2015-04-04T17:01:30+08:00 ] 127.0.0.1 /AppServer/Admin/System/Notice/page/1
INFO: [ app_init ] --START--
INFO: Run Behavior\BuildLiteBehavior [ RunTime:0.000000s ]
INFO: [ app_init ] --END-- [ RunTime:0.001000s ]

[ 2015-04-04T17:01:48+08:00 ] 127.0.0.1 /AppServer/Admin/System/Notice/page/1
INFO: [ app_init ] --START--
INFO: Run Behavior\BuildLiteBehavior [ RunTime:0.000000s ]
INFO: [ app_init ] --END-- [ RunTime:0.001000s ]

[ 2015-04-04T17:01:58+08:00 ] 127.0.0.1 /AppServer/Admin/System/Notice/page/1
INFO: [ app_init ] --START--
INFO: Run Behavior\BuildLiteBehavior [ RunTime:0.000000s ]
INFO: [ app_init ] --END-- [ RunTime:0.000000s ]

[ 2015-04-04T17:06:03+08:00 ] 127.0.0.1 /AppServer/Admin/System/Notice/page/1
INFO: [ app_init ] --START--
INFO: Run Behavior\BuildLiteBehavior [ RunTime:0.000000s ]
INFO: [ app_init ] --END-- [ RunTime:0.002000s ]

[ 2015-04-04T17:06:08+08:00 ] 127.0.0.1 /AppServer/Admin/System/Notice/page/1
INFO: [ app_init ] --START--
INFO: Run Behavior\BuildLiteBehavior [ RunTime:0.000000s ]
INFO: [ app_init ] --END-- [ RunTime:0.000000s ]

[ 2015-04-04T17:06:27+08:00 ] 127.0.0.1 /AppServer/Admin/System/Notice/page/1
INFO: [ app_init ] --START--
INFO: Run Behavior\BuildLiteBehavior [ RunTime:0.000000s ]
INFO: [ app_init ] --END-- [ RunTime:0.000000s ]

[ 2015-04-04T17:06:44+08:00 ] 127.0.0.1 /AppServer/Admin/System/Notice/page/1
INFO: [ app_init ] --START--
INFO: Run Behavior\BuildLiteBehavior [ RunTime:0.000000s ]
INFO: [ app_init ] --END-- [ RunTime:0.001000s ]

[ 2015-04-04T17:06:52+08:00 ] 127.0.0.1 /AppServer/Admin/System/Notice/page/1
INFO: [ app_init ] --START--
INFO: Run Behavior\BuildLiteBehavior [ RunTime:0.000000s ]
INFO: [ app_init ] --END-- [ RunTime:0.001000s ]

[ 2015-04-04T17:06:53+08:00 ] 127.0.0.1 /AppServer/Admin/System/Notice/page/1
INFO: [ app_init ] --START--
INFO: Run Behavior\BuildLiteBehavior [ RunTime:0.000000s ]
INFO: [ app_init ] --END-- [ RunTime:0.001000s ]

[ 2015-04-04T17:09:05+08:00 ] 127.0.0.1 /AppServer/Admin/System/Notice/page/1
INFO: [ app_init ] --START--
INFO: Run Behavior\BuildLiteBehavior [ RunTime:0.000000s ]
INFO: [ app_init ] --END-- [ RunTime:0.000000s ]

[ 2015-04-04T17:13:25+08:00 ] 127.0.0.1 /AppServer/Admin/System/Notice/page/1
INFO: [ app_init ] --START--
INFO: Run Behavior\BuildLiteBehavior [ RunTime:0.000000s ]
INFO: [ app_init ] --END-- [ RunTime:0.001000s ]

[ 2015-04-04T17:13:54+08:00 ] 127.0.0.1 /AppServer/Admin/System/Notice/page/1
INFO: [ app_init ] --START--
INFO: Run Behavior\BuildLiteBehavior [ RunTime:0.000000s ]
INFO: [ app_init ] --END-- [ RunTime:0.001000s ]

[ 2015-04-04T17:14:06+08:00 ] 127.0.0.1 /AppServer/Admin/System/Notice/page/1
INFO: [ app_init ] --START--
INFO: Run Behavior\BuildLiteBehavior [ RunTime:0.000000s ]
INFO: [ app_init ] --END-- [ RunTime:0.000000s ]

[ 2015-04-04T17:17:06+08:00 ] 127.0.0.1 /AppServer/Admin/System/Notice/page/1
INFO: [ app_init ] --START--
INFO: Run Behavior\BuildLiteBehavior [ RunTime:0.000000s ]
INFO: [ app_init ] --END-- [ RunTime:0.000000s ]

[ 2015-04-04T17:17:50+08:00 ] 127.0.0.1 /AppServer/Admin/System/Notice/page/1
INFO: [ app_init ] --START--
INFO: Run Behavior\BuildLiteBehavior [ RunTime:0.000000s ]
INFO: [ app_init ] --END-- [ RunTime:0.000000s ]

[ 2015-04-04T17:18:42+08:00 ] 127.0.0.1 /AppServer/Admin/System/Notice/page/1
INFO: [ app_init ] --START--
INFO: Run Behavior\BuildLiteBehavior [ RunTime:0.000000s ]
INFO: [ app_init ] --END-- [ RunTime:0.001000s ]

[ 2015-04-04T17:19:20+08:00 ] 127.0.0.1 /AppServer/Admin/System/Notice/page/1
INFO: [ app_init ] --START--
INFO: Run Behavior\BuildLiteBehavior [ RunTime:0.000000s ]
INFO: [ app_init ] --END-- [ RunTime:0.001000s ]

[ 2015-04-04T17:21:51+08:00 ] 127.0.0.1 /AppServer/Admin/System/Notice/page/1
INFO: [ app_init ] --START--
INFO: Run Behavior\BuildLiteBehavior [ RunTime:0.000000s ]
INFO: [ app_init ] --END-- [ RunTime:0.001000s ]

[ 2015-04-04T17:22:18+08:00 ] 127.0.0.1 /AppServer/Admin/System/Notice/page/1
INFO: [ app_init ] --START--
INFO: Run Behavior\BuildLiteBehavior [ RunTime:0.000000s ]
INFO: [ app_init ] --END-- [ RunTime:0.000000s ]

[ 2015-04-04T17:22:44+08:00 ] 127.0.0.1 /AppServer/Admin/System/Notice/page/1
INFO: [ app_init ] --START--
INFO: Run Behavior\BuildLiteBehavior [ RunTime:0.000000s ]
INFO: [ app_init ] --END-- [ RunTime:0.001000s ]

[ 2015-04-04T17:22:48+08:00 ] 127.0.0.1 /AppServer/Admin/System/Notice/page/1
INFO: [ app_init ] --START--
INFO: Run Behavior\BuildLiteBehavior [ RunTime:0.000000s ]
INFO: [ app_init ] --END-- [ RunTime:0.001000s ]

[ 2015-04-04T17:22:49+08:00 ] 127.0.0.1 /AppServer/Admin/System/Notice/page/1
INFO: [ app_init ] --START--
INFO: Run Behavior\BuildLiteBehavior [ RunTime:0.000000s ]
INFO: [ app_init ] --END-- [ RunTime:0.001000s ]

[ 2015-04-04T17:22:49+08:00 ] 127.0.0.1 /AppServer/Admin/System/Notice/page/1
INFO: [ app_init ] --START--
INFO: Run Behavior\BuildLiteBehavior [ RunTime:0.000000s ]
INFO: [ app_init ] --END-- [ RunTime:0.000000s ]

[ 2015-04-04T17:22:49+08:00 ] 127.0.0.1 /AppServer/Admin/System/Notice/page/1
INFO: [ app_init ] --START--
INFO: Run Behavior\BuildLiteBehavior [ RunTime:0.000000s ]
INFO: [ app_init ] --END-- [ RunTime:0.000000s ]

[ 2015-04-04T17:22:49+08:00 ] 127.0.0.1 /AppServer/Admin/System/Notice/page/1
INFO: [ app_init ] --START--
INFO: Run Behavior\BuildLiteBehavior [ RunTime:0.000000s ]
INFO: [ app_init ] --END-- [ RunTime:0.000000s ]

[ 2015-04-04T17:23:00+08:00 ] 127.0.0.1 /AppServer/Admin/System/Notice/page/1
INFO: [ app_init ] --START--
INFO: Run Behavior\BuildLiteBehavior [ RunTime:0.000000s ]
INFO: [ app_init ] --END-- [ RunTime:0.000000s ]

[ 2015-04-04T17:23:08+08:00 ] 127.0.0.1 /AppServer/Admin/System/Notice/page/1
INFO: [ app_init ] --START--
INFO: Run Behavior\BuildLiteBehavior [ RunTime:0.000000s ]
INFO: [ app_init ] --END-- [ RunTime:0.000000s ]

[ 2015-04-04T17:23:22+08:00 ] 127.0.0.1 /AppServer/Admin/System/Notice/page/1
INFO: [ app_init ] --START--
INFO: Run Behavior\BuildLiteBehavior [ RunTime:0.000000s ]
INFO: [ app_init ] --END-- [ RunTime:0.001000s ]

[ 2015-04-04T17:23:59+08:00 ] 127.0.0.1 /AppServer/Admin/System/Notice/page/1
INFO: [ app_init ] --START--
INFO: Run Behavior\BuildLiteBehavior [ RunTime:0.000000s ]
INFO: [ app_init ] --END-- [ RunTime:0.000000s ]

[ 2015-04-04T17:24:05+08:00 ] 127.0.0.1 /AppServer/Admin/System/Notice/page/1
INFO: [ app_init ] --START--
INFO: Run Behavior\BuildLiteBehavior [ RunTime:0.000000s ]
INFO: [ app_init ] --END-- [ RunTime:0.000000s ]

[ 2015-04-04T17:24:17+08:00 ] 127.0.0.1 /AppServer/Admin/System/Notice/page/1
INFO: [ app_init ] --START--
INFO: Run Behavior\BuildLiteBehavior [ RunTime:0.000000s ]
INFO: [ app_init ] --END-- [ RunTime:0.001000s ]

[ 2015-04-04T17:25:56+08:00 ] 127.0.0.1 /AppServer/Admin/System/Notice/page/1
INFO: [ app_init ] --START--
INFO: Run Behavior\BuildLiteBehavior [ RunTime:0.000000s ]
INFO: [ app_init ] --END-- [ RunTime:0.000000s ]

[ 2015-04-04T17:26:03+08:00 ] 127.0.0.1 /AppServer/Admin/System/Notice/page/1
INFO: [ app_init ] --START--
INFO: Run Behavior\BuildLiteBehavior [ RunTime:0.000000s ]
INFO: [ app_init ] --END-- [ RunTime:0.000000s ]

[ 2015-04-04T17:26:23+08:00 ] 127.0.0.1 /AppServer/Admin/System/Notice/page/1
INFO: [ app_init ] --START--
INFO: Run Behavior\BuildLiteBehavior [ RunTime:0.000000s ]
INFO: [ app_init ] --END-- [ RunTime:0.000000s ]

[ 2015-04-04T17:31:33+08:00 ] 127.0.0.1 /AppServer/Admin/System/Notice/page/1
INFO: [ app_init ] --START--
INFO: Run Behavior\BuildLiteBehavior [ RunTime:0.000000s ]
INFO: [ app_init ] --END-- [ RunTime:0.001000s ]

[ 2015-04-04T17:32:26+08:00 ] 127.0.0.1 /AppServer/Admin/System/Notice/page/1
INFO: [ app_init ] --START--
INFO: Run Behavior\BuildLiteBehavior [ RunTime:0.000000s ]
INFO: [ app_init ] --END-- [ RunTime:0.000000s ]

[ 2015-04-04T17:32:35+08:00 ] 127.0.0.1 /AppServer/Admin/System/Notice/page/1
INFO: [ app_init ] --START--
INFO: Run Behavior\BuildLiteBehavior [ RunTime:0.000000s ]
INFO: [ app_init ] --END-- [ RunTime:0.001000s ]

[ 2015-04-04T17:32:51+08:00 ] 127.0.0.1 /AppServer/Admin/System/Notice/page/1
INFO: [ app_init ] --START--
INFO: Run Behavior\BuildLiteBehavior [ RunTime:0.000000s ]
INFO: [ app_init ] --END-- [ RunTime:0.001000s ]

[ 2015-04-04T17:33:29+08:00 ] 127.0.0.1 /AppServer/Admin/System/Notice/page/1
INFO: [ app_init ] --START--
INFO: Run Behavior\BuildLiteBehavior [ RunTime:0.000000s ]
INFO: [ app_init ] --END-- [ RunTime:0.001000s ]

[ 2015-04-04T17:33:38+08:00 ] 127.0.0.1 /AppServer/Admin/System/Notice/page/1
INFO: [ app_init ] --START--
INFO: Run Behavior\BuildLiteBehavior [ RunTime:0.000000s ]
INFO: [ app_init ] --END-- [ RunTime:0.001000s ]

[ 2015-04-04T17:33:55+08:00 ] 127.0.0.1 /AppServer/Admin/System/Notice/page/1
INFO: [ app_init ] --START--
INFO: Run Behavior\BuildLiteBehavior [ RunTime:0.000000s ]
INFO: [ app_init ] --END-- [ RunTime:0.000000s ]

[ 2015-04-04T17:34:34+08:00 ] 127.0.0.1 /AppServer/Admin/System/Notice/page/1
INFO: [ app_init ] --START--
INFO: Run Behavior\BuildLiteBehavior [ RunTime:0.001000s ]
INFO: [ app_init ] --END-- [ RunTime:0.001000s ]

[ 2015-04-04T17:35:02+08:00 ] 127.0.0.1 /AppServer/Admin/System/Notice/page/1
INFO: [ app_init ] --START--
INFO: Run Behavior\BuildLiteBehavior [ RunTime:0.000000s ]
INFO: [ app_init ] --END-- [ RunTime:0.000000s ]

[ 2015-04-04T17:35:44+08:00 ] 127.0.0.1 /AppServer/Admin/System/Notice/page/1
INFO: [ app_init ] --START--
INFO: Run Behavior\BuildLiteBehavior [ RunTime:0.000000s ]
INFO: [ app_init ] --END-- [ RunTime:0.001000s ]

[ 2015-04-04T17:36:03+08:00 ] 127.0.0.1 /AppServer/Admin/System/Notice/page/1
INFO: [ app_init ] --START--
INFO: Run Behavior\BuildLiteBehavior [ RunTime:0.000000s ]
INFO: [ app_init ] --END-- [ RunTime:0.000000s ]

[ 2015-04-04T17:36:10+08:00 ] 127.0.0.1 /AppServer/Admin/System/Notice/page/1
INFO: [ app_init ] --START--
INFO: Run Behavior\BuildLiteBehavior [ RunTime:0.000000s ]
INFO: [ app_init ] --END-- [ RunTime:0.000000s ]

[ 2015-04-04T17:37:59+08:00 ] 127.0.0.1 /AppServer/Admin/System/Notice/page/1
INFO: [ app_init ] --START--
INFO: Run Behavior\BuildLiteBehavior [ RunTime:0.000000s ]
INFO: [ app_init ] --END-- [ RunTime:0.001000s ]

[ 2015-04-04T17:38:38+08:00 ] 127.0.0.1 /AppServer/Admin/System/Notice/page/1
INFO: [ app_init ] --START--
INFO: Run Behavior\BuildLiteBehavior [ RunTime:0.000000s ]
INFO: [ app_init ] --END-- [ RunTime:0.000000s ]

[ 2015-04-04T17:38:44+08:00 ] 127.0.0.1 /AppServer/Admin/System/Notice/page/1
INFO: [ app_init ] --START--
INFO: Run Behavior\BuildLiteBehavior [ RunTime:0.000000s ]
INFO: [ app_init ] --END-- [ RunTime:0.000000s ]

[ 2015-04-04T17:40:36+08:00 ] 127.0.0.1 /AppServer/Admin/System/Notice/page/1
INFO: [ app_init ] --START--
INFO: Run Behavior\BuildLiteBehavior [ RunTime:0.000000s ]
INFO: [ app_init ] --END-- [ RunTime:0.000000s ]

[ 2015-04-04T17:40:51+08:00 ] 127.0.0.1 /AppServer/Admin/System/Notice/page/1
INFO: [ app_init ] --START--
INFO: Run Behavior\BuildLiteBehavior [ RunTime:0.000000s ]
INFO: [ app_init ] --END-- [ RunTime:0.001000s ]

[ 2015-04-04T17:40:59+08:00 ] 127.0.0.1 /AppServer/Admin/System/Notice/page/1
INFO: [ app_init ] --START--
INFO: Run Behavior\BuildLiteBehavior [ RunTime:0.000000s ]
INFO: [ app_init ] --END-- [ RunTime:0.000000s ]

[ 2015-04-04T17:41:11+08:00 ] 127.0.0.1 /AppServer/Admin/System/Notice/page/1
INFO: [ app_init ] --START--
INFO: Run Behavior\BuildLiteBehavior [ RunTime:0.000000s ]
INFO: [ app_init ] --END-- [ RunTime:0.001000s ]

[ 2015-04-04T17:41:17+08:00 ] 127.0.0.1 /AppServer/Admin/System/Notice/page/1
INFO: [ app_init ] --START--
INFO: Run Behavior\BuildLiteBehavior [ RunTime:0.000000s ]
INFO: [ app_init ] --END-- [ RunTime:0.000000s ]

[ 2015-04-04T17:41:28+08:00 ] 127.0.0.1 /AppServer/Admin/System/Notice/page/1
INFO: [ app_init ] --START--
INFO: Run Behavior\BuildLiteBehavior [ RunTime:0.000000s ]
INFO: [ app_init ] --END-- [ RunTime:0.001000s ]

[ 2015-04-04T17:41:55+08:00 ] 127.0.0.1 /AppServer/Admin/System/Notice/page/1
INFO: [ app_init ] --START--
INFO: Run Behavior\BuildLiteBehavior [ RunTime:0.000000s ]
INFO: [ app_init ] --END-- [ RunTime:0.000000s ]

[ 2015-04-04T17:42:08+08:00 ] 127.0.0.1 /AppServer/Admin/System/Notice/page/1
INFO: [ app_init ] --START--
INFO: Run Behavior\BuildLiteBehavior [ RunTime:0.000000s ]
INFO: [ app_init ] --END-- [ RunTime:0.001000s ]

[ 2015-04-04T17:42:21+08:00 ] 127.0.0.1 /AppServer/Admin/System/Notice/page/1
INFO: [ app_init ] --START--
INFO: Run Behavior\BuildLiteBehavior [ RunTime:0.000000s ]
INFO: [ app_init ] --END-- [ RunTime:0.001000s ]

[ 2015-04-04T17:42:28+08:00 ] 127.0.0.1 /AppServer/Admin/System/Notice/page/1
INFO: [ app_init ] --START--
INFO: Run Behavior\BuildLiteBehavior [ RunTime:0.000000s ]
INFO: [ app_init ] --END-- [ RunTime:0.000000s ]

[ 2015-04-04T17:42:53+08:00 ] 127.0.0.1 /AppServer/Admin/System/Notice/page/1
INFO: [ app_init ] --START--
INFO: Run Behavior\BuildLiteBehavior [ RunTime:0.000000s ]
INFO: [ app_init ] --END-- [ RunTime:0.001000s ]

[ 2015-04-04T17:43:04+08:00 ] 127.0.0.1 /AppServer/Admin/System/Notice/page/1
INFO: [ app_init ] --START--
INFO: Run Behavior\BuildLiteBehavior [ RunTime:0.000000s ]
INFO: [ app_init ] --END-- [ RunTime:0.000000s ]

[ 2015-04-04T17:47:50+08:00 ] 127.0.0.1 /AppServer/Admin/System/Notice/page/1
INFO: [ app_init ] --START--
INFO: Run Behavior\BuildLiteBehavior [ RunTime:0.000000s ]
INFO: [ app_init ] --END-- [ RunTime:0.001000s ]

[ 2015-04-04T17:48:05+08:00 ] 127.0.0.1 /AppServer/Admin/System/Notice/page/1
INFO: [ app_init ] --START--
INFO: Run Behavior\BuildLiteBehavior [ RunTime:0.000000s ]
INFO: [ app_init ] --END-- [ RunTime:0.002000s ]

[ 2015-04-04T17:48:29+08:00 ] 127.0.0.1 /AppServer/Admin/System/Notice/page/1
INFO: [ app_init ] --START--
INFO: Run Behavior\BuildLiteBehavior [ RunTime:0.000000s ]
INFO: [ app_init ] --END-- [ RunTime:0.001000s ]

[ 2015-04-04T17:48:57+08:00 ] 127.0.0.1 /AppServer/Admin/System/Notice/page/1
INFO: [ app_init ] --START--
INFO: Run Behavior\BuildLiteBehavior [ RunTime:0.000000s ]
INFO: [ app_init ] --END-- [ RunTime:0.000000s ]

[ 2015-04-04T17:49:20+08:00 ] 127.0.0.1 /AppServer/Admin/System/Notice/page/1
INFO: [ app_init ] --START--
INFO: Run Behavior\BuildLiteBehavior [ RunTime:0.000000s ]
INFO: [ app_init ] --END-- [ RunTime:0.000000s ]

[ 2015-04-04T17:50:06+08:00 ] 127.0.0.1 /AppServer/Admin/System/Notice/page/1
INFO: [ app_init ] --START--
INFO: Run Behavior\BuildLiteBehavior [ RunTime:0.000000s ]
INFO: [ app_init ] --END-- [ RunTime:0.000000s ]

[ 2015-04-04T17:50:10+08:00 ] 127.0.0.1 /AppServer/Admin/System/Notice/page/1
INFO: [ app_init ] --START--
INFO: Run Behavior\BuildLiteBehavior [ RunTime:0.000000s ]
INFO: [ app_init ] --END-- [ RunTime:0.003000s ]

[ 2015-04-04T17:50:31+08:00 ] 127.0.0.1 /AppServer/Admin/System/Notice/page/1
INFO: [ app_init ] --START--
INFO: Run Behavior\BuildLiteBehavior [ RunTime:0.000000s ]
INFO: [ app_init ] --END-- [ RunTime:0.000000s ]

[ 2015-04-04T17:51:12+08:00 ] 127.0.0.1 /AppServer/Admin/System/Notice/page/1
INFO: [ app_init ] --START--
INFO: Run Behavior\BuildLiteBehavior [ RunTime:0.000000s ]
INFO: [ app_init ] --END-- [ RunTime:0.001000s ]

[ 2015-04-04T17:51:32+08:00 ] 127.0.0.1 /AppServer/Admin/
INFO: [ app_init ] --START--
INFO: Run Behavior\BuildLiteBehavior [ RunTime:0.000000s ]
INFO: [ app_init ] --END-- [ RunTime:0.000000s ]

[ 2015-04-04T17:51:35+08:00 ] 127.0.0.1 /AppServer/Admin/Index/login
INFO: [ app_init ] --START--
INFO: Run Behavior\BuildLiteBehavior [ RunTime:0.000000s ]
INFO: [ app_init ] --END-- [ RunTime:0.000000s ]
INFO: [ app_begin ] --START--
INFO: Run Behavior\ReadHtmlCacheBehavior [ RunTime:0.001000s ]
INFO: [ app_begin ] --END-- [ RunTime:0.001000s ]
SQL: SHOW COLUMNS FROM `as_admin` [ RunTime:0.0050s ]
SQL: SELECT * FROM `as_admin` WHERE `admin_id` = 2011051309 AND `pwd` = '3d68e7f26ad605b7f4e392d9b59e8478' LIMIT 1   [ RunTime:0.0150s ]
SQL: SHOW COLUMNS FROM `as_loginrecord` [ RunTime:0.0180s ]
SQL: INSERT INTO `as_loginrecord` (`ip`,`location`,`time`,`admin_id`) VALUES ('127.0.0.1','本机地址','1428141095','2011051309') [ RunTime:0.0520s ]

[ 2015-04-04T17:51:35+08:00 ] 127.0.0.1 /AppServer/Admin/Main/main
INFO: [ app_init ] --START--
INFO: Run Behavior\BuildLiteBehavior [ RunTime:0.000000s ]
INFO: [ app_init ] --END-- [ RunTime:0.000000s ]

[ 2015-04-04T17:51:38+08:00 ] 127.0.0.1 /AppServer/Admin/System/Notice/page/1
INFO: [ app_init ] --START--
INFO: Run Behavior\BuildLiteBehavior [ RunTime:0.000000s ]
INFO: [ app_init ] --END-- [ RunTime:0.000000s ]

[ 2015-04-04T17:52:32+08:00 ] 127.0.0.1 /AppServer/Admin/System/Notice/page/1
INFO: [ app_init ] --START--
INFO: Run Behavior\BuildLiteBehavior [ RunTime:0.000000s ]
INFO: [ app_init ] --END-- [ RunTime:0.001000s ]

[ 2015-04-04T17:56:44+08:00 ] 127.0.0.1 /AppServer/Admin/System/Notice/page/1
INFO: [ app_init ] --START--
INFO: Run Behavior\BuildLiteBehavior [ RunTime:0.000000s ]
INFO: [ app_init ] --END-- [ RunTime:0.000000s ]

[ 2015-04-04T17:56:49+08:00 ] 127.0.0.1 /AppServer/Admin/System/Notice/page/1
INFO: [ app_init ] --START--
INFO: Run Behavior\BuildLiteBehavior [ RunTime:0.000000s ]
INFO: [ app_init ] --END-- [ RunTime:0.000000s ]

[ 2015-04-04T18:11:47+08:00 ] 127.0.0.1 /AppServer/Admin/System/Notice/page/1
INFO: [ app_init ] --START--
INFO: Run Behavior\BuildLiteBehavior [ RunTime:0.000000s ]
INFO: [ app_init ] --END-- [ RunTime:0.000000s ]

[ 2015-04-04T18:14:49+08:00 ] 127.0.0.1 /AppServer/Admin/System/Notice/page/1
INFO: [ app_init ] --START--
INFO: Run Behavior\BuildLiteBehavior [ RunTime:0.000000s ]
INFO: [ app_init ] --END-- [ RunTime:0.001000s ]

[ 2015-04-04T18:15:09+08:00 ] 127.0.0.1 /AppServer/Admin/System/Notice/page/1
INFO: [ app_init ] --START--
INFO: Run Behavior\BuildLiteBehavior [ RunTime:0.000000s ]
INFO: [ app_init ] --END-- [ RunTime:0.001000s ]

[ 2015-04-04T18:16:18+08:00 ] 127.0.0.1 /AppServer/Admin/System/Notice/page/1
INFO: [ app_init ] --START--
INFO: Run Behavior\BuildLiteBehavior [ RunTime:0.000000s ]
INFO: [ app_init ] --END-- [ RunTime:0.001000s ]

[ 2015-04-04T18:18:47+08:00 ] 127.0.0.1 /AppServer/Admin/System/Notice/page/1
INFO: [ app_init ] --START--
INFO: Run Behavior\BuildLiteBehavior [ RunTime:0.000000s ]
INFO: [ app_init ] --END-- [ RunTime:0.001000s ]

[ 2015-04-04T18:18:56+08:00 ] 127.0.0.1 /AppServer/Admin/System/Notice/page/1
INFO: [ app_init ] --START--
INFO: Run Behavior\BuildLiteBehavior [ RunTime:0.000000s ]
INFO: [ app_init ] --END-- [ RunTime:0.001000s ]

[ 2015-04-04T18:19:55+08:00 ] 127.0.0.1 /AppServer/Admin/System/Notice/page/1
INFO: [ app_init ] --START--
INFO: Run Behavior\BuildLiteBehavior [ RunTime:0.000000s ]
INFO: [ app_init ] --END-- [ RunTime:0.000000s ]

[ 2015-04-04T18:20:43+08:00 ] 127.0.0.1 /AppServer/Admin/System/Notice/page/1
INFO: [ app_init ] --START--
INFO: Run Behavior\BuildLiteBehavior [ RunTime:0.000000s ]
INFO: [ app_init ] --END-- [ RunTime:0.000000s ]

[ 2015-04-04T18:23:25+08:00 ] 127.0.0.1 /AppServer/Admin/System/Notice/page/1
INFO: [ app_init ] --START--
INFO: Run Behavior\BuildLiteBehavior [ RunTime:0.000000s ]
INFO: [ app_init ] --END-- [ RunTime:0.001000s ]

[ 2015-04-04T18:23:46+08:00 ] 127.0.0.1 /AppServer/Admin/System/Notice/page/1
INFO: [ app_init ] --START--
INFO: Run Behavior\BuildLiteBehavior [ RunTime:0.000000s ]
INFO: [ app_init ] --END-- [ RunTime:0.000000s ]

[ 2015-04-04T18:24:19+08:00 ] 127.0.0.1 /AppServer/Admin/System/Notice/page/1
INFO: [ app_init ] --START--
INFO: Run Behavior\BuildLiteBehavior [ RunTime:0.000000s ]
INFO: [ app_init ] --END-- [ RunTime:0.010000s ]

[ 2015-04-04T18:24:41+08:00 ] 127.0.0.1 /AppServer/Admin/System/Notice/page/1
INFO: [ app_init ] --START--
INFO: Run Behavior\BuildLiteBehavior [ RunTime:0.000000s ]
INFO: [ app_init ] --END-- [ RunTime:0.002000s ]

[ 2015-04-04T18:24:49+08:00 ] 127.0.0.1 /AppServer/Admin/System/Notice/page/1
INFO: [ app_init ] --START--
INFO: Run Behavior\BuildLiteBehavior [ RunTime:0.000000s ]
INFO: [ app_init ] --END-- [ RunTime:0.000000s ]

[ 2015-04-04T18:25:44+08:00 ] 127.0.0.1 /AppServer/Admin/System/Notice/page/1
INFO: [ app_init ] --START--
INFO: Run Behavior\BuildLiteBehavior [ RunTime:0.000000s ]
INFO: [ app_init ] --END-- [ RunTime:0.000000s ]

[ 2015-04-04T18:26:35+08:00 ] 127.0.0.1 /AppServer/Admin/System/Notice/page/1
INFO: [ app_init ] --START--
INFO: Run Behavior\BuildLiteBehavior [ RunTime:0.000000s ]
INFO: [ app_init ] --END-- [ RunTime:0.000000s ]

[ 2015-04-04T18:27:00+08:00 ] 127.0.0.1 /AppServer/Admin/System/Notice/page/1
INFO: [ app_init ] --START--
INFO: Run Behavior\BuildLiteBehavior [ RunTime:0.000000s ]
INFO: [ app_init ] --END-- [ RunTime:0.000000s ]

[ 2015-04-04T18:35:49+08:00 ] 127.0.0.1 /AppServer/Admin/System/Notice/page/1
INFO: [ app_init ] --START--
INFO: Run Behavior\BuildLiteBehavior [ RunTime:0.000000s ]
INFO: [ app_init ] --END-- [ RunTime:0.001000s ]

[ 2015-04-04T18:41:17+08:00 ] 127.0.0.1 /AppServer/Admin/System/Notice/page/1
INFO: [ app_init ] --START--
INFO: Run Behavior\BuildLiteBehavior [ RunTime:0.000000s ]
INFO: [ app_init ] --END-- [ RunTime:0.000000s ]

[ 2015-04-04T18:42:17+08:00 ] 127.0.0.1 /AppServer/Admin/System/Notice/page/1
INFO: [ app_init ] --START--
INFO: Run Behavior\BuildLiteBehavior [ RunTime:0.000000s ]
INFO: [ app_init ] --END-- [ RunTime:0.001000s ]

[ 2015-04-04T18:42:30+08:00 ] 127.0.0.1 /AppServer/Admin/System/Notice/page/1
INFO: [ app_init ] --START--
INFO: Run Behavior\BuildLiteBehavior [ RunTime:0.001000s ]
INFO: [ app_init ] --END-- [ RunTime:0.001000s ]

[ 2015-04-04T18:44:15+08:00 ] 127.0.0.1 /AppServer/Admin/System/Notice/page/1
INFO: [ app_init ] --START--
INFO: Run Behavior\BuildLiteBehavior [ RunTime:0.000000s ]
INFO: [ app_init ] --END-- [ RunTime:0.000000s ]

[ 2015-04-04T18:44:37+08:00 ] 127.0.0.1 /AppServer/Admin/System/Notice/page/1
INFO: [ app_init ] --START--
INFO: Run Behavior\BuildLiteBehavior [ RunTime:0.000000s ]
INFO: [ app_init ] --END-- [ RunTime:0.002000s ]

[ 2015-04-04T18:44:48+08:00 ] 127.0.0.1 /AppServer/Admin/System/Notice/page/1
INFO: [ app_init ] --START--
INFO: Run Behavior\BuildLiteBehavior [ RunTime:0.000000s ]
INFO: [ app_init ] --END-- [ RunTime:0.000000s ]

[ 2015-04-04T18:45:27+08:00 ] 127.0.0.1 /AppServer/Admin/System/Notice/page/1
INFO: [ app_init ] --START--
INFO: Run Behavior\BuildLiteBehavior [ RunTime:0.000000s ]
INFO: [ app_init ] --END-- [ RunTime:0.001000s ]

[ 2015-04-04T18:46:17+08:00 ] 127.0.0.1 /AppServer/Admin/System/Notice/page/1
INFO: [ app_init ] --START--
INFO: Run Behavior\BuildLiteBehavior [ RunTime:0.000000s ]
INFO: [ app_init ] --END-- [ RunTime:0.000000s ]

[ 2015-04-04T18:46:44+08:00 ] 127.0.0.1 /AppServer/Admin/System/Notice/page/1
INFO: [ app_init ] --START--
INFO: Run Behavior\BuildLiteBehavior [ RunTime:0.000000s ]
INFO: [ app_init ] --END-- [ RunTime:0.000000s ]

[ 2015-04-04T18:47:24+08:00 ] 127.0.0.1 /AppServer/Admin/System/Notice/page/1
INFO: [ app_init ] --START--
INFO: Run Behavior\BuildLiteBehavior [ RunTime:0.000000s ]
INFO: [ app_init ] --END-- [ RunTime:0.001000s ]

[ 2015-04-04T18:47:31+08:00 ] 127.0.0.1 /AppServer/Admin/System/Notice/page/1
INFO: [ app_init ] --START--
INFO: Run Behavior\BuildLiteBehavior [ RunTime:0.000000s ]
INFO: [ app_init ] --END-- [ RunTime:0.000000s ]

[ 2015-04-04T18:48:34+08:00 ] 127.0.0.1 /AppServer/Admin/System/Notice/page/1
INFO: [ app_init ] --START--
INFO: Run Behavior\BuildLiteBehavior [ RunTime:0.000000s ]
INFO: [ app_init ] --END-- [ RunTime:0.001000s ]

[ 2015-04-04T18:48:36+08:00 ] 127.0.0.1 /AppServer/Admin/System/Notice/page/1
INFO: [ app_init ] --START--
INFO: Run Behavior\BuildLiteBehavior [ RunTime:0.000000s ]
INFO: [ app_init ] --END-- [ RunTime:0.001000s ]

[ 2015-04-04T18:50:47+08:00 ] 127.0.0.1 /AppServer/Admin/System/Notice/page/1
INFO: [ app_init ] --START--
INFO: Run Behavior\BuildLiteBehavior [ RunTime:0.000000s ]
INFO: [ app_init ] --END-- [ RunTime:0.002000s ]

[ 2015-04-04T18:51:01+08:00 ] 127.0.0.1 /AppServer/Admin/System/Notice/page/1
INFO: [ app_init ] --START--
INFO: Run Behavior\BuildLiteBehavior [ RunTime:0.000000s ]
INFO: [ app_init ] --END-- [ RunTime:0.001000s ]

[ 2015-04-04T18:51:18+08:00 ] 127.0.0.1 /AppServer/Admin/System/Notice/page/1
INFO: [ app_init ] --START--
INFO: Run Behavior\BuildLiteBehavior [ RunTime:0.000000s ]
INFO: [ app_init ] --END-- [ RunTime:0.000000s ]

[ 2015-04-04T18:51:39+08:00 ] 127.0.0.1 /AppServer/Admin/System/Notice/page/1
INFO: [ app_init ] --START--
INFO: Run Behavior\BuildLiteBehavior [ RunTime:0.000000s ]
INFO: [ app_init ] --END-- [ RunTime:0.001000s ]

[ 2015-04-04T18:51:46+08:00 ] 127.0.0.1 /AppServer/Admin/System/Notice/page/1
INFO: [ app_init ] --START--
INFO: Run Behavior\BuildLiteBehavior [ RunTime:0.000000s ]
INFO: [ app_init ] --END-- [ RunTime:0.000000s ]

[ 2015-04-04T18:52:46+08:00 ] 127.0.0.1 /AppServer/Admin/System/Notice/page/1
INFO: [ app_init ] --START--
INFO: Run Behavior\BuildLiteBehavior [ RunTime:0.000000s ]
INFO: [ app_init ] --END-- [ RunTime:0.001000s ]

[ 2015-04-04T18:53:18+08:00 ] 127.0.0.1 /AppServer/Admin/System/Notice/page/1
INFO: [ app_init ] --START--
INFO: Run Behavior\BuildLiteBehavior [ RunTime:0.000000s ]
INFO: [ app_init ] --END-- [ RunTime:0.001000s ]

[ 2015-04-04T18:53:39+08:00 ] 127.0.0.1 /AppServer/Admin/System/Notice/page/2
INFO: [ app_init ] --START--
INFO: Run Behavior\BuildLiteBehavior [ RunTime:0.000000s ]
INFO: [ app_init ] --END-- [ RunTime:0.000000s ]

[ 2015-04-04T19:03:02+08:00 ] 127.0.0.1 /AppServer/Admin/User/userList/page/1
INFO: [ app_init ] --START--
INFO: Run Behavior\BuildLiteBehavior [ RunTime:0.000000s ]
INFO: [ app_init ] --END-- [ RunTime:0.000000s ]

[ 2015-04-04T19:03:13+08:00 ] 127.0.0.1 /AppServer/Admin/User/userList/page/2
INFO: [ app_init ] --START--
INFO: Run Behavior\BuildLiteBehavior [ RunTime:0.000000s ]
INFO: [ app_init ] --END-- [ RunTime:0.000000s ]

[ 2015-04-04T19:03:17+08:00 ] 127.0.0.1 /AppServer/Admin/User/userDelete
INFO: [ app_init ] --START--
INFO: Run Behavior\BuildLiteBehavior [ RunTime:0.000000s ]
INFO: [ app_init ] --END-- [ RunTime:0.000000s ]
INFO: [ app_begin ] --START--
INFO: Run Behavior\ReadHtmlCacheBehavior [ RunTime:0.000000s ]
INFO: [ app_begin ] --END-- [ RunTime:0.000000s ]
SQL: SHOW COLUMNS FROM `as_user` [ RunTime:0.0000s ]
SQL: DELETE FROM `as_user` WHERE ( student_id=2011051366 ) [ RunTime:0.1760s ]

[ 2015-04-04T19:03:17+08:00 ] 127.0.0.1 /AppServer/Admin/User/userList/page/2
INFO: [ app_init ] --START--
INFO: Run Behavior\BuildLiteBehavior [ RunTime:0.000000s ]
INFO: [ app_init ] --END-- [ RunTime:0.001000s ]

[ 2015-04-04T19:03:25+08:00 ] 127.0.0.1 /AppServer/Admin/User/userDelete
INFO: [ app_init ] --START--
INFO: Run Behavior\BuildLiteBehavior [ RunTime:0.000000s ]
INFO: [ app_init ] --END-- [ RunTime:0.000000s ]
INFO: [ app_begin ] --START--
INFO: Run Behavior\ReadHtmlCacheBehavior [ RunTime:0.001000s ]
INFO: [ app_begin ] --END-- [ RunTime:0.001000s ]
SQL: SHOW COLUMNS FROM `as_user` [ RunTime:0.0060s ]
SQL: DELETE FROM `as_user` WHERE ( student_id=2011666666 ) [ RunTime:0.1490s ]

[ 2015-04-04T19:03:25+08:00 ] 127.0.0.1 /AppServer/Admin/User/userList/page/2
INFO: [ app_init ] --START--
INFO: Run Behavior\BuildLiteBehavior [ RunTime:0.000000s ]
INFO: [ app_init ] --END-- [ RunTime:0.000000s ]

[ 2015-04-04T19:21:47+08:00 ] 127.0.0.1 /AppServer/Admin/User/userList/page/2
INFO: [ app_init ] --START--
INFO: Run Behavior\BuildLiteBehavior [ RunTime:0.000000s ]
INFO: [ app_init ] --END-- [ RunTime:0.000000s ]

[ 2015-04-04T19:21:51+08:00 ] 127.0.0.1 /AppServer/Admin/System/Notice/page/1
INFO: [ app_init ] --START--
INFO: Run Behavior\BuildLiteBehavior [ RunTime:0.000000s ]
INFO: [ app_init ] --END-- [ RunTime:0.001000s ]

[ 2015-04-04T19:22:37+08:00 ] 127.0.0.1 /AppServer/Admin/System/Notice/page/1
INFO: [ app_init ] --START--
INFO: Run Behavior\BuildLiteBehavior [ RunTime:0.000000s ]
INFO: [ app_init ] --END-- [ RunTime:0.001000s ]

[ 2015-04-04T19:24:26+08:00 ] 127.0.0.1 /AppServer/Admin/System/Notice/page/1
INFO: [ app_init ] --START--
INFO: Run Behavior\BuildLiteBehavior [ RunTime:0.000000s ]
INFO: [ app_init ] --END-- [ RunTime:0.001000s ]

[ 2015-04-04T19:24:36+08:00 ] 127.0.0.1 /AppServer/Admin/System/Notice/page/1
INFO: [ app_init ] --START--
INFO: Run Behavior\BuildLiteBehavior [ RunTime:0.000000s ]
INFO: [ app_init ] --END-- [ RunTime:0.000000s ]

[ 2015-04-04T19:37:30+08:00 ] 127.0.0.1 /AppServer/Admin/System/Notice/page/1
INFO: [ app_init ] --START--
INFO: Run Behavior\BuildLiteBehavior [ RunTime:0.000000s ]
INFO: [ app_init ] --END-- [ RunTime:0.000000s ]

[ 2015-04-04T19:38:53+08:00 ] 127.0.0.1 /AppServer/Admin/System/Notice/page/1
INFO: [ app_init ] --START--
INFO: Run Behavior\BuildLiteBehavior [ RunTime:0.000000s ]
INFO: [ app_init ] --END-- [ RunTime:0.000000s ]

[ 2015-04-04T19:39:28+08:00 ] 127.0.0.1 /AppServer/Admin/System/Notice/page/1
INFO: [ app_init ] --START--
INFO: Run Behavior\BuildLiteBehavior [ RunTime:0.000000s ]
INFO: [ app_init ] --END-- [ RunTime:0.001000s ]

[ 2015-04-04T19:41:20+08:00 ] 127.0.0.1 /AppServer/Admin/System/Notice/page/1
INFO: [ app_init ] --START--
INFO: Run Behavior\BuildLiteBehavior [ RunTime:0.000000s ]
INFO: [ app_init ] --END-- [ RunTime:0.001000s ]

[ 2015-04-04T19:43:30+08:00 ] 127.0.0.1 /AppServer/Admin/System/Notice/page/1
INFO: [ app_init ] --START--
INFO: Run Behavior\BuildLiteBehavior [ RunTime:0.000000s ]
INFO: [ app_init ] --END-- [ RunTime:0.010000s ]

[ 2015-04-04T19:43:51+08:00 ] 127.0.0.1 /AppServer/Admin/System/Notice/page/1
INFO: [ app_init ] --START--
INFO: Run Behavior\BuildLiteBehavior [ RunTime:0.000000s ]
INFO: [ app_init ] --END-- [ RunTime:0.001000s ]

[ 2015-04-04T19:45:57+08:00 ] 127.0.0.1 /AppServer/Admin/System/Notice/page/1
INFO: [ app_init ] --START--
INFO: Run Behavior\BuildLiteBehavior [ RunTime:0.001000s ]
INFO: [ app_init ] --END-- [ RunTime:0.001000s ]

[ 2015-04-04T19:46:34+08:00 ] 127.0.0.1 /AppServer/Admin/System/Notice/page/1
INFO: [ app_init ] --START--
INFO: Run Behavior\BuildLiteBehavior [ RunTime:0.000000s ]
INFO: [ app_init ] --END-- [ RunTime:0.001000s ]

[ 2015-04-04T19:49:52+08:00 ] 127.0.0.1 /AppServer/Admin/System/Notice/page/1
INFO: [ app_init ] --START--
INFO: Run Behavior\BuildLiteBehavior [ RunTime:0.000000s ]
INFO: [ app_init ] --END-- [ RunTime:0.001000s ]

[ 2015-04-04T19:50:32+08:00 ] 127.0.0.1 /AppServer/Admin/System/Notice/page/1
INFO: [ app_init ] --START--
INFO: Run Behavior\BuildLiteBehavior [ RunTime:0.000000s ]
INFO: [ app_init ] --END-- [ RunTime:0.002000s ]

[ 2015-04-04T20:12:20+08:00 ] 127.0.0.1 /AppServer/Admin/System/Notice/page/1
INFO: [ app_init ] --START--
INFO: Run Behavior\BuildLiteBehavior [ RunTime:0.000000s ]
INFO: [ app_init ] --END-- [ RunTime:0.000000s ]

[ 2015-04-04T20:12:33+08:00 ] 127.0.0.1 /AppServer/Admin/System/Notice/page/1
INFO: [ app_init ] --START--
INFO: Run Behavior\BuildLiteBehavior [ RunTime:0.000000s ]
INFO: [ app_init ] --END-- [ RunTime:0.000000s ]

[ 2015-04-04T20:12:35+08:00 ] 127.0.0.1 /AppServer/Admin/System/Notice/page/1
INFO: [ app_init ] --START--
INFO: Run Behavior\BuildLiteBehavior [ RunTime:0.000000s ]
INFO: [ app_init ] --END-- [ RunTime:0.001000s ]

[ 2015-04-04T20:12:52+08:00 ] 127.0.0.1 /AppServer/Admin/System/Notice/page/1
INFO: [ app_init ] --START--
INFO: Run Behavior\BuildLiteBehavior [ RunTime:0.000000s ]
INFO: [ app_init ] --END-- [ RunTime:0.001000s ]

[ 2015-04-04T20:16:22+08:00 ] 127.0.0.1 /AppServer/Admin/System/Notice/page/1
INFO: [ app_init ] --START--
INFO: Run Behavior\BuildLiteBehavior [ RunTime:0.000000s ]
INFO: [ app_init ] --END-- [ RunTime:0.001000s ]

[ 2015-04-04T20:17:13+08:00 ] 127.0.0.1 /AppServer/Admin/System/Notice/page/1
INFO: [ app_init ] --START--
INFO: Run Behavior\BuildLiteBehavior [ RunTime:0.000000s ]
INFO: [ app_init ] --END-- [ RunTime:0.001000s ]

[ 2015-04-04T20:19:04+08:00 ] 127.0.0.1 /AppServer/Admin/System/Notice/page/1
INFO: [ app_init ] --START--
INFO: Run Behavior\BuildLiteBehavior [ RunTime:0.000000s ]
INFO: [ app_init ] --END-- [ RunTime:0.001000s ]

[ 2015-04-04T20:19:36+08:00 ] 127.0.0.1 /AppServer/Admin/System/Notice/page/1
INFO: [ app_init ] --START--
INFO: Run Behavior\BuildLiteBehavior [ RunTime:0.000000s ]
INFO: [ app_init ] --END-- [ RunTime:0.000000s ]

[ 2015-04-04T20:20:04+08:00 ] 127.0.0.1 /AppServer/Admin/System/Notice/page/1
INFO: [ app_init ] --START--
INFO: Run Behavior\BuildLiteBehavior [ RunTime:0.000000s ]
INFO: [ app_init ] --END-- [ RunTime:0.000000s ]

[ 2015-04-04T20:20:30+08:00 ] 127.0.0.1 /AppServer/Admin/System/Notice/page/1
INFO: [ app_init ] --START--
INFO: Run Behavior\BuildLiteBehavior [ RunTime:0.000000s ]
INFO: [ app_init ] --END-- [ RunTime:0.001000s ]

[ 2015-04-04T20:20:53+08:00 ] 127.0.0.1 /AppServer/Admin/System/Notice/page/1
INFO: [ app_init ] --START--
INFO: Run Behavior\BuildLiteBehavior [ RunTime:0.000000s ]
INFO: [ app_init ] --END-- [ RunTime:0.000000s ]

[ 2015-04-04T20:21:30+08:00 ] 127.0.0.1 /AppServer/Admin/System/Notice/page/1
INFO: [ app_init ] --START--
INFO: Run Behavior\BuildLiteBehavior [ RunTime:0.000000s ]
INFO: [ app_init ] --END-- [ RunTime:0.001000s ]

[ 2015-04-04T20:21:57+08:00 ] 127.0.0.1 /AppServer/Admin/System/Notice/page/1
INFO: [ app_init ] --START--
INFO: Run Behavior\BuildLiteBehavior [ RunTime:0.000000s ]
INFO: [ app_init ] --END-- [ RunTime:0.001000s ]

[ 2015-04-04T20:22:32+08:00 ] 127.0.0.1 /AppServer/Admin/System/Notice/page/1
INFO: [ app_init ] --START--
INFO: Run Behavior\BuildLiteBehavior [ RunTime:0.000000s ]
INFO: [ app_init ] --END-- [ RunTime:0.000000s ]

[ 2015-04-04T20:23:08+08:00 ] 127.0.0.1 /AppServer/Admin/System/Notice/page/1
INFO: [ app_init ] --START--
INFO: Run Behavior\BuildLiteBehavior [ RunTime:0.000000s ]
INFO: [ app_init ] --END-- [ RunTime:0.000000s ]

[ 2015-04-04T20:24:42+08:00 ] 127.0.0.1 /AppServer/Admin/System/Notice/page/1
INFO: [ app_init ] --START--
INFO: Run Behavior\BuildLiteBehavior [ RunTime:0.000000s ]
INFO: [ app_init ] --END-- [ RunTime:0.001000s ]

[ 2015-04-04T20:24:50+08:00 ] 127.0.0.1 /AppServer/Admin/System/Notice/page/1
INFO: [ app_init ] --START--
INFO: Run Behavior\BuildLiteBehavior [ RunTime:0.000000s ]
INFO: [ app_init ] --END-- [ RunTime:0.000000s ]

[ 2015-04-04T20:25:05+08:00 ] 127.0.0.1 /AppServer/Admin/System/Notice/page/1
INFO: [ app_init ] --START--
INFO: Run Behavior\BuildLiteBehavior [ RunTime:0.000000s ]
INFO: [ app_init ] --END-- [ RunTime:0.001000s ]

[ 2015-04-04T20:25:11+08:00 ] 127.0.0.1 /AppServer/Admin/System/Notice/page/1
INFO: [ app_init ] --START--
INFO: Run Behavior\BuildLiteBehavior [ RunTime:0.000000s ]
INFO: [ app_init ] --END-- [ RunTime:0.000000s ]

[ 2015-04-04T20:25:20+08:00 ] 127.0.0.1 /AppServer/Admin/System/Notice/page/1
INFO: [ app_init ] --START--
INFO: Run Behavior\BuildLiteBehavior [ RunTime:0.000000s ]
INFO: [ app_init ] --END-- [ RunTime:0.001000s ]

[ 2015-04-04T20:26:11+08:00 ] 127.0.0.1 /AppServer/Admin/System/Notice/page/1
INFO: [ app_init ] --START--
INFO: Run Behavior\BuildLiteBehavior [ RunTime:0.000000s ]
INFO: [ app_init ] --END-- [ RunTime:0.001000s ]

[ 2015-04-04T20:28:57+08:00 ] 127.0.0.1 /AppServer/Admin/System/Notice/page/1
INFO: [ app_init ] --START--
INFO: Run Behavior\BuildLiteBehavior [ RunTime:0.000000s ]
INFO: [ app_init ] --END-- [ RunTime:0.001000s ]

[ 2015-04-04T20:29:38+08:00 ] 127.0.0.1 /AppServer/Admin/System/Notice/page/1
INFO: [ app_init ] --START--
INFO: Run Behavior\BuildLiteBehavior [ RunTime:0.000000s ]
INFO: [ app_init ] --END-- [ RunTime:0.002000s ]

[ 2015-04-04T20:29:51+08:00 ] 127.0.0.1 /AppServer/Admin/System/Notice/page/1
INFO: [ app_init ] --START--
INFO: Run Behavior\BuildLiteBehavior [ RunTime:0.000000s ]
INFO: [ app_init ] --END-- [ RunTime:0.001000s ]

[ 2015-04-04T20:30:02+08:00 ] 127.0.0.1 /AppServer/Admin/System/Notice/page/1
INFO: [ app_init ] --START--
INFO: Run Behavior\BuildLiteBehavior [ RunTime:0.000000s ]
INFO: [ app_init ] --END-- [ RunTime:0.000000s ]

[ 2015-04-04T20:31:39+08:00 ] 127.0.0.1 /AppServer/Admin/System/Notice/page/1
INFO: [ app_init ] --START--
INFO: Run Behavior\BuildLiteBehavior [ RunTime:0.000000s ]
INFO: [ app_init ] --END-- [ RunTime:0.000000s ]

[ 2015-04-04T20:31:54+08:00 ] 127.0.0.1 /AppServer/Admin/System/Notice/page/1
INFO: [ app_init ] --START--
INFO: Run Behavior\BuildLiteBehavior [ RunTime:0.000000s ]
INFO: [ app_init ] --END-- [ RunTime:0.000000s ]

[ 2015-04-04T20:32:15+08:00 ] 127.0.0.1 /AppServer/Admin/System/Notice/page/1
INFO: [ app_init ] --START--
INFO: Run Behavior\BuildLiteBehavior [ RunTime:0.000000s ]
INFO: [ app_init ] --END-- [ RunTime:0.000000s ]

[ 2015-04-04T20:33:48+08:00 ] 127.0.0.1 /AppServer/Admin/System/Notice/page/1
INFO: [ app_init ] --START--
INFO: Run Behavior\BuildLiteBehavior [ RunTime:0.000000s ]
INFO: [ app_init ] --END-- [ RunTime:0.001000s ]

[ 2015-04-04T20:34:20+08:00 ] 127.0.0.1 /AppServer/Admin/System/Notice/page/1
INFO: [ app_init ] --START--
INFO: Run Behavior\BuildLiteBehavior [ RunTime:0.000000s ]
INFO: [ app_init ] --END-- [ RunTime:0.001000s ]

[ 2015-04-04T20:34:35+08:00 ] 127.0.0.1 /AppServer/Admin/System/Notice/page/1
INFO: [ app_init ] --START--
INFO: Run Behavior\BuildLiteBehavior [ RunTime:0.000000s ]
INFO: [ app_init ] --END-- [ RunTime:0.001000s ]

[ 2015-04-04T20:36:44+08:00 ] 127.0.0.1 /AppServer/Admin/System/Notice/page/1
INFO: [ app_init ] --START--
INFO: Run Behavior\BuildLiteBehavior [ RunTime:0.000000s ]
INFO: [ app_init ] --END-- [ RunTime:0.000000s ]

[ 2015-04-04T20:37:18+08:00 ] 127.0.0.1 /AppServer/Admin/System/Notice/page/1
INFO: [ app_init ] --START--
INFO: Run Behavior\BuildLiteBehavior [ RunTime:0.000000s ]
INFO: [ app_init ] --END-- [ RunTime:0.001000s ]

[ 2015-04-04T20:37:40+08:00 ] 127.0.0.1 /AppServer/Admin/System/Notice/page/1
INFO: [ app_init ] --START--
INFO: Run Behavior\BuildLiteBehavior [ RunTime:0.000000s ]
INFO: [ app_init ] --END-- [ RunTime:0.001000s ]

[ 2015-04-04T20:38:19+08:00 ] 127.0.0.1 /AppServer/Admin/System/Notice/page/1
INFO: [ app_init ] --START--
INFO: Run Behavior\BuildLiteBehavior [ RunTime:0.000000s ]
INFO: [ app_init ] --END-- [ RunTime:0.001000s ]

[ 2015-04-04T20:38:33+08:00 ] 127.0.0.1 /AppServer/Admin/System/Notice/page/1
INFO: [ app_init ] --START--
INFO: Run Behavior\BuildLiteBehavior [ RunTime:0.000000s ]
INFO: [ app_init ] --END-- [ RunTime:0.000000s ]

[ 2015-04-04T20:39:37+08:00 ] 127.0.0.1 /AppServer/Admin
INFO: [ app_init ] --START--
INFO: Run Behavior\BuildLiteBehavior [ RunTime:0.000000s ]
INFO: [ app_init ] --END-- [ RunTime:0.001000s ]

[ 2015-04-04T20:39:43+08:00 ] 127.0.0.1 /AppServer/Admin/Index/login
INFO: [ app_init ] --START--
INFO: Run Behavior\BuildLiteBehavior [ RunTime:0.000000s ]
INFO: [ app_init ] --END-- [ RunTime:0.001000s ]
INFO: [ app_begin ] --START--
INFO: Run Behavior\ReadHtmlCacheBehavior [ RunTime:0.000000s ]
INFO: [ app_begin ] --END-- [ RunTime:0.000000s ]
SQL: SHOW COLUMNS FROM `as_admin` [ RunTime:0.0060s ]
SQL: SELECT * FROM `as_admin` WHERE `admin_id` = 2011051309 AND `pwd` = '3d68e7f26ad605b7f4e392d9b59e8478' LIMIT 1   [ RunTime:0.0010s ]
SQL: SHOW COLUMNS FROM `as_loginrecord` [ RunTime:0.0070s ]
SQL: INSERT INTO `as_loginrecord` (`ip`,`location`,`time`,`admin_id`) VALUES ('127.0.0.1','本机地址','1428151182','2011051309') [ RunTime:0.3830s ]

[ 2015-04-04T20:39:43+08:00 ] 127.0.0.1 /AppServer/Admin/Main/main
INFO: [ app_init ] --START--
INFO: Run Behavior\BuildLiteBehavior [ RunTime:0.000000s ]
INFO: [ app_init ] --END-- [ RunTime:0.001000s ]

[ 2015-04-04T20:39:45+08:00 ] 127.0.0.1 /AppServer/Admin/System/Notice/page/1
INFO: [ app_init ] --START--
INFO: Run Behavior\BuildLiteBehavior [ RunTime:0.000000s ]
INFO: [ app_init ] --END-- [ RunTime:0.000000s ]

[ 2015-04-04T20:40:14+08:00 ] 127.0.0.1 /AppServer/Admin/System/Notice/page/1
INFO: [ app_init ] --START--
INFO: Run Behavior\BuildLiteBehavior [ RunTime:0.000000s ]
INFO: [ app_init ] --END-- [ RunTime:0.001000s ]

[ 2015-04-04T20:40:27+08:00 ] 127.0.0.1 /AppServer/Admin/System/Notice/page/1
INFO: [ app_init ] --START--
INFO: Run Behavior\BuildLiteBehavior [ RunTime:0.000000s ]
INFO: [ app_init ] --END-- [ RunTime:0.001000s ]

[ 2015-04-04T20:40:58+08:00 ] 127.0.0.1 /AppServer/Admin/System/Notice/page/1
INFO: [ app_init ] --START--
INFO: Run Behavior\BuildLiteBehavior [ RunTime:0.000000s ]
INFO: [ app_init ] --END-- [ RunTime:0.001000s ]

[ 2015-04-04T20:41:28+08:00 ] 127.0.0.1 /AppServer/Admin/System/Notice/page/1
INFO: [ app_init ] --START--
INFO: Run Behavior\BuildLiteBehavior [ RunTime:0.000000s ]
INFO: [ app_init ] --END-- [ RunTime:0.000000s ]

[ 2015-04-04T20:41:53+08:00 ] 127.0.0.1 /AppServer/Admin/System/Notice/page/1
INFO: [ app_init ] --START--
INFO: Run Behavior\BuildLiteBehavior [ RunTime:0.000000s ]
INFO: [ app_init ] --END-- [ RunTime:0.001000s ]

[ 2015-04-04T20:41:55+08:00 ] 127.0.0.1 /AppServer/Admin/System/Notice/page/1
INFO: [ app_init ] --START--
INFO: Run Behavior\BuildLiteBehavior [ RunTime:0.000000s ]
INFO: [ app_init ] --END-- [ RunTime:0.001000s ]

[ 2015-04-04T20:43:11+08:00 ] 127.0.0.1 /AppServer/Admin/System/Notice/page/1
INFO: [ app_init ] --START--
INFO: Run Behavior\BuildLiteBehavior [ RunTime:0.000000s ]
INFO: [ app_init ] --END-- [ RunTime:0.001000s ]

[ 2015-04-04T20:43:50+08:00 ] 127.0.0.1 /AppServer/Admin/System/Notice/page/1
INFO: [ app_init ] --START--
INFO: Run Behavior\BuildLiteBehavior [ RunTime:0.000000s ]
INFO: [ app_init ] --END-- [ RunTime:0.000000s ]

[ 2015-04-04T20:43:51+08:00 ] 127.0.0.1 /AppServer/Admin/System/Notice/page/1
INFO: [ app_init ] --START--
INFO: Run Behavior\BuildLiteBehavior [ RunTime:0.000000s ]
INFO: [ app_init ] --END-- [ RunTime:0.000000s ]

[ 2015-04-04T20:45:04+08:00 ] 127.0.0.1 /AppServer/Admin/System/Notice/page/1
INFO: [ app_init ] --START--
INFO: Run Behavior\BuildLiteBehavior [ RunTime:0.000000s ]
INFO: [ app_init ] --END-- [ RunTime:0.000000s ]

[ 2015-04-04T20:47:33+08:00 ] 127.0.0.1 /AppServer/Admin/System/Notice/page/1
INFO: [ app_init ] --START--
INFO: Run Behavior\BuildLiteBehavior [ RunTime:0.000000s ]
INFO: [ app_init ] --END-- [ RunTime:0.000000s ]

[ 2015-04-04T20:47:48+08:00 ] 127.0.0.1 /AppServer/Admin/System/Notice/page/1
INFO: [ app_init ] --START--
INFO: Run Behavior\BuildLiteBehavior [ RunTime:0.000000s ]
INFO: [ app_init ] --END-- [ RunTime:0.000000s ]

[ 2015-04-04T20:48:40+08:00 ] 127.0.0.1 /AppServer/Admin/System/Notice/page/1
INFO: [ app_init ] --START--
INFO: Run Behavior\BuildLiteBehavior [ RunTime:0.000000s ]
INFO: [ app_init ] --END-- [ RunTime:0.001000s ]

[ 2015-04-04T20:48:51+08:00 ] 127.0.0.1 /AppServer/Admin/System/Notice/page/1
INFO: [ app_init ] --START--
INFO: Run Behavior\BuildLiteBehavior [ RunTime:0.000000s ]
INFO: [ app_init ] --END-- [ RunTime:0.001000s ]

[ 2015-04-04T20:50:11+08:00 ] 127.0.0.1 /AppServer/Admin/System/Notice/page/1
INFO: [ app_init ] --START--
INFO: Run Behavior\BuildLiteBehavior [ RunTime:0.000000s ]
INFO: [ app_init ] --END-- [ RunTime:0.001000s ]

[ 2015-04-04T20:50:33+08:00 ] 127.0.0.1 /AppServer/Admin/System/Notice/page/1
INFO: [ app_init ] --START--
INFO: Run Behavior\BuildLiteBehavior [ RunTime:0.000000s ]
INFO: [ app_init ] --END-- [ RunTime:0.001000s ]

[ 2015-04-04T20:52:43+08:00 ] 127.0.0.1 /AppServer/Admin/System/Notice/page/1
INFO: [ app_init ] --START--
INFO: Run Behavior\BuildLiteBehavior [ RunTime:0.000000s ]
INFO: [ app_init ] --END-- [ RunTime:0.000000s ]

[ 2015-04-04T20:53:50+08:00 ] 127.0.0.1 /AppServer/Admin/System/Notice/page/1
INFO: [ app_init ] --START--
INFO: Run Behavior\BuildLiteBehavior [ RunTime:0.000000s ]
INFO: [ app_init ] --END-- [ RunTime:0.000000s ]

[ 2015-04-04T20:56:47+08:00 ] 127.0.0.1 /AppServer/Admin/System/Notice/page/1
INFO: [ app_init ] --START--
INFO: Run Behavior\BuildLiteBehavior [ RunTime:0.000000s ]
INFO: [ app_init ] --END-- [ RunTime:0.000000s ]

[ 2015-04-04T21:16:15+08:00 ] 127.0.0.1 /AppServer/Admin/System/Notice/page/1
INFO: [ app_init ] --START--
INFO: Run Behavior\BuildLiteBehavior [ RunTime:0.000000s ]
INFO: [ app_init ] --END-- [ RunTime:0.002000s ]

[ 2015-04-04T21:17:26+08:00 ] 127.0.0.1 /AppServer/Admin/System/Notice/page/1
INFO: [ app_init ] --START--
INFO: Run Behavior\BuildLiteBehavior [ RunTime:0.000000s ]
INFO: [ app_init ] --END-- [ RunTime:0.001000s ]

[ 2015-04-04T21:18:43+08:00 ] 127.0.0.1 /AppServer/Admin/System/Notice/page/1
INFO: [ app_init ] --START--
INFO: Run Behavior\BuildLiteBehavior [ RunTime:0.000000s ]
INFO: [ app_init ] --END-- [ RunTime:0.000000s ]

[ 2015-04-04T21:20:22+08:00 ] 127.0.0.1 /AppServer/Admin/System/Notice/page/1
INFO: [ app_init ] --START--
INFO: Run Behavior\BuildLiteBehavior [ RunTime:0.000000s ]
INFO: [ app_init ] --END-- [ RunTime:0.001000s ]

[ 2015-04-04T21:20:38+08:00 ] 127.0.0.1 /AppServer/Admin/System/Notice/page/1
INFO: [ app_init ] --START--
INFO: Run Behavior\BuildLiteBehavior [ RunTime:0.000000s ]
INFO: [ app_init ] --END-- [ RunTime:0.000000s ]

[ 2015-04-04T21:21:44+08:00 ] 127.0.0.1 /AppServer/Admin/System/Notice/page/1
INFO: [ app_init ] --START--
INFO: Run Behavior\BuildLiteBehavior [ RunTime:0.000000s ]
INFO: [ app_init ] --END-- [ RunTime:0.000000s ]

[ 2015-04-04T21:22:10+08:00 ] 127.0.0.1 /AppServer/Admin/System/Notice/page/1
INFO: [ app_init ] --START--
INFO: Run Behavior\BuildLiteBehavior [ RunTime:0.000000s ]
INFO: [ app_init ] --END-- [ RunTime:0.000000s ]

[ 2015-04-04T21:23:33+08:00 ] 127.0.0.1 /AppServer/Admin/System/Notice/page/1
INFO: [ app_init ] --START--
INFO: Run Behavior\BuildLiteBehavior [ RunTime:0.000000s ]
INFO: [ app_init ] --END-- [ RunTime:0.001000s ]

[ 2015-04-04T21:24:48+08:00 ] 127.0.0.1 /AppServer/Admin/System/Notice/page/1
INFO: [ app_init ] --START--
INFO: Run Behavior\BuildLiteBehavior [ RunTime:0.000000s ]
INFO: [ app_init ] --END-- [ RunTime:0.000000s ]

[ 2015-04-04T21:25:31+08:00 ] 127.0.0.1 /AppServer/Admin/System/Notice/page/1
INFO: [ app_init ] --START--
INFO: Run Behavior\BuildLiteBehavior [ RunTime:0.000000s ]
INFO: [ app_init ] --END-- [ RunTime:0.001000s ]

[ 2015-04-04T21:26:01+08:00 ] 127.0.0.1 /AppServer/Admin/
INFO: [ app_init ] --START--
INFO: Run Behavior\BuildLiteBehavior [ RunTime:0.000000s ]
INFO: [ app_init ] --END-- [ RunTime:0.001000s ]

[ 2015-04-04T21:26:12+08:00 ] 127.0.0.1 /AppServer/Admin/Index/login
INFO: [ app_init ] --START--
INFO: Run Behavior\BuildLiteBehavior [ RunTime:0.000000s ]
INFO: [ app_init ] --END-- [ RunTime:0.000000s ]
INFO: [ app_begin ] --START--
INFO: Run Behavior\ReadHtmlCacheBehavior [ RunTime:0.001000s ]
INFO: [ app_begin ] --END-- [ RunTime:0.001000s ]
SQL: SHOW COLUMNS FROM `as_admin` [ RunTime:0.0230s ]
SQL: SELECT * FROM `as_admin` WHERE `admin_id` = 2011051309 AND `pwd` = '3d68e7f26ad605b7f4e392d9b59e8478' LIMIT 1   [ RunTime:0.2680s ]
SQL: SHOW COLUMNS FROM `as_loginrecord` [ RunTime:0.0120s ]
SQL: INSERT INTO `as_loginrecord` (`ip`,`location`,`time`,`admin_id`) VALUES ('127.0.0.1','本机地址','1428153972','2011051309') [ RunTime:0.4570s ]

[ 2015-04-04T21:26:13+08:00 ] 127.0.0.1 /AppServer/Admin/Main/main
INFO: [ app_init ] --START--
INFO: Run Behavior\BuildLiteBehavior [ RunTime:0.000000s ]
INFO: [ app_init ] --END-- [ RunTime:0.000000s ]

[ 2015-04-04T21:26:17+08:00 ] 127.0.0.1 /AppServer/Admin/System/Notice/page/1
INFO: [ app_init ] --START--
INFO: Run Behavior\BuildLiteBehavior [ RunTime:0.000000s ]
INFO: [ app_init ] --END-- [ RunTime:0.001000s ]

[ 2015-04-04T21:26:41+08:00 ] 127.0.0.1 /AppServer/Admin/System/Notice/page/1
INFO: [ app_init ] --START--
INFO: Run Behavior\BuildLiteBehavior [ RunTime:0.000000s ]
INFO: [ app_init ] --END-- [ RunTime:0.000000s ]

[ 2015-04-04T21:26:50+08:00 ] 127.0.0.1 /AppServer/Admin/System/Notice/page/1
INFO: [ app_init ] --START--
INFO: Run Behavior\BuildLiteBehavior [ RunTime:0.000000s ]
INFO: [ app_init ] --END-- [ RunTime:0.001000s ]

[ 2015-04-04T21:27:00+08:00 ] 127.0.0.1 /AppServer/Admin/System/Notice/page/1
INFO: [ app_init ] --START--
INFO: Run Behavior\BuildLiteBehavior [ RunTime:0.000000s ]
INFO: [ app_init ] --END-- [ RunTime:0.000000s ]

[ 2015-04-04T21:27:43+08:00 ] 127.0.0.1 /AppServer/Admin/System/Notice/page/1
INFO: [ app_init ] --START--
INFO: Run Behavior\BuildLiteBehavior [ RunTime:0.000000s ]
INFO: [ app_init ] --END-- [ RunTime:0.001000s ]

[ 2015-04-04T21:29:12+08:00 ] 127.0.0.1 /AppServer/Admin/System/Notice/page/1
INFO: [ app_init ] --START--
INFO: Run Behavior\BuildLiteBehavior [ RunTime:0.000000s ]
INFO: [ app_init ] --END-- [ RunTime:0.001001s ]

[ 2015-04-04T21:29:28+08:00 ] 127.0.0.1 /AppServer/Admin/System/Notice/page/1
INFO: [ app_init ] --START--
INFO: Run Behavior\BuildLiteBehavior [ RunTime:0.000000s ]
INFO: [ app_init ] --END-- [ RunTime:0.000000s ]

[ 2015-04-04T21:29:46+08:00 ] 127.0.0.1 /AppServer/Admin/System/Notice/page/1
INFO: [ app_init ] --START--
INFO: Run Behavior\BuildLiteBehavior [ RunTime:0.000000s ]
INFO: [ app_init ] --END-- [ RunTime:0.001000s ]

[ 2015-04-04T21:30:19+08:00 ] 127.0.0.1 /AppServer/Admin/System/Notice/page/1
INFO: [ app_init ] --START--
INFO: Run Behavior\BuildLiteBehavior [ RunTime:0.001000s ]
INFO: [ app_init ] --END-- [ RunTime:0.001000s ]

[ 2015-04-04T21:30:39+08:00 ] 127.0.0.1 /AppServer/Admin/System/Notice/page/1
INFO: [ app_init ] --START--
INFO: Run Behavior\BuildLiteBehavior [ RunTime:0.000000s ]
INFO: [ app_init ] --END-- [ RunTime:0.001000s ]

[ 2015-04-04T21:30:39+08:00 ] 127.0.0.1 /AppServer/Admin/System/Notice/page/1
INFO: [ app_init ] --START--
INFO: Run Behavior\BuildLiteBehavior [ RunTime:0.000000s ]
INFO: [ app_init ] --END-- [ RunTime:0.001000s ]

[ 2015-04-04T21:30:40+08:00 ] 127.0.0.1 /AppServer/Admin/System/Notice/page/1
INFO: [ app_init ] --START--
INFO: Run Behavior\BuildLiteBehavior [ RunTime:0.000000s ]
INFO: [ app_init ] --END-- [ RunTime:0.000000s ]

[ 2015-04-04T21:30:40+08:00 ] 127.0.0.1 /AppServer/Admin/System/Notice/page/1
INFO: [ app_init ] --START--
INFO: Run Behavior\BuildLiteBehavior [ RunTime:0.000000s ]
INFO: [ app_init ] --END-- [ RunTime:0.000000s ]

[ 2015-04-04T21:30:40+08:00 ] 127.0.0.1 /AppServer/Admin/System/Notice/page/1
INFO: [ app_init ] --START--
INFO: Run Behavior\BuildLiteBehavior [ RunTime:0.000000s ]
INFO: [ app_init ] --END-- [ RunTime:0.001000s ]

[ 2015-04-04T21:30:40+08:00 ] 127.0.0.1 /AppServer/Admin/System/Notice/page/1
INFO: [ app_init ] --START--
INFO: Run Behavior\BuildLiteBehavior [ RunTime:0.000000s ]
INFO: [ app_init ] --END-- [ RunTime:0.000000s ]

[ 2015-04-04T21:30:55+08:00 ] 127.0.0.1 /AppServer/Admin/System/Notice/page/1
INFO: [ app_init ] --START--
INFO: Run Behavior\BuildLiteBehavior [ RunTime:0.000000s ]
INFO: [ app_init ] --END-- [ RunTime:0.000000s ]

[ 2015-04-04T21:31:11+08:00 ] 127.0.0.1 /AppServer/Admin/System/Notice/page/1
INFO: [ app_init ] --START--
INFO: Run Behavior\BuildLiteBehavior [ RunTime:0.000000s ]
INFO: [ app_init ] --END-- [ RunTime:0.000000s ]

[ 2015-04-04T21:31:25+08:00 ] 127.0.0.1 /AppServer/Admin/System/Notice/page/1
INFO: [ app_init ] --START--
INFO: Run Behavior\BuildLiteBehavior [ RunTime:0.000000s ]
INFO: [ app_init ] --END-- [ RunTime:0.001000s ]

[ 2015-04-04T21:31:56+08:00 ] 127.0.0.1 /AppServer/Admin/System/Notice/page/1
INFO: [ app_init ] --START--
INFO: Run Behavior\BuildLiteBehavior [ RunTime:0.000000s ]
INFO: [ app_init ] --END-- [ RunTime:0.001000s ]

[ 2015-04-04T21:35:33+08:00 ] 127.0.0.1 /AppServer/Admin/System/Notice/page/1
INFO: [ app_init ] --START--
INFO: Run Behavior\BuildLiteBehavior [ RunTime:0.000000s ]
INFO: [ app_init ] --END-- [ RunTime:0.000000s ]

[ 2015-04-04T21:35:54+08:00 ] 127.0.0.1 /AppServer/Admin/System/Notice/page/1
INFO: [ app_init ] --START--
INFO: Run Behavior\BuildLiteBehavior [ RunTime:0.000000s ]
INFO: [ app_init ] --END-- [ RunTime:0.001000s ]

[ 2015-04-04T21:36:10+08:00 ] 127.0.0.1 /AppServer/Admin/System/Notice/page/1
INFO: [ app_init ] --START--
INFO: Run Behavior\BuildLiteBehavior [ RunTime:0.000000s ]
INFO: [ app_init ] --END-- [ RunTime:0.000000s ]

[ 2015-04-04T21:36:13+08:00 ] 127.0.0.1 /AppServer/Admin/System/Notice/page/1
INFO: [ app_init ] --START--
INFO: Run Behavior\BuildLiteBehavior [ RunTime:0.000000s ]
INFO: [ app_init ] --END-- [ RunTime:0.000000s ]

[ 2015-04-04T21:36:30+08:00 ] 127.0.0.1 /AppServer/Admin/System/Notice/page/1
INFO: [ app_init ] --START--
INFO: Run Behavior\BuildLiteBehavior [ RunTime:0.000000s ]
INFO: [ app_init ] --END-- [ RunTime:0.000000s ]

[ 2015-04-04T21:37:19+08:00 ] 127.0.0.1 /AppServer/Admin/System/Notice/page/1
INFO: [ app_init ] --START--
INFO: Run Behavior\BuildLiteBehavior [ RunTime:0.000000s ]
INFO: [ app_init ] --END-- [ RunTime:0.001001s ]

[ 2015-04-04T21:37:20+08:00 ] 127.0.0.1 /AppServer/Admin/System/Notice/page/1
INFO: [ app_init ] --START--
INFO: Run Behavior\BuildLiteBehavior [ RunTime:0.000000s ]
INFO: [ app_init ] --END-- [ RunTime:0.001000s ]

[ 2015-04-04T21:37:20+08:00 ] 127.0.0.1 /AppServer/Admin/System/Notice/page/1
INFO: [ app_init ] --START--
INFO: Run Behavior\BuildLiteBehavior [ RunTime:0.000000s ]
INFO: [ app_init ] --END-- [ RunTime:0.001000s ]

[ 2015-04-04T21:37:20+08:00 ] 127.0.0.1 /AppServer/Admin/System/Notice/page/1
INFO: [ app_init ] --START--
INFO: Run Behavior\BuildLiteBehavior [ RunTime:0.000000s ]
INFO: [ app_init ] --END-- [ RunTime:0.000000s ]

[ 2015-04-04T21:37:33+08:00 ] 127.0.0.1 /AppServer/Admin/System/Notice/page/1
INFO: [ app_init ] --START--
INFO: Run Behavior\BuildLiteBehavior [ RunTime:0.000000s ]
INFO: [ app_init ] --END-- [ RunTime:0.000000s ]

[ 2015-04-04T21:37:48+08:00 ] 127.0.0.1 /AppServer/Admin/System/Notice/page/1
INFO: [ app_init ] --START--
INFO: Run Behavior\BuildLiteBehavior [ RunTime:0.000000s ]
INFO: [ app_init ] --END-- [ RunTime:0.000000s ]

[ 2015-04-04T21:38:16+08:00 ] 127.0.0.1 /AppServer/Admin/System/Notice/page/1
INFO: [ app_init ] --START--
INFO: Run Behavior\BuildLiteBehavior [ RunTime:0.000000s ]
INFO: [ app_init ] --END-- [ RunTime:0.000000s ]

[ 2015-04-04T21:38:46+08:00 ] 127.0.0.1 /AppServer/Admin/System/Notice/page/1
INFO: [ app_init ] --START--
INFO: Run Behavior\BuildLiteBehavior [ RunTime:0.000000s ]
INFO: [ app_init ] --END-- [ RunTime:0.000000s ]

[ 2015-04-04T21:39:02+08:00 ] 127.0.0.1 /AppServer/Admin/System/Notice/page/1
INFO: [ app_init ] --START--
INFO: Run Behavior\BuildLiteBehavior [ RunTime:0.000000s ]
INFO: [ app_init ] --END-- [ RunTime:0.000000s ]

[ 2015-04-04T21:39:14+08:00 ] 127.0.0.1 /AppServer/Admin/System/Notice/page/1
INFO: [ app_init ] --START--
INFO: Run Behavior\BuildLiteBehavior [ RunTime:0.000000s ]
INFO: [ app_init ] --END-- [ RunTime:0.001000s ]

[ 2015-04-04T21:39:36+08:00 ] 127.0.0.1 /AppServer/Admin/System/Notice/page/1
INFO: [ app_init ] --START--
INFO: Run Behavior\BuildLiteBehavior [ RunTime:0.000000s ]
INFO: [ app_init ] --END-- [ RunTime:0.000000s ]

[ 2015-04-04T21:39:45+08:00 ] 127.0.0.1 /AppServer/Admin/System/Notice/page/1
INFO: [ app_init ] --START--
INFO: Run Behavior\BuildLiteBehavior [ RunTime:0.000000s ]
INFO: [ app_init ] --END-- [ RunTime:0.000000s ]

[ 2015-04-04T21:50:10+08:00 ] 127.0.0.1 /AppServer/Admin/System/Notice/page/1
INFO: [ app_init ] --START--
INFO: Run Behavior\BuildLiteBehavior [ RunTime:0.000000s ]
INFO: [ app_init ] --END-- [ RunTime:0.000000s ]

[ 2015-04-04T21:50:24+08:00 ] 127.0.0.1 /AppServer/Admin/System/Notice/page/1
INFO: [ app_init ] --START--
INFO: Run Behavior\BuildLiteBehavior [ RunTime:0.000000s ]
INFO: [ app_init ] --END-- [ RunTime:0.001000s ]

[ 2015-04-04T22:04:16+08:00 ] 127.0.0.1 /AppServer/Admin/System/Notice/page/1
INFO: [ app_init ] --START--
INFO: Run Behavior\BuildLiteBehavior [ RunTime:0.000000s ]
INFO: [ app_init ] --END-- [ RunTime:0.001000s ]

[ 2015-04-04T22:05:03+08:00 ] 127.0.0.1 /AppServer/Admin/System/Notice/page/1
INFO: [ app_init ] --START--
INFO: Run Behavior\BuildLiteBehavior [ RunTime:0.000000s ]
INFO: [ app_init ] --END-- [ RunTime:0.000000s ]

[ 2015-04-04T22:05:14+08:00 ] 127.0.0.1 /AppServer/Admin/System/Notice/page/1
INFO: [ app_init ] --START--
INFO: Run Behavior\BuildLiteBehavior [ RunTime:0.000000s ]
INFO: [ app_init ] --END-- [ RunTime:0.000000s ]

[ 2015-04-04T22:05:18+08:00 ] 127.0.0.1 /AppServer/Admin/System/Notice/page/1
INFO: [ app_init ] --START--
INFO: Run Behavior\BuildLiteBehavior [ RunTime:0.000000s ]
INFO: [ app_init ] --END-- [ RunTime:0.001000s ]

[ 2015-04-04T22:06:10+08:00 ] 127.0.0.1 /AppServer/Admin/System/Notice/page/1
INFO: [ app_init ] --START--
INFO: Run Behavior\BuildLiteBehavior [ RunTime:0.000000s ]
INFO: [ app_init ] --END-- [ RunTime:0.001000s ]

[ 2015-04-04T22:06:59+08:00 ] 127.0.0.1 /AppServer/Admin/
INFO: [ app_init ] --START--
INFO: Run Behavior\BuildLiteBehavior [ RunTime:0.000000s ]
INFO: [ app_init ] --END-- [ RunTime:0.000000s ]

[ 2015-04-04T22:07:03+08:00 ] 127.0.0.1 /AppServer/Admin/Index/login
INFO: [ app_init ] --START--
INFO: Run Behavior\BuildLiteBehavior [ RunTime:0.000000s ]
INFO: [ app_init ] --END-- [ RunTime:0.001001s ]
INFO: [ app_begin ] --START--
INFO: Run Behavior\ReadHtmlCacheBehavior [ RunTime:0.000000s ]
INFO: [ app_begin ] --END-- [ RunTime:0.000000s ]
SQL: SHOW COLUMNS FROM `as_admin` [ RunTime:0.0070s ]
SQL: SELECT * FROM `as_admin` WHERE `admin_id` = 2011051309 AND `pwd` = '3d68e7f26ad605b7f4e392d9b59e8478' LIMIT 1   [ RunTime:0.0010s ]
SQL: SHOW COLUMNS FROM `as_loginrecord` [ RunTime:0.0000s ]
SQL: INSERT INTO `as_loginrecord` (`ip`,`location`,`time`,`admin_id`) VALUES ('127.0.0.1','本机地址','1428156423','2011051309') [ RunTime:0.1248s ]

[ 2015-04-04T22:07:03+08:00 ] 127.0.0.1 /AppServer/Admin/Main/main
INFO: [ app_init ] --START--
INFO: Run Behavior\BuildLiteBehavior [ RunTime:0.000000s ]
INFO: [ app_init ] --END-- [ RunTime:0.000000s ]

[ 2015-04-04T22:07:07+08:00 ] 127.0.0.1 /AppServer/Admin/System/Notice/page/1
INFO: [ app_init ] --START--
INFO: Run Behavior\BuildLiteBehavior [ RunTime:0.000000s ]
INFO: [ app_init ] --END-- [ RunTime:0.000000s ]

[ 2015-04-04T22:07:23+08:00 ] 127.0.0.1 /AppServer/Admin/System/massDelete
INFO: [ app_init ] --START--
INFO: Run Behavior\BuildLiteBehavior [ RunTime:0.000000s ]
INFO: [ app_init ] --END-- [ RunTime:0.000000s ]
INFO: [ app_begin ] --START--
INFO: Run Behavior\ReadHtmlCacheBehavior [ RunTime:0.001000s ]
INFO: [ app_begin ] --END-- [ RunTime:0.001000s ]
INFO: [ app_end ] --START--
INFO: Run Behavior\ShowPageTraceBehavior [ RunTime:0.001000s ]
INFO: [ app_end ] --END-- [ RunTime:0.001000s ]

[ 2015-04-04T22:09:46+08:00 ] 127.0.0.1 /AppServer/Admin/System/Notice/page/1
INFO: [ app_init ] --START--
INFO: Run Behavior\BuildLiteBehavior [ RunTime:0.000000s ]
INFO: [ app_init ] --END-- [ RunTime:0.000000s ]

[ 2015-04-04T22:09:50+08:00 ] 127.0.0.1 /AppServer/Admin/System/massDelete
INFO: [ app_init ] --START--
INFO: Run Behavior\BuildLiteBehavior [ RunTime:0.000000s ]
INFO: [ app_init ] --END-- [ RunTime:0.000000s ]
INFO: [ app_begin ] --START--
INFO: Run Behavior\ReadHtmlCacheBehavior [ RunTime:0.000000s ]
INFO: [ app_begin ] --END-- [ RunTime:0.000000s ]
NOTIC: [8] Undefined index: admin_id E:\xampp\htdocs\AppServer\Application\Admin\Controller\SystemController.class.php 第 106 行.
INFO: [ app_end ] --START--
INFO: Run Behavior\ShowPageTraceBehavior [ RunTime:0.000000s ]
INFO: [ app_end ] --END-- [ RunTime:0.000000s ]

[ 2015-04-04T22:11:30+08:00 ] 127.0.0.1 /AppServer/Admin/System/massDelete
INFO: [ app_init ] --START--
INFO: Run Behavior\BuildLiteBehavior [ RunTime:0.000000s ]
INFO: [ app_init ] --END-- [ RunTime:0.000000s ]
INFO: [ app_begin ] --START--
INFO: Run Behavior\ReadHtmlCacheBehavior [ RunTime:0.001000s ]
INFO: [ app_begin ] --END-- [ RunTime:0.001000s ]
NOTIC: [8] Trying to get property of non-object E:\xampp\htdocs\AppServer\Application\Admin\Controller\SystemController.class.php 第 108 行.
INFO: [ app_end ] --START--
INFO: Run Behavior\ShowPageTraceBehavior [ RunTime:0.001001s ]
INFO: [ app_end ] --END-- [ RunTime:0.001001s ]

[ 2015-04-04T22:11:53+08:00 ] 127.0.0.1 /AppServer/Admin/System/Notice/page/1
INFO: [ app_init ] --START--
INFO: Run Behavior\BuildLiteBehavior [ RunTime:0.000000s ]
INFO: [ app_init ] --END-- [ RunTime:0.000000s ]

[ 2015-04-04T22:11:55+08:00 ] 127.0.0.1 /AppServer/Admin/System/massDelete
INFO: [ app_init ] --START--
INFO: Run Behavior\BuildLiteBehavior [ RunTime:0.000000s ]
INFO: [ app_init ] --END-- [ RunTime:0.000000s ]
INFO: [ app_begin ] --START--
INFO: Run Behavior\ReadHtmlCacheBehavior [ RunTime:0.000000s ]
INFO: [ app_begin ] --END-- [ RunTime:0.000000s ]
NOTIC: [8] Trying to get property of non-object E:\xampp\htdocs\AppServer\Application\Admin\Controller\SystemController.class.php 第 108 行.
INFO: [ app_end ] --START--
INFO: Run Behavior\ShowPageTraceBehavior [ RunTime:0.000000s ]
INFO: [ app_end ] --END-- [ RunTime:0.000000s ]

[ 2015-04-04T22:12:36+08:00 ] 127.0.0.1 /AppServer/Admin/System/Notice/page/1
INFO: [ app_init ] --START--
INFO: Run Behavior\BuildLiteBehavior [ RunTime:0.000000s ]
INFO: [ app_init ] --END-- [ RunTime:0.000000s ]

[ 2015-04-04T22:12:41+08:00 ] 127.0.0.1 /AppServer/Admin/System/massDelete
INFO: [ app_init ] --START--
INFO: Run Behavior\BuildLiteBehavior [ RunTime:0.000000s ]
INFO: [ app_init ] --END-- [ RunTime:0.002000s ]
INFO: [ app_begin ] --START--
INFO: Run Behavior\ReadHtmlCacheBehavior [ RunTime:0.001000s ]
INFO: [ app_begin ] --END-- [ RunTime:0.001000s ]
NOTIC: [8] Trying to get property of non-object E:\xampp\htdocs\AppServer\Application\Admin\Controller\SystemController.class.php 第 108 行.
INFO: [ app_end ] --START--
INFO: Run Behavior\ShowPageTraceBehavior [ RunTime:0.001000s ]
INFO: [ app_end ] --END-- [ RunTime:0.001000s ]

[ 2015-04-04T22:13:43+08:00 ] 127.0.0.1 /AppServer/Admin/System/Notice/page/1
INFO: [ app_init ] --START--
INFO: Run Behavior\BuildLiteBehavior [ RunTime:0.000000s ]
INFO: [ app_init ] --END-- [ RunTime:0.001000s ]

[ 2015-04-04T22:13:46+08:00 ] 127.0.0.1 /AppServer/Admin/System/massDelete
INFO: [ app_init ] --START--
INFO: Run Behavior\BuildLiteBehavior [ RunTime:0.000000s ]
INFO: [ app_init ] --END-- [ RunTime:0.001000s ]
INFO: [ app_begin ] --START--
INFO: Run Behavior\ReadHtmlCacheBehavior [ RunTime:0.000000s ]
INFO: [ app_begin ] --END-- [ RunTime:0.000000s ]
INFO: [ app_end ] --START--
INFO: Run Behavior\ShowPageTraceBehavior [ RunTime:0.001000s ]
INFO: [ app_end ] --END-- [ RunTime:0.001000s ]

[ 2015-04-04T22:18:46+08:00 ] 127.0.0.1 /AppServer/Admin/System/Notice/page/1
INFO: [ app_init ] --START--
INFO: Run Behavior\BuildLiteBehavior [ RunTime:0.000000s ]
INFO: [ app_init ] --END-- [ RunTime:0.000000s ]

[ 2015-04-04T22:18:48+08:00 ] 127.0.0.1 /AppServer/Admin/System/massDelete
INFO: [ app_init ] --START--
INFO: Run Behavior\BuildLiteBehavior [ RunTime:0.000000s ]
INFO: [ app_init ] --END-- [ RunTime:0.000000s ]
INFO: [ app_begin ] --START--
INFO: Run Behavior\ReadHtmlCacheBehavior [ RunTime:0.001000s ]
INFO: [ app_begin ] --END-- [ RunTime:0.001000s ]
INFO: [ app_end ] --START--
INFO: Run Behavior\ShowPageTraceBehavior [ RunTime:0.001000s ]
INFO: [ app_end ] --END-- [ RunTime:0.001000s ]

[ 2015-04-04T22:19:06+08:00 ] 127.0.0.1 /AppServer/Admin/System/Notice/page/1
INFO: [ app_init ] --START--
INFO: Run Behavior\BuildLiteBehavior [ RunTime:0.000000s ]
INFO: [ app_init ] --END-- [ RunTime:0.000000s ]

[ 2015-04-04T22:19:10+08:00 ] 127.0.0.1 /AppServer/Admin/System/massDelete
INFO: [ app_init ] --START--
INFO: Run Behavior\BuildLiteBehavior [ RunTime:0.000000s ]
INFO: [ app_init ] --END-- [ RunTime:0.000000s ]
INFO: [ app_begin ] --START--
INFO: Run Behavior\ReadHtmlCacheBehavior [ RunTime:0.000000s ]
INFO: [ app_begin ] --END-- [ RunTime:0.000000s ]
INFO: [ app_end ] --START--
INFO: Run Behavior\ShowPageTraceBehavior [ RunTime:0.000000s ]
INFO: [ app_end ] --END-- [ RunTime:0.000000s ]

[ 2015-04-04T22:20:26+08:00 ] 127.0.0.1 /AppServer/Admin/System/Notice/page/1
INFO: [ app_init ] --START--
INFO: Run Behavior\BuildLiteBehavior [ RunTime:0.000000s ]
INFO: [ app_init ] --END-- [ RunTime:0.000000s ]

[ 2015-04-04T22:20:29+08:00 ] 127.0.0.1 /AppServer/Admin/System/massDelete
INFO: [ app_init ] --START--
INFO: Run Behavior\BuildLiteBehavior [ RunTime:0.000000s ]
INFO: [ app_init ] --END-- [ RunTime:0.000000s ]
INFO: [ app_begin ] --START--
INFO: Run Behavior\ReadHtmlCacheBehavior [ RunTime:0.000000s ]
INFO: [ app_begin ] --END-- [ RunTime:0.000000s ]
NOTIC: [8] Undefined index: obj[admin_id] E:\xampp\htdocs\AppServer\Application\Admin\Controller\SystemController.class.php 第 113 行.
INFO: [ app_end ] --START--
INFO: Run Behavior\ShowPageTraceBehavior [ RunTime:0.000000s ]
INFO: [ app_end ] --END-- [ RunTime:0.000000s ]

[ 2015-04-04T22:20:48+08:00 ] 127.0.0.1 /AppServer/Admin/System/Notice/page/1
INFO: [ app_init ] --START--
INFO: Run Behavior\BuildLiteBehavior [ RunTime:0.000000s ]
INFO: [ app_init ] --END-- [ RunTime:0.000000s ]

[ 2015-04-04T22:20:50+08:00 ] 127.0.0.1 /AppServer/Admin/System/massDelete
INFO: [ app_init ] --START--
INFO: Run Behavior\BuildLiteBehavior [ RunTime:0.000000s ]
INFO: [ app_init ] --END-- [ RunTime:0.001000s ]
INFO: [ app_begin ] --START--
INFO: Run Behavior\ReadHtmlCacheBehavior [ RunTime:0.001000s ]
INFO: [ app_begin ] --END-- [ RunTime:0.001000s ]
INFO: [ app_end ] --START--
INFO: Run Behavior\ShowPageTraceBehavior [ RunTime:0.001000s ]
INFO: [ app_end ] --END-- [ RunTime:0.001000s ]

[ 2015-04-04T22:22:09+08:00 ] 127.0.0.1 /AppServer/Admin/User/userList/page/1
INFO: [ app_init ] --START--
INFO: Run Behavior\BuildLiteBehavior [ RunTime:0.000000s ]
INFO: [ app_init ] --END-- [ RunTime:0.001000s ]

[ 2015-04-04T22:22:12+08:00 ] 127.0.0.1 /AppServer/Admin/User/userList/page/2
INFO: [ app_init ] --START--
INFO: Run Behavior\BuildLiteBehavior [ RunTime:0.000000s ]
INFO: [ app_init ] --END-- [ RunTime:0.001000s ]

[ 2015-04-04T22:22:17+08:00 ] 127.0.0.1 /AppServer/Admin/User/userDelete
INFO: [ app_init ] --START--
INFO: Run Behavior\BuildLiteBehavior [ RunTime:0.000000s ]
INFO: [ app_init ] --END-- [ RunTime:0.001000s ]
INFO: [ app_begin ] --START--
INFO: Run Behavior\ReadHtmlCacheBehavior [ RunTime:0.001000s ]
INFO: [ app_begin ] --END-- [ RunTime:0.001000s ]
SQL: SHOW COLUMNS FROM `as_user` [ RunTime:0.0070s ]
SQL: DELETE FROM `as_user` WHERE ( student_id=2011000025 ) [ RunTime:0.3350s ]

[ 2015-04-04T22:22:17+08:00 ] 127.0.0.1 /AppServer/Admin/User/userList/page/2
INFO: [ app_init ] --START--
INFO: Run Behavior\BuildLiteBehavior [ RunTime:0.000000s ]
INFO: [ app_init ] --END-- [ RunTime:0.001000s ]

[ 2015-04-04T22:27:12+08:00 ] 127.0.0.1 /AppServer/Admin/User/userList/page/2
INFO: [ app_init ] --START--
INFO: Run Behavior\BuildLiteBehavior [ RunTime:0.000000s ]
INFO: [ app_init ] --END-- [ RunTime:0.000000s ]

[ 2015-04-04T22:27:13+08:00 ] 127.0.0.1 /AppServer/Admin/System/Notice/page/1
INFO: [ app_init ] --START--
INFO: Run Behavior\BuildLiteBehavior [ RunTime:0.000000s ]
INFO: [ app_init ] --END-- [ RunTime:0.001000s ]

[ 2015-04-04T22:27:16+08:00 ] 127.0.0.1 /AppServer/Admin/System/massDelete
INFO: [ app_init ] --START--
INFO: Run Behavior\BuildLiteBehavior [ RunTime:0.000000s ]
INFO: [ app_init ] --END-- [ RunTime:0.001000s ]
INFO: [ app_begin ] --START--
INFO: Run Behavior\ReadHtmlCacheBehavior [ RunTime:0.000000s ]
INFO: [ app_begin ] --END-- [ RunTime:0.000000s ]
NOTIC: [8] Undefined index: admin_id E:\xampp\htdocs\AppServer\Application\Admin\Controller\SystemController.class.php 第 113 行.
INFO: [ app_end ] --START--
INFO: Run Behavior\ShowPageTraceBehavior [ RunTime:0.001000s ]
INFO: [ app_end ] --END-- [ RunTime:0.001000s ]

[ 2015-04-04T22:27:31+08:00 ] 127.0.0.1 /AppServer/Admin/System/Notice/page/1
INFO: [ app_init ] --START--
INFO: Run Behavior\BuildLiteBehavior [ RunTime:0.000000s ]
INFO: [ app_init ] --END-- [ RunTime:0.001000s ]

[ 2015-04-04T22:27:34+08:00 ] 127.0.0.1 /AppServer/Admin/System/massDelete
INFO: [ app_init ] --START--
INFO: Run Behavior\BuildLiteBehavior [ RunTime:0.000000s ]
INFO: [ app_init ] --END-- [ RunTime:0.001000s ]
INFO: [ app_begin ] --START--
INFO: Run Behavior\ReadHtmlCacheBehavior [ RunTime:0.000000s ]
INFO: [ app_begin ] --END-- [ RunTime:0.000000s ]
NOTIC: [8] Undefined index: admin_id E:\xampp\htdocs\AppServer\Application\Admin\Controller\SystemController.class.php 第 113 行.
INFO: [ app_end ] --START--
INFO: Run Behavior\ShowPageTraceBehavior [ RunTime:0.001000s ]
INFO: [ app_end ] --END-- [ RunTime:0.001000s ]

[ 2015-04-04T22:28:52+08:00 ] 127.0.0.1 /AppServer/Admin/System/Notice/page/1
INFO: [ app_init ] --START--
INFO: Run Behavior\BuildLiteBehavior [ RunTime:0.000000s ]
INFO: [ app_init ] --END-- [ RunTime:0.012000s ]

[ 2015-04-04T22:28:59+08:00 ] 127.0.0.1 /AppServer/Admin/System/massDelete
INFO: [ app_init ] --START--
INFO: Run Behavior\BuildLiteBehavior [ RunTime:0.000000s ]
INFO: [ app_init ] --END-- [ RunTime:0.001000s ]
INFO: [ app_begin ] --START--
INFO: Run Behavior\ReadHtmlCacheBehavior [ RunTime:0.001000s ]
INFO: [ app_begin ] --END-- [ RunTime:0.001000s ]
INFO: [ app_end ] --START--
INFO: Run Behavior\ShowPageTraceBehavior [ RunTime:0.001000s ]
INFO: [ app_end ] --END-- [ RunTime:0.001000s ]

[ 2015-04-04T22:29:34+08:00 ] 127.0.0.1 /AppServer/Admin/System/Notice/page/1
INFO: [ app_init ] --START--
INFO: Run Behavior\BuildLiteBehavior [ RunTime:0.000000s ]
INFO: [ app_init ] --END-- [ RunTime:0.001000s ]

[ 2015-04-04T22:29:37+08:00 ] 127.0.0.1 /AppServer/Admin/System/massDelete
INFO: [ app_init ] --START--
INFO: Run Behavior\BuildLiteBehavior [ RunTime:0.000000s ]
INFO: [ app_init ] --END-- [ RunTime:0.000000s ]
INFO: [ app_begin ] --START--
INFO: Run Behavior\ReadHtmlCacheBehavior [ RunTime:0.000000s ]
INFO: [ app_begin ] --END-- [ RunTime:0.000000s ]
INFO: [ app_end ] --START--
INFO: Run Behavior\ShowPageTraceBehavior [ RunTime:0.000000s ]
INFO: [ app_end ] --END-- [ RunTime:0.000000s ]

